Mon 21 Oct 2024 16:22:46 INFO  ['run.py']
Mon 21 Oct 2024 16:22:46 INFO  
General Hyper Parameters:
gpu_id = 0
use_gpu = True
seed = 2020
state = INFO
reproducibility = True
data_path = /Users/a58/miniconda3/envs/recbole/lib/python3.8/site-packages/recbole/config/../dataset_example/ml-100k
checkpoint_dir = saved
show_progress = True
save_dataset = False
dataset_save_path = None
save_dataloaders = False
dataloaders_save_path = None
log_wandb = False

Training Hyper Parameters:
epochs = 500
train_batch_size = 4096
learner = adam
learning_rate = 0.001
train_neg_sample_args = {'distribution': 'none', 'sample_num': 'none', 'alpha': 'none', 'dynamic': False, 'candidate_num': 0}
eval_step = 1
stopping_step = 10
clip_grad_norm = None
weight_decay = 0.0
loss_decimal_place = 4

Evaluation Hyper Parameters:
eval_args = {'split': {'LS': 'valid_and_test'}, 'order': 'TO', 'group_by': 'user', 'mode': {'valid': 'full', 'test': 'full'}}
repeatable = True
metrics = ['Recall', 'MRR', 'NDCG', 'Hit', 'Precision']
topk = [10]
valid_metric = MRR@10
valid_metric_bigger = True
eval_batch_size = 4096
metric_decimal_place = 4

Dataset Hyper Parameters:
field_separator = 	
seq_separator =  
USER_ID_FIELD = user_id
ITEM_ID_FIELD = item_id
RATING_FIELD = rating
TIME_FIELD = timestamp
seq_len = None
LABEL_FIELD = label
threshold = None
NEG_PREFIX = neg_
load_col = {'inter': ['user_id', 'item_id', 'timestamp']}
unload_col = None
unused_col = None
additional_feat_suffix = None
rm_dup_inter = None
val_interval = None
filter_inter_by_user_or_item = True
user_inter_num_interval = None
item_inter_num_interval = None
alias_of_user_id = None
alias_of_item_id = None
alias_of_entity_id = None
alias_of_relation_id = None
preload_weight = None
normalize_field = None
normalize_all = True
ITEM_LIST_LENGTH_FIELD = item_length
LIST_SUFFIX = _list
MAX_ITEM_LIST_LENGTH = 50
POSITION_FIELD = position_id
HEAD_ENTITY_ID_FIELD = head_id
TAIL_ENTITY_ID_FIELD = tail_id
RELATION_ID_FIELD = relation_id
ENTITY_ID_FIELD = entity_id
kg_reverse_r = False
entity_kg_num_interval = None
relation_kg_num_interval = None
benchmark_filename = None

Other Hyper Parameters: 
worker = 0
wandb_project = recbole
shuffle = True
require_pow = False
enable_amp = False
enable_scaler = False
transform = None
embedding_size = 64
hidden_size = 128
num_layers = 1
dropout_prob = 0.3
loss_type = CE
numerical_features = []
discretization = None
MODEL_TYPE = ModelType.SEQUENTIAL
MODEL_INPUT_TYPE = InputType.POINTWISE
eval_type = EvaluatorType.RANKING
single_spec = True
local_rank = 0
device = cpu
valid_neg_sample_args = {'distribution': 'uniform', 'sample_num': 'none'}
test_neg_sample_args = {'distribution': 'uniform', 'sample_num': 'none'}


Mon 21 Oct 2024 16:22:46 INFO  ml-100k
The number of users: 944
Average actions of users: 106.04453870625663
The number of items: 1683
Average actions of items: 59.45303210463734
The number of inters: 100000
The sparsity of the dataset: 93.70575143257098%
Remain Fields: ['user_id', 'item_id', 'timestamp']
Mon 21 Oct 2024 16:22:47 INFO  [Training]: train_batch_size = [4096] train_neg_sample_args: [{'distribution': 'none', 'sample_num': 'none', 'alpha': 'none', 'dynamic': False, 'candidate_num': 0}]
Mon 21 Oct 2024 16:22:47 INFO  [Evaluation]: eval_batch_size = [4096] eval_args: [{'split': {'LS': 'valid_and_test'}, 'order': 'TO', 'group_by': 'user', 'mode': {'valid': 'full', 'test': 'full'}}]
Mon 21 Oct 2024 16:22:47 INFO  GRU4Rec(
  (item_embedding): Embedding(1683, 64, padding_idx=0)
  (emb_dropout): Dropout(p=0.3, inplace=False)
  (gru_layers): GRU(64, 128, bias=False, batch_first=True)
  (dense): Linear(in_features=128, out_features=64, bias=True)
  (loss_fct): CrossEntropyLoss()
)
Trainable parameters: 189696
Mon 21 Oct 2024 16:22:47 INFO  FLOPs: 4144064.0
Mon 21 Oct 2024 16:23:10 INFO  epoch 0 training [time: 23.28s, train loss: 176.3955]
Mon 21 Oct 2024 16:23:10 INFO  epoch 0 evaluating [time: 0.07s, valid_score: 0.007300]
Mon 21 Oct 2024 16:23:10 INFO  valid result: 
recall@10 : 0.0286    mrr@10 : 0.0073    ndcg@10 : 0.0122    hit@10 : 0.0286    precision@10 : 0.0029
Mon 21 Oct 2024 16:23:10 INFO  Saving current: saved/GRU4Rec-Oct-21-2024_16-22-47.pth
Mon 21 Oct 2024 16:23:31 INFO  epoch 1 training [time: 20.86s, train loss: 163.0352]
Mon 21 Oct 2024 16:23:31 INFO  epoch 1 evaluating [time: 0.05s, valid_score: 0.010500]
Mon 21 Oct 2024 16:23:31 INFO  valid result: 
recall@10 : 0.0297    mrr@10 : 0.0105    ndcg@10 : 0.0149    hit@10 : 0.0297    precision@10 : 0.003
Mon 21 Oct 2024 16:23:31 INFO  Saving current: saved/GRU4Rec-Oct-21-2024_16-22-47.pth
Mon 21 Oct 2024 16:23:52 INFO  epoch 2 training [time: 20.85s, train loss: 160.5951]
Mon 21 Oct 2024 16:23:52 INFO  epoch 2 evaluating [time: 0.05s, valid_score: 0.010100]
Mon 21 Oct 2024 16:23:52 INFO  valid result: 
recall@10 : 0.0286    mrr@10 : 0.0101    ndcg@10 : 0.0143    hit@10 : 0.0286    precision@10 : 0.0029
Mon 21 Oct 2024 16:24:14 INFO  epoch 3 training [time: 21.28s, train loss: 160.1023]
Mon 21 Oct 2024 16:24:14 INFO  epoch 3 evaluating [time: 0.06s, valid_score: 0.011100]
Mon 21 Oct 2024 16:24:14 INFO  valid result: 
recall@10 : 0.0361    mrr@10 : 0.0111    ndcg@10 : 0.0168    hit@10 : 0.0361    precision@10 : 0.0036
Mon 21 Oct 2024 16:24:14 INFO  Saving current: saved/GRU4Rec-Oct-21-2024_16-22-47.pth
Mon 21 Oct 2024 16:24:37 INFO  epoch 4 training [time: 23.54s, train loss: 159.8374]
Mon 21 Oct 2024 16:24:37 INFO  epoch 4 evaluating [time: 0.06s, valid_score: 0.010100]
Mon 21 Oct 2024 16:24:37 INFO  valid result: 
recall@10 : 0.0276    mrr@10 : 0.0101    ndcg@10 : 0.0141    hit@10 : 0.0276    precision@10 : 0.0028
Mon 21 Oct 2024 16:25:00 INFO  epoch 5 training [time: 22.47s, train loss: 159.5686]
Mon 21 Oct 2024 16:25:00 INFO  epoch 5 evaluating [time: 0.05s, valid_score: 0.009600]
Mon 21 Oct 2024 16:25:00 INFO  valid result: 
recall@10 : 0.0308    mrr@10 : 0.0096    ndcg@10 : 0.0145    hit@10 : 0.0308    precision@10 : 0.0031
Mon 21 Oct 2024 16:25:21 INFO  epoch 6 training [time: 21.07s, train loss: 159.0175]
Mon 21 Oct 2024 16:25:21 INFO  epoch 6 evaluating [time: 0.06s, valid_score: 0.011700]
Mon 21 Oct 2024 16:25:21 INFO  valid result: 
recall@10 : 0.0339    mrr@10 : 0.0117    ndcg@10 : 0.0169    hit@10 : 0.0339    precision@10 : 0.0034
Mon 21 Oct 2024 16:25:21 INFO  Saving current: saved/GRU4Rec-Oct-21-2024_16-22-47.pth
Mon 21 Oct 2024 16:25:43 INFO  epoch 7 training [time: 22.07s, train loss: 156.7833]
Mon 21 Oct 2024 16:25:43 INFO  epoch 7 evaluating [time: 0.05s, valid_score: 0.021900]
Mon 21 Oct 2024 16:25:43 INFO  valid result: 
recall@10 : 0.0657    mrr@10 : 0.0219    ndcg@10 : 0.032    hit@10 : 0.0657    precision@10 : 0.0066
Mon 21 Oct 2024 16:25:43 INFO  Saving current: saved/GRU4Rec-Oct-21-2024_16-22-47.pth
Mon 21 Oct 2024 16:26:07 INFO  epoch 8 training [time: 23.50s, train loss: 153.1204]
Mon 21 Oct 2024 16:26:07 INFO  epoch 8 evaluating [time: 0.06s, valid_score: 0.022700]
Mon 21 Oct 2024 16:26:07 INFO  valid result: 
recall@10 : 0.0668    mrr@10 : 0.0227    ndcg@10 : 0.0328    hit@10 : 0.0668    precision@10 : 0.0067
Mon 21 Oct 2024 16:26:07 INFO  Saving current: saved/GRU4Rec-Oct-21-2024_16-22-47.pth
Mon 21 Oct 2024 16:26:28 INFO  epoch 9 training [time: 21.81s, train loss: 149.9181]
Mon 21 Oct 2024 16:26:28 INFO  epoch 9 evaluating [time: 0.05s, valid_score: 0.028900]
Mon 21 Oct 2024 16:26:28 INFO  valid result: 
recall@10 : 0.0795    mrr@10 : 0.0289    ndcg@10 : 0.0406    hit@10 : 0.0795    precision@10 : 0.008
Mon 21 Oct 2024 16:26:28 INFO  Saving current: saved/GRU4Rec-Oct-21-2024_16-22-47.pth
Mon 21 Oct 2024 16:26:50 INFO  epoch 10 training [time: 21.87s, train loss: 147.9597]
Mon 21 Oct 2024 16:26:50 INFO  epoch 10 evaluating [time: 0.05s, valid_score: 0.029800]
Mon 21 Oct 2024 16:26:50 INFO  valid result: 
recall@10 : 0.0785    mrr@10 : 0.0298    ndcg@10 : 0.041    hit@10 : 0.0785    precision@10 : 0.0078
Mon 21 Oct 2024 16:26:50 INFO  Saving current: saved/GRU4Rec-Oct-21-2024_16-22-47.pth
Mon 21 Oct 2024 16:27:12 INFO  epoch 11 training [time: 21.58s, train loss: 146.8223]
Mon 21 Oct 2024 16:27:12 INFO  epoch 11 evaluating [time: 0.06s, valid_score: 0.027600]
Mon 21 Oct 2024 16:27:12 INFO  valid result: 
recall@10 : 0.0912    mrr@10 : 0.0276    ndcg@10 : 0.0422    hit@10 : 0.0912    precision@10 : 0.0091
Mon 21 Oct 2024 16:27:33 INFO  epoch 12 training [time: 21.46s, train loss: 145.8753]
Mon 21 Oct 2024 16:27:34 INFO  epoch 12 evaluating [time: 0.06s, valid_score: 0.027600]
Mon 21 Oct 2024 16:27:34 INFO  valid result: 
recall@10 : 0.0933    mrr@10 : 0.0276    ndcg@10 : 0.0426    hit@10 : 0.0933    precision@10 : 0.0093
Mon 21 Oct 2024 16:27:55 INFO  epoch 13 training [time: 21.74s, train loss: 144.9266]
Mon 21 Oct 2024 16:27:55 INFO  epoch 13 evaluating [time: 0.05s, valid_score: 0.035000]
Mon 21 Oct 2024 16:27:55 INFO  valid result: 
recall@10 : 0.0997    mrr@10 : 0.035    ndcg@10 : 0.0501    hit@10 : 0.0997    precision@10 : 0.01
Mon 21 Oct 2024 16:27:55 INFO  Saving current: saved/GRU4Rec-Oct-21-2024_16-22-47.pth
Mon 21 Oct 2024 16:28:17 INFO  epoch 14 training [time: 21.54s, train loss: 143.9739]
Mon 21 Oct 2024 16:28:17 INFO  epoch 14 evaluating [time: 0.06s, valid_score: 0.027700]
Mon 21 Oct 2024 16:28:17 INFO  valid result: 
recall@10 : 0.0976    mrr@10 : 0.0277    ndcg@10 : 0.0438    hit@10 : 0.0976    precision@10 : 0.0098
Mon 21 Oct 2024 16:28:39 INFO  epoch 15 training [time: 21.61s, train loss: 143.1931]
Mon 21 Oct 2024 16:28:39 INFO  epoch 15 evaluating [time: 0.05s, valid_score: 0.033100]
Mon 21 Oct 2024 16:28:39 INFO  valid result: 
recall@10 : 0.1071    mrr@10 : 0.0331    ndcg@10 : 0.0503    hit@10 : 0.1071    precision@10 : 0.0107
Mon 21 Oct 2024 16:29:00 INFO  epoch 16 training [time: 21.77s, train loss: 142.4469]
Mon 21 Oct 2024 16:29:00 INFO  epoch 16 evaluating [time: 0.06s, valid_score: 0.037300]
Mon 21 Oct 2024 16:29:00 INFO  valid result: 
recall@10 : 0.1177    mrr@10 : 0.0373    ndcg@10 : 0.0557    hit@10 : 0.1177    precision@10 : 0.0118
Mon 21 Oct 2024 16:29:00 INFO  Saving current: saved/GRU4Rec-Oct-21-2024_16-22-47.pth
Mon 21 Oct 2024 16:29:23 INFO  epoch 17 training [time: 22.25s, train loss: 141.6923]
Mon 21 Oct 2024 16:29:23 INFO  epoch 17 evaluating [time: 0.06s, valid_score: 0.035000]
Mon 21 Oct 2024 16:29:23 INFO  valid result: 
recall@10 : 0.123    mrr@10 : 0.035    ndcg@10 : 0.0552    hit@10 : 0.123    precision@10 : 0.0123
Mon 21 Oct 2024 16:29:45 INFO  epoch 18 training [time: 21.87s, train loss: 140.8673]
Mon 21 Oct 2024 16:29:45 INFO  epoch 18 evaluating [time: 0.05s, valid_score: 0.037300]
Mon 21 Oct 2024 16:29:45 INFO  valid result: 
recall@10 : 0.1198    mrr@10 : 0.0373    ndcg@10 : 0.0563    hit@10 : 0.1198    precision@10 : 0.012
Mon 21 Oct 2024 16:29:45 INFO  Saving current: saved/GRU4Rec-Oct-21-2024_16-22-47.pth
Mon 21 Oct 2024 16:30:10 INFO  epoch 19 training [time: 24.84s, train loss: 140.1502]
Mon 21 Oct 2024 16:30:10 INFO  epoch 19 evaluating [time: 0.15s, valid_score: 0.039500]
Mon 21 Oct 2024 16:30:10 INFO  valid result: 
recall@10 : 0.1198    mrr@10 : 0.0395    ndcg@10 : 0.0579    hit@10 : 0.1198    precision@10 : 0.012
Mon 21 Oct 2024 16:30:10 INFO  Saving current: saved/GRU4Rec-Oct-21-2024_16-22-47.pth
Mon 21 Oct 2024 16:30:46 INFO  epoch 20 training [time: 36.45s, train loss: 139.5714]
Mon 21 Oct 2024 16:30:46 INFO  epoch 20 evaluating [time: 0.12s, valid_score: 0.037300]
Mon 21 Oct 2024 16:30:46 INFO  valid result: 
recall@10 : 0.1156    mrr@10 : 0.0373    ndcg@10 : 0.0552    hit@10 : 0.1156    precision@10 : 0.0116
Mon 21 Oct 2024 16:31:11 INFO  epoch 21 training [time: 24.36s, train loss: 139.1397]
Mon 21 Oct 2024 16:31:11 INFO  epoch 21 evaluating [time: 0.05s, valid_score: 0.040300]
Mon 21 Oct 2024 16:31:11 INFO  valid result: 
recall@10 : 0.1188    mrr@10 : 0.0403    ndcg@10 : 0.0583    hit@10 : 0.1188    precision@10 : 0.0119
Mon 21 Oct 2024 16:31:11 INFO  Saving current: saved/GRU4Rec-Oct-21-2024_16-22-47.pth
Mon 21 Oct 2024 16:31:35 INFO  epoch 22 training [time: 23.93s, train loss: 138.7997]
Mon 21 Oct 2024 16:31:35 INFO  epoch 22 evaluating [time: 0.05s, valid_score: 0.044600]
Mon 21 Oct 2024 16:31:35 INFO  valid result: 
recall@10 : 0.1251    mrr@10 : 0.0446    ndcg@10 : 0.0629    hit@10 : 0.1251    precision@10 : 0.0125
Mon 21 Oct 2024 16:31:35 INFO  Saving current: saved/GRU4Rec-Oct-21-2024_16-22-47.pth
Mon 21 Oct 2024 16:31:56 INFO  epoch 23 training [time: 21.39s, train loss: 138.4694]
Mon 21 Oct 2024 16:31:56 INFO  epoch 23 evaluating [time: 0.04s, valid_score: 0.035500]
Mon 21 Oct 2024 16:31:56 INFO  valid result: 
recall@10 : 0.1156    mrr@10 : 0.0355    ndcg@10 : 0.0539    hit@10 : 0.1156    precision@10 : 0.0116
Mon 21 Oct 2024 16:32:18 INFO  epoch 24 training [time: 22.33s, train loss: 138.1659]
Mon 21 Oct 2024 16:32:18 INFO  epoch 24 evaluating [time: 0.05s, valid_score: 0.042900]
Mon 21 Oct 2024 16:32:18 INFO  valid result: 
recall@10 : 0.1336    mrr@10 : 0.0429    ndcg@10 : 0.0637    hit@10 : 0.1336    precision@10 : 0.0134
Mon 21 Oct 2024 16:32:40 INFO  epoch 25 training [time: 21.17s, train loss: 137.9121]
Mon 21 Oct 2024 16:32:40 INFO  epoch 25 evaluating [time: 0.05s, valid_score: 0.044700]
Mon 21 Oct 2024 16:32:40 INFO  valid result: 
recall@10 : 0.1315    mrr@10 : 0.0447    ndcg@10 : 0.0644    hit@10 : 0.1315    precision@10 : 0.0131
Mon 21 Oct 2024 16:32:40 INFO  Saving current: saved/GRU4Rec-Oct-21-2024_16-22-47.pth
Mon 21 Oct 2024 16:33:02 INFO  epoch 26 training [time: 22.33s, train loss: 137.6283]
Mon 21 Oct 2024 16:33:02 INFO  epoch 26 evaluating [time: 0.05s, valid_score: 0.045800]
Mon 21 Oct 2024 16:33:02 INFO  valid result: 
recall@10 : 0.1368    mrr@10 : 0.0458    ndcg@10 : 0.0666    hit@10 : 0.1368    precision@10 : 0.0137
Mon 21 Oct 2024 16:33:02 INFO  Saving current: saved/GRU4Rec-Oct-21-2024_16-22-47.pth
Mon 21 Oct 2024 16:33:24 INFO  epoch 27 training [time: 22.40s, train loss: 137.2996]
Mon 21 Oct 2024 16:33:25 INFO  epoch 27 evaluating [time: 0.06s, valid_score: 0.043400]
Mon 21 Oct 2024 16:33:25 INFO  valid result: 
recall@10 : 0.1432    mrr@10 : 0.0434    ndcg@10 : 0.0663    hit@10 : 0.1432    precision@10 : 0.0143
Mon 21 Oct 2024 16:33:55 INFO  epoch 28 training [time: 29.98s, train loss: 137.0653]
Mon 21 Oct 2024 16:33:55 INFO  epoch 28 evaluating [time: 0.13s, valid_score: 0.050300]
Mon 21 Oct 2024 16:33:55 INFO  valid result: 
recall@10 : 0.1389    mrr@10 : 0.0503    ndcg@10 : 0.0704    hit@10 : 0.1389    precision@10 : 0.0139
Mon 21 Oct 2024 16:33:55 INFO  Saving current: saved/GRU4Rec-Oct-21-2024_16-22-47.pth
Mon 21 Oct 2024 16:34:35 INFO  epoch 29 training [time: 40.65s, train loss: 136.8349]
Mon 21 Oct 2024 16:34:35 INFO  epoch 29 evaluating [time: 0.14s, valid_score: 0.043300]
Mon 21 Oct 2024 16:34:35 INFO  valid result: 
recall@10 : 0.1368    mrr@10 : 0.0433    ndcg@10 : 0.0651    hit@10 : 0.1368    precision@10 : 0.0137
Mon 21 Oct 2024 16:35:16 INFO  epoch 30 training [time: 40.44s, train loss: 136.6148]
Mon 21 Oct 2024 16:35:16 INFO  epoch 30 evaluating [time: 0.14s, valid_score: 0.047000]
Mon 21 Oct 2024 16:35:16 INFO  valid result: 
recall@10 : 0.1326    mrr@10 : 0.047    ndcg@10 : 0.0668    hit@10 : 0.1326    precision@10 : 0.0133
Mon 21 Oct 2024 16:35:57 INFO  epoch 31 training [time: 40.59s, train loss: 136.3534]
Mon 21 Oct 2024 16:35:57 INFO  epoch 31 evaluating [time: 0.13s, valid_score: 0.050600]
Mon 21 Oct 2024 16:35:57 INFO  valid result: 
recall@10 : 0.1357    mrr@10 : 0.0506    ndcg@10 : 0.07    hit@10 : 0.1357    precision@10 : 0.0136
Mon 21 Oct 2024 16:35:57 INFO  Saving current: saved/GRU4Rec-Oct-21-2024_16-22-47.pth
Mon 21 Oct 2024 16:36:38 INFO  epoch 32 training [time: 41.70s, train loss: 136.1330]
Mon 21 Oct 2024 16:36:39 INFO  epoch 32 evaluating [time: 0.17s, valid_score: 0.049000]
Mon 21 Oct 2024 16:36:39 INFO  valid result: 
recall@10 : 0.1527    mrr@10 : 0.049    ndcg@10 : 0.0728    hit@10 : 0.1527    precision@10 : 0.0153
Mon 21 Oct 2024 16:37:21 INFO  epoch 33 training [time: 42.00s, train loss: 135.9601]
Mon 21 Oct 2024 16:37:21 INFO  epoch 33 evaluating [time: 0.13s, valid_score: 0.043400]
Mon 21 Oct 2024 16:37:21 INFO  valid result: 
recall@10 : 0.1326    mrr@10 : 0.0434    ndcg@10 : 0.064    hit@10 : 0.1326    precision@10 : 0.0133
Mon 21 Oct 2024 16:38:05 INFO  epoch 34 training [time: 43.91s, train loss: 135.7241]
Mon 21 Oct 2024 16:38:05 INFO  epoch 34 evaluating [time: 0.15s, valid_score: 0.042100]
Mon 21 Oct 2024 16:38:05 INFO  valid result: 
recall@10 : 0.14    mrr@10 : 0.0421    ndcg@10 : 0.0645    hit@10 : 0.14    precision@10 : 0.014
Mon 21 Oct 2024 16:38:32 INFO  epoch 35 training [time: 26.92s, train loss: 135.5564]
Mon 21 Oct 2024 16:38:32 INFO  epoch 35 evaluating [time: 0.05s, valid_score: 0.041200]
Mon 21 Oct 2024 16:38:32 INFO  valid result: 
recall@10 : 0.1368    mrr@10 : 0.0412    ndcg@10 : 0.0631    hit@10 : 0.1368    precision@10 : 0.0137
Mon 21 Oct 2024 16:38:53 INFO  epoch 36 training [time: 21.57s, train loss: 135.3374]
Mon 21 Oct 2024 16:38:53 INFO  epoch 36 evaluating [time: 0.05s, valid_score: 0.044400]
Mon 21 Oct 2024 16:38:53 INFO  valid result: 
recall@10 : 0.1294    mrr@10 : 0.0444    ndcg@10 : 0.064    hit@10 : 0.1294    precision@10 : 0.0129
Mon 21 Oct 2024 16:39:15 INFO  epoch 37 training [time: 21.55s, train loss: 135.1640]
Mon 21 Oct 2024 16:39:15 INFO  epoch 37 evaluating [time: 0.05s, valid_score: 0.042100]
Mon 21 Oct 2024 16:39:15 INFO  valid result: 
recall@10 : 0.14    mrr@10 : 0.0421    ndcg@10 : 0.0648    hit@10 : 0.14    precision@10 : 0.014
Mon 21 Oct 2024 16:39:37 INFO  epoch 38 training [time: 22.02s, train loss: 135.0431]
Mon 21 Oct 2024 16:39:37 INFO  epoch 38 evaluating [time: 0.05s, valid_score: 0.047400]
Mon 21 Oct 2024 16:39:37 INFO  valid result: 
recall@10 : 0.141    mrr@10 : 0.0474    ndcg@10 : 0.069    hit@10 : 0.141    precision@10 : 0.0141
Mon 21 Oct 2024 16:39:58 INFO  epoch 39 training [time: 21.24s, train loss: 134.8440]
Mon 21 Oct 2024 16:39:58 INFO  epoch 39 evaluating [time: 0.05s, valid_score: 0.040800]
Mon 21 Oct 2024 16:39:58 INFO  valid result: 
recall@10 : 0.1357    mrr@10 : 0.0408    ndcg@10 : 0.0626    hit@10 : 0.1357    precision@10 : 0.0136
Mon 21 Oct 2024 16:40:19 INFO  epoch 40 training [time: 20.99s, train loss: 134.6778]
Mon 21 Oct 2024 16:40:19 INFO  epoch 40 evaluating [time: 0.05s, valid_score: 0.041500]
Mon 21 Oct 2024 16:40:19 INFO  valid result: 
recall@10 : 0.1421    mrr@10 : 0.0415    ndcg@10 : 0.0647    hit@10 : 0.1421    precision@10 : 0.0142
Mon 21 Oct 2024 16:40:41 INFO  epoch 41 training [time: 22.03s, train loss: 134.5820]
Mon 21 Oct 2024 16:40:42 INFO  epoch 41 evaluating [time: 0.07s, valid_score: 0.045700]
Mon 21 Oct 2024 16:40:42 INFO  valid result: 
recall@10 : 0.1379    mrr@10 : 0.0457    ndcg@10 : 0.067    hit@10 : 0.1379    precision@10 : 0.0138
