Mon 21 Oct 2024 16:30:04 INFO  ['run.py']
Mon 21 Oct 2024 16:30:04 INFO  
General Hyper Parameters:
gpu_id = 0
use_gpu = True
seed = 2020
state = INFO
reproducibility = True
data_path = /Users/a58/miniconda3/envs/recbole/lib/python3.8/site-packages/recbole/config/../dataset_example/ml-100k
checkpoint_dir = saved
show_progress = True
save_dataset = False
dataset_save_path = None
save_dataloaders = False
dataloaders_save_path = None
log_wandb = False

Training Hyper Parameters:
epochs = 500
train_batch_size = 4096
learner = adam
learning_rate = 0.001
train_neg_sample_args = {'distribution': 'none', 'sample_num': 'none', 'alpha': 'none', 'dynamic': False, 'candidate_num': 0}
eval_step = 1
stopping_step = 10
clip_grad_norm = None
weight_decay = 0.0
loss_decimal_place = 4

Evaluation Hyper Parameters:
eval_args = {'split': {'RS': [0.8, 0.1, 0.1]}, 'order': 'RO', 'group_by': None, 'mode': {'valid': 'labeled', 'test': 'labeled'}}
repeatable = False
metrics = ['AUC', 'LogLoss']
topk = [10]
valid_metric = AUC
valid_metric_bigger = True
eval_batch_size = 4096
metric_decimal_place = 4

Dataset Hyper Parameters:
field_separator = 	
seq_separator =  
USER_ID_FIELD = user_id
ITEM_ID_FIELD = item_id
RATING_FIELD = rating
TIME_FIELD = timestamp
seq_len = None
LABEL_FIELD = label
threshold = {'rating': 4}
NEG_PREFIX = neg_
load_col = {'inter': ['user_id', 'item_id', 'rating', 'timestamp'], 'user': ['user_id', 'age', 'gender', 'occupation'], 'item': ['item_id', 'release_year', 'class']}
unload_col = None
unused_col = None
additional_feat_suffix = None
rm_dup_inter = None
val_interval = None
filter_inter_by_user_or_item = True
user_inter_num_interval = None
item_inter_num_interval = None
alias_of_user_id = None
alias_of_item_id = None
alias_of_entity_id = None
alias_of_relation_id = None
preload_weight = None
normalize_field = None
normalize_all = True
ITEM_LIST_LENGTH_FIELD = item_length
LIST_SUFFIX = _list
MAX_ITEM_LIST_LENGTH = 50
POSITION_FIELD = position_id
HEAD_ENTITY_ID_FIELD = head_id
TAIL_ENTITY_ID_FIELD = tail_id
RELATION_ID_FIELD = relation_id
ENTITY_ID_FIELD = entity_id
kg_reverse_r = False
entity_kg_num_interval = None
relation_kg_num_interval = None
benchmark_filename = None

Other Hyper Parameters: 
worker = 0
wandb_project = recbole
shuffle = True
require_pow = False
enable_amp = False
enable_scaler = False
transform = None
embedding_size = 10
numerical_features = []
discretization = None
MODEL_TYPE = ModelType.CONTEXT
MODEL_INPUT_TYPE = InputType.POINTWISE
eval_type = EvaluatorType.VALUE
single_spec = True
local_rank = 0
device = cpu
valid_neg_sample_args = {'distribution': 'none', 'sample_num': 'none'}
test_neg_sample_args = {'distribution': 'none', 'sample_num': 'none'}


Mon 21 Oct 2024 16:30:04 INFO  ml-100k
The number of users: 944
Average actions of users: 106.04453870625663
The number of items: 1683
Average actions of items: 59.45303210463734
The number of inters: 100000
The sparsity of the dataset: 93.70575143257098%
Remain Fields: ['user_id', 'item_id', 'timestamp', 'age', 'gender', 'occupation', 'release_year', 'class', 'label']
Mon 21 Oct 2024 16:30:05 INFO  [Training]: train_batch_size = [4096] train_neg_sample_args: [{'distribution': 'none', 'sample_num': 'none', 'alpha': 'none', 'dynamic': False, 'candidate_num': 0}]
Mon 21 Oct 2024 16:30:05 INFO  [Evaluation]: eval_batch_size = [4096] eval_args: [{'split': {'RS': [0.8, 0.1, 0.1]}, 'order': 'RO', 'group_by': None, 'mode': {'valid': 'labeled', 'test': 'labeled'}}]
Mon 21 Oct 2024 16:30:05 INFO  LR(
  (token_embedding_table): FMEmbedding(
    (embedding): Embedding(2788, 10)
  )
  (token_seq_embedding_table): ModuleList(
    (0): Embedding(20, 10)
  )
  (first_order_linear): FMFirstOrderLinear(
    (token_embedding_table): FMEmbedding(
      (embedding): Embedding(2788, 1)
    )
    (token_seq_embedding_table): ModuleList(
      (0): Embedding(20, 1)
    )
  )
  (sigmoid): Sigmoid()
  (loss): BCEWithLogitsLoss()
)
Trainable parameters: 30889
Mon 21 Oct 2024 16:30:05 INFO  FLOPs: 12.0
Mon 21 Oct 2024 16:30:05 INFO  epoch 0 training [time: 0.27s, train loss: 14.3207]
Mon 21 Oct 2024 16:30:05 INFO  epoch 0 evaluating [time: 0.02s, valid_score: 0.475400]
Mon 21 Oct 2024 16:30:05 INFO  valid result: 
auc : 0.4754    logloss : 0.709
Mon 21 Oct 2024 16:30:05 INFO  Saving current: saved/LR-Oct-21-2024_16-30-05.pth
Mon 21 Oct 2024 16:30:06 INFO  epoch 1 training [time: 0.21s, train loss: 14.0703]
Mon 21 Oct 2024 16:30:06 INFO  epoch 1 evaluating [time: 0.02s, valid_score: 0.499900]
Mon 21 Oct 2024 16:30:06 INFO  valid result: 
auc : 0.4999    logloss : 0.6989
Mon 21 Oct 2024 16:30:06 INFO  Saving current: saved/LR-Oct-21-2024_16-30-05.pth
Mon 21 Oct 2024 16:30:06 INFO  epoch 2 training [time: 0.19s, train loss: 13.8719]
Mon 21 Oct 2024 16:30:06 INFO  epoch 2 evaluating [time: 0.02s, valid_score: 0.528600]
Mon 21 Oct 2024 16:30:06 INFO  valid result: 
auc : 0.5286    logloss : 0.6907
Mon 21 Oct 2024 16:30:06 INFO  Saving current: saved/LR-Oct-21-2024_16-30-05.pth
Mon 21 Oct 2024 16:30:06 INFO  epoch 3 training [time: 0.20s, train loss: 13.7038]
Mon 21 Oct 2024 16:30:06 INFO  epoch 3 evaluating [time: 0.02s, valid_score: 0.559400]
Mon 21 Oct 2024 16:30:06 INFO  valid result: 
auc : 0.5594    logloss : 0.6833
Mon 21 Oct 2024 16:30:06 INFO  Saving current: saved/LR-Oct-21-2024_16-30-05.pth
Mon 21 Oct 2024 16:30:06 INFO  epoch 4 training [time: 0.19s, train loss: 13.5558]
Mon 21 Oct 2024 16:30:06 INFO  epoch 4 evaluating [time: 0.02s, valid_score: 0.589000]
Mon 21 Oct 2024 16:30:06 INFO  valid result: 
auc : 0.589    logloss : 0.6767
Mon 21 Oct 2024 16:30:06 INFO  Saving current: saved/LR-Oct-21-2024_16-30-05.pth
Mon 21 Oct 2024 16:30:06 INFO  epoch 5 training [time: 0.18s, train loss: 13.4221]
Mon 21 Oct 2024 16:30:06 INFO  epoch 5 evaluating [time: 0.02s, valid_score: 0.616200]
Mon 21 Oct 2024 16:30:06 INFO  valid result: 
auc : 0.6162    logloss : 0.6704
Mon 21 Oct 2024 16:30:06 INFO  Saving current: saved/LR-Oct-21-2024_16-30-05.pth
Mon 21 Oct 2024 16:30:07 INFO  epoch 6 training [time: 0.18s, train loss: 13.2943]
Mon 21 Oct 2024 16:30:07 INFO  epoch 6 evaluating [time: 0.02s, valid_score: 0.639700]
Mon 21 Oct 2024 16:30:07 INFO  valid result: 
auc : 0.6397    logloss : 0.6648
Mon 21 Oct 2024 16:30:07 INFO  Saving current: saved/LR-Oct-21-2024_16-30-05.pth
Mon 21 Oct 2024 16:30:07 INFO  epoch 7 training [time: 0.20s, train loss: 13.1806]
Mon 21 Oct 2024 16:30:07 INFO  epoch 7 evaluating [time: 0.02s, valid_score: 0.659200]
Mon 21 Oct 2024 16:30:07 INFO  valid result: 
auc : 0.6592    logloss : 0.6596
Mon 21 Oct 2024 16:30:07 INFO  Saving current: saved/LR-Oct-21-2024_16-30-05.pth
Mon 21 Oct 2024 16:30:07 INFO  epoch 8 training [time: 0.17s, train loss: 13.0737]
Mon 21 Oct 2024 16:30:07 INFO  epoch 8 evaluating [time: 0.02s, valid_score: 0.675300]
Mon 21 Oct 2024 16:30:07 INFO  valid result: 
auc : 0.6753    logloss : 0.6547
Mon 21 Oct 2024 16:30:07 INFO  Saving current: saved/LR-Oct-21-2024_16-30-05.pth
Mon 21 Oct 2024 16:30:07 INFO  epoch 9 training [time: 0.18s, train loss: 12.9777]
Mon 21 Oct 2024 16:30:07 INFO  epoch 9 evaluating [time: 0.02s, valid_score: 0.688000]
Mon 21 Oct 2024 16:30:07 INFO  valid result: 
auc : 0.688    logloss : 0.6503
Mon 21 Oct 2024 16:30:07 INFO  Saving current: saved/LR-Oct-21-2024_16-30-05.pth
Mon 21 Oct 2024 16:30:07 INFO  epoch 10 training [time: 0.20s, train loss: 12.8847]
Mon 21 Oct 2024 16:30:07 INFO  epoch 10 evaluating [time: 0.02s, valid_score: 0.698000]
Mon 21 Oct 2024 16:30:07 INFO  valid result: 
auc : 0.698    logloss : 0.6461
Mon 21 Oct 2024 16:30:07 INFO  Saving current: saved/LR-Oct-21-2024_16-30-05.pth
Mon 21 Oct 2024 16:30:08 INFO  epoch 11 training [time: 0.18s, train loss: 12.8012]
Mon 21 Oct 2024 16:30:08 INFO  epoch 11 evaluating [time: 0.02s, valid_score: 0.706100]
Mon 21 Oct 2024 16:30:08 INFO  valid result: 
auc : 0.7061    logloss : 0.6423
Mon 21 Oct 2024 16:30:08 INFO  Saving current: saved/LR-Oct-21-2024_16-30-05.pth
Mon 21 Oct 2024 16:30:08 INFO  epoch 12 training [time: 0.18s, train loss: 12.7251]
Mon 21 Oct 2024 16:30:08 INFO  epoch 12 evaluating [time: 0.02s, valid_score: 0.712700]
Mon 21 Oct 2024 16:30:08 INFO  valid result: 
auc : 0.7127    logloss : 0.6387
Mon 21 Oct 2024 16:30:08 INFO  Saving current: saved/LR-Oct-21-2024_16-30-05.pth
Mon 21 Oct 2024 16:30:08 INFO  epoch 13 training [time: 0.17s, train loss: 12.6498]
Mon 21 Oct 2024 16:30:08 INFO  epoch 13 evaluating [time: 0.03s, valid_score: 0.717900]
Mon 21 Oct 2024 16:30:08 INFO  valid result: 
auc : 0.7179    logloss : 0.6354
Mon 21 Oct 2024 16:30:08 INFO  Saving current: saved/LR-Oct-21-2024_16-30-05.pth
Mon 21 Oct 2024 16:30:08 INFO  epoch 14 training [time: 0.20s, train loss: 12.5784]
Mon 21 Oct 2024 16:30:08 INFO  epoch 14 evaluating [time: 0.01s, valid_score: 0.722400]
Mon 21 Oct 2024 16:30:08 INFO  valid result: 
auc : 0.7224    logloss : 0.6323
Mon 21 Oct 2024 16:30:08 INFO  Saving current: saved/LR-Oct-21-2024_16-30-05.pth
Mon 21 Oct 2024 16:30:09 INFO  epoch 15 training [time: 0.19s, train loss: 12.5157]
Mon 21 Oct 2024 16:30:09 INFO  epoch 15 evaluating [time: 0.02s, valid_score: 0.726200]
Mon 21 Oct 2024 16:30:09 INFO  valid result: 
auc : 0.7262    logloss : 0.6294
Mon 21 Oct 2024 16:30:09 INFO  Saving current: saved/LR-Oct-21-2024_16-30-05.pth
Mon 21 Oct 2024 16:30:09 INFO  epoch 16 training [time: 0.19s, train loss: 12.4545]
Mon 21 Oct 2024 16:30:09 INFO  epoch 16 evaluating [time: 0.02s, valid_score: 0.729300]
Mon 21 Oct 2024 16:30:09 INFO  valid result: 
auc : 0.7293    logloss : 0.6267
Mon 21 Oct 2024 16:30:09 INFO  Saving current: saved/LR-Oct-21-2024_16-30-05.pth
Mon 21 Oct 2024 16:30:09 INFO  epoch 17 training [time: 0.21s, train loss: 12.3947]
Mon 21 Oct 2024 16:30:09 INFO  epoch 17 evaluating [time: 0.02s, valid_score: 0.732100]
Mon 21 Oct 2024 16:30:09 INFO  valid result: 
auc : 0.7321    logloss : 0.6242
Mon 21 Oct 2024 16:30:09 INFO  Saving current: saved/LR-Oct-21-2024_16-30-05.pth
Mon 21 Oct 2024 16:30:09 INFO  epoch 18 training [time: 0.18s, train loss: 12.3449]
Mon 21 Oct 2024 16:30:09 INFO  epoch 18 evaluating [time: 0.02s, valid_score: 0.734500]
Mon 21 Oct 2024 16:30:09 INFO  valid result: 
auc : 0.7345    logloss : 0.6217
Mon 21 Oct 2024 16:30:09 INFO  Saving current: saved/LR-Oct-21-2024_16-30-05.pth
Mon 21 Oct 2024 16:30:09 INFO  epoch 19 training [time: 0.17s, train loss: 12.2930]
Mon 21 Oct 2024 16:30:09 INFO  epoch 19 evaluating [time: 0.02s, valid_score: 0.736700]
Mon 21 Oct 2024 16:30:09 INFO  valid result: 
auc : 0.7367    logloss : 0.6195
Mon 21 Oct 2024 16:30:09 INFO  Saving current: saved/LR-Oct-21-2024_16-30-05.pth
Mon 21 Oct 2024 16:30:10 INFO  epoch 20 training [time: 0.20s, train loss: 12.2478]
Mon 21 Oct 2024 16:30:10 INFO  epoch 20 evaluating [time: 0.02s, valid_score: 0.738600]
Mon 21 Oct 2024 16:30:10 INFO  valid result: 
auc : 0.7386    logloss : 0.6173
Mon 21 Oct 2024 16:30:10 INFO  Saving current: saved/LR-Oct-21-2024_16-30-05.pth
Mon 21 Oct 2024 16:30:10 INFO  epoch 21 training [time: 0.21s, train loss: 12.1987]
Mon 21 Oct 2024 16:30:10 INFO  epoch 21 evaluating [time: 0.02s, valid_score: 0.740200]
Mon 21 Oct 2024 16:30:10 INFO  valid result: 
auc : 0.7402    logloss : 0.6154
Mon 21 Oct 2024 16:30:10 INFO  Saving current: saved/LR-Oct-21-2024_16-30-05.pth
Mon 21 Oct 2024 16:30:10 INFO  epoch 22 training [time: 0.18s, train loss: 12.1545]
Mon 21 Oct 2024 16:30:10 INFO  epoch 22 evaluating [time: 0.02s, valid_score: 0.741900]
Mon 21 Oct 2024 16:30:10 INFO  valid result: 
auc : 0.7419    logloss : 0.6134
Mon 21 Oct 2024 16:30:10 INFO  Saving current: saved/LR-Oct-21-2024_16-30-05.pth
Mon 21 Oct 2024 16:30:10 INFO  epoch 23 training [time: 0.20s, train loss: 12.1190]
Mon 21 Oct 2024 16:30:10 INFO  epoch 23 evaluating [time: 0.02s, valid_score: 0.743300]
Mon 21 Oct 2024 16:30:10 INFO  valid result: 
auc : 0.7433    logloss : 0.6116
Mon 21 Oct 2024 16:30:10 INFO  Saving current: saved/LR-Oct-21-2024_16-30-05.pth
Mon 21 Oct 2024 16:30:10 INFO  epoch 24 training [time: 0.19s, train loss: 12.0763]
Mon 21 Oct 2024 16:30:10 INFO  epoch 24 evaluating [time: 0.02s, valid_score: 0.744600]
Mon 21 Oct 2024 16:30:10 INFO  valid result: 
auc : 0.7446    logloss : 0.6099
Mon 21 Oct 2024 16:30:10 INFO  Saving current: saved/LR-Oct-21-2024_16-30-05.pth
Mon 21 Oct 2024 16:30:11 INFO  epoch 25 training [time: 0.18s, train loss: 12.0365]
Mon 21 Oct 2024 16:30:11 INFO  epoch 25 evaluating [time: 0.02s, valid_score: 0.745800]
Mon 21 Oct 2024 16:30:11 INFO  valid result: 
auc : 0.7458    logloss : 0.6083
Mon 21 Oct 2024 16:30:11 INFO  Saving current: saved/LR-Oct-21-2024_16-30-05.pth
Mon 21 Oct 2024 16:30:11 INFO  epoch 26 training [time: 0.23s, train loss: 11.9996]
Mon 21 Oct 2024 16:30:11 INFO  epoch 26 evaluating [time: 0.02s, valid_score: 0.747000]
Mon 21 Oct 2024 16:30:11 INFO  valid result: 
auc : 0.747    logloss : 0.6067
Mon 21 Oct 2024 16:30:11 INFO  Saving current: saved/LR-Oct-21-2024_16-30-05.pth
Mon 21 Oct 2024 16:30:11 INFO  epoch 27 training [time: 0.18s, train loss: 11.9691]
Mon 21 Oct 2024 16:30:11 INFO  epoch 27 evaluating [time: 0.02s, valid_score: 0.748100]
Mon 21 Oct 2024 16:30:11 INFO  valid result: 
auc : 0.7481    logloss : 0.6053
Mon 21 Oct 2024 16:30:11 INFO  Saving current: saved/LR-Oct-21-2024_16-30-05.pth
Mon 21 Oct 2024 16:30:11 INFO  epoch 28 training [time: 0.19s, train loss: 11.9346]
Mon 21 Oct 2024 16:30:11 INFO  epoch 28 evaluating [time: 0.02s, valid_score: 0.749100]
Mon 21 Oct 2024 16:30:11 INFO  valid result: 
auc : 0.7491    logloss : 0.6038
Mon 21 Oct 2024 16:30:11 INFO  Saving current: saved/LR-Oct-21-2024_16-30-05.pth
Mon 21 Oct 2024 16:30:11 INFO  epoch 29 training [time: 0.18s, train loss: 11.9073]
Mon 21 Oct 2024 16:30:11 INFO  epoch 29 evaluating [time: 0.02s, valid_score: 0.750000]
Mon 21 Oct 2024 16:30:11 INFO  valid result: 
auc : 0.75    logloss : 0.6025
Mon 21 Oct 2024 16:30:11 INFO  Saving current: saved/LR-Oct-21-2024_16-30-05.pth
Mon 21 Oct 2024 16:30:12 INFO  epoch 30 training [time: 0.17s, train loss: 11.8747]
Mon 21 Oct 2024 16:30:12 INFO  epoch 30 evaluating [time: 0.02s, valid_score: 0.751000]
Mon 21 Oct 2024 16:30:12 INFO  valid result: 
auc : 0.751    logloss : 0.6012
Mon 21 Oct 2024 16:30:12 INFO  Saving current: saved/LR-Oct-21-2024_16-30-05.pth
Mon 21 Oct 2024 16:30:12 INFO  epoch 31 training [time: 0.21s, train loss: 11.8455]
Mon 21 Oct 2024 16:30:12 INFO  epoch 31 evaluating [time: 0.02s, valid_score: 0.751900]
Mon 21 Oct 2024 16:30:12 INFO  valid result: 
auc : 0.7519    logloss : 0.6
Mon 21 Oct 2024 16:30:12 INFO  Saving current: saved/LR-Oct-21-2024_16-30-05.pth
Mon 21 Oct 2024 16:30:12 INFO  epoch 32 training [time: 0.18s, train loss: 11.8201]
Mon 21 Oct 2024 16:30:12 INFO  epoch 32 evaluating [time: 0.02s, valid_score: 0.752700]
Mon 21 Oct 2024 16:30:12 INFO  valid result: 
auc : 0.7527    logloss : 0.5988
Mon 21 Oct 2024 16:30:12 INFO  Saving current: saved/LR-Oct-21-2024_16-30-05.pth
Mon 21 Oct 2024 16:30:12 INFO  epoch 33 training [time: 0.19s, train loss: 11.7896]
Mon 21 Oct 2024 16:30:12 INFO  epoch 33 evaluating [time: 0.02s, valid_score: 0.753500]
Mon 21 Oct 2024 16:30:12 INFO  valid result: 
auc : 0.7535    logloss : 0.5976
Mon 21 Oct 2024 16:30:12 INFO  Saving current: saved/LR-Oct-21-2024_16-30-05.pth
Mon 21 Oct 2024 16:30:12 INFO  epoch 34 training [time: 0.18s, train loss: 11.7641]
Mon 21 Oct 2024 16:30:13 INFO  epoch 34 evaluating [time: 0.02s, valid_score: 0.754200]
Mon 21 Oct 2024 16:30:13 INFO  valid result: 
auc : 0.7542    logloss : 0.5965
Mon 21 Oct 2024 16:30:13 INFO  Saving current: saved/LR-Oct-21-2024_16-30-05.pth
Mon 21 Oct 2024 16:30:13 INFO  epoch 35 training [time: 0.19s, train loss: 11.7403]
Mon 21 Oct 2024 16:30:13 INFO  epoch 35 evaluating [time: 0.02s, valid_score: 0.755000]
Mon 21 Oct 2024 16:30:13 INFO  valid result: 
auc : 0.755    logloss : 0.5955
Mon 21 Oct 2024 16:30:13 INFO  Saving current: saved/LR-Oct-21-2024_16-30-05.pth
Mon 21 Oct 2024 16:30:13 INFO  epoch 36 training [time: 0.19s, train loss: 11.7141]
Mon 21 Oct 2024 16:30:13 INFO  epoch 36 evaluating [time: 0.02s, valid_score: 0.755600]
Mon 21 Oct 2024 16:30:13 INFO  valid result: 
auc : 0.7556    logloss : 0.5945
Mon 21 Oct 2024 16:30:13 INFO  Saving current: saved/LR-Oct-21-2024_16-30-05.pth
Mon 21 Oct 2024 16:30:13 INFO  epoch 37 training [time: 0.17s, train loss: 11.6918]
Mon 21 Oct 2024 16:30:13 INFO  epoch 37 evaluating [time: 0.02s, valid_score: 0.756300]
Mon 21 Oct 2024 16:30:13 INFO  valid result: 
auc : 0.7563    logloss : 0.5935
Mon 21 Oct 2024 16:30:13 INFO  Saving current: saved/LR-Oct-21-2024_16-30-05.pth
Mon 21 Oct 2024 16:30:13 INFO  epoch 38 training [time: 0.19s, train loss: 11.6674]
Mon 21 Oct 2024 16:30:13 INFO  epoch 38 evaluating [time: 0.02s, valid_score: 0.757000]
Mon 21 Oct 2024 16:30:13 INFO  valid result: 
auc : 0.757    logloss : 0.5926
Mon 21 Oct 2024 16:30:13 INFO  Saving current: saved/LR-Oct-21-2024_16-30-05.pth
Mon 21 Oct 2024 16:30:14 INFO  epoch 39 training [time: 0.19s, train loss: 11.6457]
Mon 21 Oct 2024 16:30:14 INFO  epoch 39 evaluating [time: 0.02s, valid_score: 0.757500]
Mon 21 Oct 2024 16:30:14 INFO  valid result: 
auc : 0.7575    logloss : 0.5917
Mon 21 Oct 2024 16:30:14 INFO  Saving current: saved/LR-Oct-21-2024_16-30-05.pth
Mon 21 Oct 2024 16:30:14 INFO  epoch 40 training [time: 0.18s, train loss: 11.6212]
Mon 21 Oct 2024 16:30:14 INFO  epoch 40 evaluating [time: 0.02s, valid_score: 0.758200]
Mon 21 Oct 2024 16:30:14 INFO  valid result: 
auc : 0.7582    logloss : 0.5908
Mon 21 Oct 2024 16:30:14 INFO  Saving current: saved/LR-Oct-21-2024_16-30-05.pth
Mon 21 Oct 2024 16:30:14 INFO  epoch 41 training [time: 0.19s, train loss: 11.6008]
Mon 21 Oct 2024 16:30:14 INFO  epoch 41 evaluating [time: 0.02s, valid_score: 0.758700]
Mon 21 Oct 2024 16:30:14 INFO  valid result: 
auc : 0.7587    logloss : 0.5899
Mon 21 Oct 2024 16:30:14 INFO  Saving current: saved/LR-Oct-21-2024_16-30-05.pth
Mon 21 Oct 2024 16:30:14 INFO  epoch 42 training [time: 0.20s, train loss: 11.5832]
Mon 21 Oct 2024 16:30:14 INFO  epoch 42 evaluating [time: 0.02s, valid_score: 0.759200]
Mon 21 Oct 2024 16:30:14 INFO  valid result: 
auc : 0.7592    logloss : 0.5891
Mon 21 Oct 2024 16:30:14 INFO  Saving current: saved/LR-Oct-21-2024_16-30-05.pth
Mon 21 Oct 2024 16:30:14 INFO  epoch 43 training [time: 0.22s, train loss: 11.5633]
Mon 21 Oct 2024 16:30:14 INFO  epoch 43 evaluating [time: 0.02s, valid_score: 0.759700]
Mon 21 Oct 2024 16:30:14 INFO  valid result: 
auc : 0.7597    logloss : 0.5883
Mon 21 Oct 2024 16:30:14 INFO  Saving current: saved/LR-Oct-21-2024_16-30-05.pth
Mon 21 Oct 2024 16:30:15 INFO  epoch 44 training [time: 0.18s, train loss: 11.5444]
Mon 21 Oct 2024 16:30:15 INFO  epoch 44 evaluating [time: 0.02s, valid_score: 0.760200]
Mon 21 Oct 2024 16:30:15 INFO  valid result: 
auc : 0.7602    logloss : 0.5876
Mon 21 Oct 2024 16:30:15 INFO  Saving current: saved/LR-Oct-21-2024_16-30-05.pth
Mon 21 Oct 2024 16:30:15 INFO  epoch 45 training [time: 0.19s, train loss: 11.5242]
Mon 21 Oct 2024 16:30:15 INFO  epoch 45 evaluating [time: 0.02s, valid_score: 0.760700]
Mon 21 Oct 2024 16:30:15 INFO  valid result: 
auc : 0.7607    logloss : 0.5869
Mon 21 Oct 2024 16:30:15 INFO  Saving current: saved/LR-Oct-21-2024_16-30-05.pth
Mon 21 Oct 2024 16:30:15 INFO  epoch 46 training [time: 0.18s, train loss: 11.5103]
Mon 21 Oct 2024 16:30:15 INFO  epoch 46 evaluating [time: 0.02s, valid_score: 0.761200]
Mon 21 Oct 2024 16:30:15 INFO  valid result: 
auc : 0.7612    logloss : 0.5862
Mon 21 Oct 2024 16:30:15 INFO  Saving current: saved/LR-Oct-21-2024_16-30-05.pth
Mon 21 Oct 2024 16:30:15 INFO  epoch 47 training [time: 0.18s, train loss: 11.4934]
Mon 21 Oct 2024 16:30:15 INFO  epoch 47 evaluating [time: 0.02s, valid_score: 0.761600]
Mon 21 Oct 2024 16:30:15 INFO  valid result: 
auc : 0.7616    logloss : 0.5855
Mon 21 Oct 2024 16:30:15 INFO  Saving current: saved/LR-Oct-21-2024_16-30-05.pth
Mon 21 Oct 2024 16:30:15 INFO  epoch 48 training [time: 0.19s, train loss: 11.4751]
Mon 21 Oct 2024 16:30:15 INFO  epoch 48 evaluating [time: 0.02s, valid_score: 0.762000]
Mon 21 Oct 2024 16:30:15 INFO  valid result: 
auc : 0.762    logloss : 0.5848
Mon 21 Oct 2024 16:30:15 INFO  Saving current: saved/LR-Oct-21-2024_16-30-05.pth
Mon 21 Oct 2024 16:30:16 INFO  epoch 49 training [time: 0.22s, train loss: 11.4593]
Mon 21 Oct 2024 16:30:16 INFO  epoch 49 evaluating [time: 0.02s, valid_score: 0.762400]
Mon 21 Oct 2024 16:30:16 INFO  valid result: 
auc : 0.7624    logloss : 0.5842
Mon 21 Oct 2024 16:30:16 INFO  Saving current: saved/LR-Oct-21-2024_16-30-05.pth
Mon 21 Oct 2024 16:30:16 INFO  epoch 50 training [time: 0.18s, train loss: 11.4379]
Mon 21 Oct 2024 16:30:16 INFO  epoch 50 evaluating [time: 0.02s, valid_score: 0.762900]
Mon 21 Oct 2024 16:30:16 INFO  valid result: 
auc : 0.7629    logloss : 0.5835
Mon 21 Oct 2024 16:30:16 INFO  Saving current: saved/LR-Oct-21-2024_16-30-05.pth
Mon 21 Oct 2024 16:30:16 INFO  epoch 51 training [time: 0.18s, train loss: 11.4262]
Mon 21 Oct 2024 16:30:16 INFO  epoch 51 evaluating [time: 0.02s, valid_score: 0.763200]
Mon 21 Oct 2024 16:30:16 INFO  valid result: 
auc : 0.7632    logloss : 0.5829
Mon 21 Oct 2024 16:30:16 INFO  Saving current: saved/LR-Oct-21-2024_16-30-05.pth
Mon 21 Oct 2024 16:30:16 INFO  epoch 52 training [time: 0.20s, train loss: 11.4098]
Mon 21 Oct 2024 16:30:16 INFO  epoch 52 evaluating [time: 0.02s, valid_score: 0.763600]
Mon 21 Oct 2024 16:30:16 INFO  valid result: 
auc : 0.7636    logloss : 0.5824
Mon 21 Oct 2024 16:30:16 INFO  Saving current: saved/LR-Oct-21-2024_16-30-05.pth
Mon 21 Oct 2024 16:30:16 INFO  epoch 53 training [time: 0.18s, train loss: 11.3935]
Mon 21 Oct 2024 16:30:17 INFO  epoch 53 evaluating [time: 0.02s, valid_score: 0.763900]
Mon 21 Oct 2024 16:30:17 INFO  valid result: 
auc : 0.7639    logloss : 0.5818
Mon 21 Oct 2024 16:30:17 INFO  Saving current: saved/LR-Oct-21-2024_16-30-05.pth
Mon 21 Oct 2024 16:30:17 INFO  epoch 54 training [time: 0.18s, train loss: 11.3857]
Mon 21 Oct 2024 16:30:17 INFO  epoch 54 evaluating [time: 0.02s, valid_score: 0.764300]
Mon 21 Oct 2024 16:30:17 INFO  valid result: 
auc : 0.7643    logloss : 0.5813
Mon 21 Oct 2024 16:30:17 INFO  Saving current: saved/LR-Oct-21-2024_16-30-05.pth
Mon 21 Oct 2024 16:30:17 INFO  epoch 55 training [time: 0.18s, train loss: 11.3634]
Mon 21 Oct 2024 16:30:17 INFO  epoch 55 evaluating [time: 0.02s, valid_score: 0.764600]
Mon 21 Oct 2024 16:30:17 INFO  valid result: 
auc : 0.7646    logloss : 0.5807
Mon 21 Oct 2024 16:30:17 INFO  Saving current: saved/LR-Oct-21-2024_16-30-05.pth
Mon 21 Oct 2024 16:30:17 INFO  epoch 56 training [time: 0.20s, train loss: 11.3577]
Mon 21 Oct 2024 16:30:17 INFO  epoch 56 evaluating [time: 0.01s, valid_score: 0.765000]
Mon 21 Oct 2024 16:30:17 INFO  valid result: 
auc : 0.765    logloss : 0.5802
Mon 21 Oct 2024 16:30:17 INFO  Saving current: saved/LR-Oct-21-2024_16-30-05.pth
Mon 21 Oct 2024 16:30:17 INFO  epoch 57 training [time: 0.18s, train loss: 11.3421]
Mon 21 Oct 2024 16:30:17 INFO  epoch 57 evaluating [time: 0.02s, valid_score: 0.765200]
Mon 21 Oct 2024 16:30:17 INFO  valid result: 
auc : 0.7652    logloss : 0.5797
Mon 21 Oct 2024 16:30:17 INFO  Saving current: saved/LR-Oct-21-2024_16-30-05.pth
Mon 21 Oct 2024 16:30:18 INFO  epoch 58 training [time: 0.18s, train loss: 11.3265]
Mon 21 Oct 2024 16:30:18 INFO  epoch 58 evaluating [time: 0.02s, valid_score: 0.765500]
Mon 21 Oct 2024 16:30:18 INFO  valid result: 
auc : 0.7655    logloss : 0.5792
Mon 21 Oct 2024 16:30:18 INFO  Saving current: saved/LR-Oct-21-2024_16-30-05.pth
Mon 21 Oct 2024 16:30:18 INFO  epoch 59 training [time: 0.19s, train loss: 11.3168]
Mon 21 Oct 2024 16:30:18 INFO  epoch 59 evaluating [time: 0.02s, valid_score: 0.765800]
Mon 21 Oct 2024 16:30:18 INFO  valid result: 
auc : 0.7658    logloss : 0.5788
Mon 21 Oct 2024 16:30:18 INFO  Saving current: saved/LR-Oct-21-2024_16-30-05.pth
Mon 21 Oct 2024 16:30:18 INFO  epoch 60 training [time: 0.18s, train loss: 11.3044]
Mon 21 Oct 2024 16:30:18 INFO  epoch 60 evaluating [time: 0.02s, valid_score: 0.766100]
Mon 21 Oct 2024 16:30:18 INFO  valid result: 
auc : 0.7661    logloss : 0.5783
Mon 21 Oct 2024 16:30:18 INFO  Saving current: saved/LR-Oct-21-2024_16-30-05.pth
Mon 21 Oct 2024 16:30:18 INFO  epoch 61 training [time: 0.17s, train loss: 11.2945]
Mon 21 Oct 2024 16:30:18 INFO  epoch 61 evaluating [time: 0.02s, valid_score: 0.766300]
Mon 21 Oct 2024 16:30:18 INFO  valid result: 
auc : 0.7663    logloss : 0.5779
Mon 21 Oct 2024 16:30:18 INFO  Saving current: saved/LR-Oct-21-2024_16-30-05.pth
Mon 21 Oct 2024 16:30:18 INFO  epoch 62 training [time: 0.17s, train loss: 11.2779]
Mon 21 Oct 2024 16:30:18 INFO  epoch 62 evaluating [time: 0.02s, valid_score: 0.766700]
Mon 21 Oct 2024 16:30:18 INFO  valid result: 
auc : 0.7667    logloss : 0.5774
Mon 21 Oct 2024 16:30:18 INFO  Saving current: saved/LR-Oct-21-2024_16-30-05.pth
Mon 21 Oct 2024 16:30:19 INFO  epoch 63 training [time: 0.20s, train loss: 11.2715]
Mon 21 Oct 2024 16:30:19 INFO  epoch 63 evaluating [time: 0.02s, valid_score: 0.766900]
Mon 21 Oct 2024 16:30:19 INFO  valid result: 
auc : 0.7669    logloss : 0.577
Mon 21 Oct 2024 16:30:19 INFO  Saving current: saved/LR-Oct-21-2024_16-30-05.pth
Mon 21 Oct 2024 16:30:19 INFO  epoch 64 training [time: 0.18s, train loss: 11.2550]
Mon 21 Oct 2024 16:30:19 INFO  epoch 64 evaluating [time: 0.02s, valid_score: 0.767100]
Mon 21 Oct 2024 16:30:19 INFO  valid result: 
auc : 0.7671    logloss : 0.5766
Mon 21 Oct 2024 16:30:19 INFO  Saving current: saved/LR-Oct-21-2024_16-30-05.pth
Mon 21 Oct 2024 16:30:19 INFO  epoch 65 training [time: 0.18s, train loss: 11.2545]
Mon 21 Oct 2024 16:30:19 INFO  epoch 65 evaluating [time: 0.02s, valid_score: 0.767400]
Mon 21 Oct 2024 16:30:19 INFO  valid result: 
auc : 0.7674    logloss : 0.5762
Mon 21 Oct 2024 16:30:19 INFO  Saving current: saved/LR-Oct-21-2024_16-30-05.pth
Mon 21 Oct 2024 16:30:19 INFO  epoch 66 training [time: 0.19s, train loss: 11.2330]
Mon 21 Oct 2024 16:30:19 INFO  epoch 66 evaluating [time: 0.02s, valid_score: 0.767600]
Mon 21 Oct 2024 16:30:19 INFO  valid result: 
auc : 0.7676    logloss : 0.5759
Mon 21 Oct 2024 16:30:19 INFO  Saving current: saved/LR-Oct-21-2024_16-30-05.pth
Mon 21 Oct 2024 16:30:19 INFO  epoch 67 training [time: 0.21s, train loss: 11.2281]
Mon 21 Oct 2024 16:30:19 INFO  epoch 67 evaluating [time: 0.02s, valid_score: 0.767800]
Mon 21 Oct 2024 16:30:19 INFO  valid result: 
auc : 0.7678    logloss : 0.5755
Mon 21 Oct 2024 16:30:19 INFO  Saving current: saved/LR-Oct-21-2024_16-30-05.pth
Mon 21 Oct 2024 16:30:20 INFO  epoch 68 training [time: 0.19s, train loss: 11.2213]
Mon 21 Oct 2024 16:30:20 INFO  epoch 68 evaluating [time: 0.02s, valid_score: 0.768000]
Mon 21 Oct 2024 16:30:20 INFO  valid result: 
auc : 0.768    logloss : 0.5751
Mon 21 Oct 2024 16:30:20 INFO  Saving current: saved/LR-Oct-21-2024_16-30-05.pth
Mon 21 Oct 2024 16:30:20 INFO  epoch 69 training [time: 0.18s, train loss: 11.2092]
Mon 21 Oct 2024 16:30:20 INFO  epoch 69 evaluating [time: 0.02s, valid_score: 0.768200]
Mon 21 Oct 2024 16:30:20 INFO  valid result: 
auc : 0.7682    logloss : 0.5748
Mon 21 Oct 2024 16:30:20 INFO  Saving current: saved/LR-Oct-21-2024_16-30-05.pth
Mon 21 Oct 2024 16:30:20 INFO  epoch 70 training [time: 0.20s, train loss: 11.1992]
Mon 21 Oct 2024 16:30:20 INFO  epoch 70 evaluating [time: 0.02s, valid_score: 0.768400]
Mon 21 Oct 2024 16:30:20 INFO  valid result: 
auc : 0.7684    logloss : 0.5744
Mon 21 Oct 2024 16:30:20 INFO  Saving current: saved/LR-Oct-21-2024_16-30-05.pth
Mon 21 Oct 2024 16:30:20 INFO  epoch 71 training [time: 0.19s, train loss: 11.1918]
Mon 21 Oct 2024 16:30:20 INFO  epoch 71 evaluating [time: 0.02s, valid_score: 0.768600]
Mon 21 Oct 2024 16:30:20 INFO  valid result: 
auc : 0.7686    logloss : 0.5741
Mon 21 Oct 2024 16:30:20 INFO  Saving current: saved/LR-Oct-21-2024_16-30-05.pth
Mon 21 Oct 2024 16:30:20 INFO  epoch 72 training [time: 0.18s, train loss: 11.1773]
Mon 21 Oct 2024 16:30:20 INFO  epoch 72 evaluating [time: 0.02s, valid_score: 0.768800]
Mon 21 Oct 2024 16:30:20 INFO  valid result: 
auc : 0.7688    logloss : 0.5738
Mon 21 Oct 2024 16:30:20 INFO  Saving current: saved/LR-Oct-21-2024_16-30-05.pth
Mon 21 Oct 2024 16:30:21 INFO  epoch 73 training [time: 0.26s, train loss: 11.1678]
Mon 21 Oct 2024 16:30:21 INFO  epoch 73 evaluating [time: 0.02s, valid_score: 0.769000]
Mon 21 Oct 2024 16:30:21 INFO  valid result: 
auc : 0.769    logloss : 0.5735
Mon 21 Oct 2024 16:30:21 INFO  Saving current: saved/LR-Oct-21-2024_16-30-05.pth
Mon 21 Oct 2024 16:30:21 INFO  epoch 74 training [time: 0.18s, train loss: 11.1610]
Mon 21 Oct 2024 16:30:21 INFO  epoch 74 evaluating [time: 0.02s, valid_score: 0.769200]
Mon 21 Oct 2024 16:30:21 INFO  valid result: 
auc : 0.7692    logloss : 0.5732
Mon 21 Oct 2024 16:30:21 INFO  Saving current: saved/LR-Oct-21-2024_16-30-05.pth
Mon 21 Oct 2024 16:30:21 INFO  epoch 75 training [time: 0.18s, train loss: 11.1449]
Mon 21 Oct 2024 16:30:21 INFO  epoch 75 evaluating [time: 0.02s, valid_score: 0.769300]
Mon 21 Oct 2024 16:30:21 INFO  valid result: 
auc : 0.7693    logloss : 0.5729
Mon 21 Oct 2024 16:30:21 INFO  Saving current: saved/LR-Oct-21-2024_16-30-05.pth
Mon 21 Oct 2024 16:30:21 INFO  epoch 76 training [time: 0.18s, train loss: 11.1434]
Mon 21 Oct 2024 16:30:21 INFO  epoch 76 evaluating [time: 0.02s, valid_score: 0.769500]
Mon 21 Oct 2024 16:30:21 INFO  valid result: 
auc : 0.7695    logloss : 0.5726
Mon 21 Oct 2024 16:30:21 INFO  Saving current: saved/LR-Oct-21-2024_16-30-05.pth
Mon 21 Oct 2024 16:30:22 INFO  epoch 77 training [time: 0.19s, train loss: 11.1280]
Mon 21 Oct 2024 16:30:22 INFO  epoch 77 evaluating [time: 0.02s, valid_score: 0.769600]
Mon 21 Oct 2024 16:30:22 INFO  valid result: 
auc : 0.7696    logloss : 0.5724
Mon 21 Oct 2024 16:30:22 INFO  Saving current: saved/LR-Oct-21-2024_16-30-05.pth
Mon 21 Oct 2024 16:30:22 INFO  epoch 78 training [time: 0.19s, train loss: 11.1245]
Mon 21 Oct 2024 16:30:22 INFO  epoch 78 evaluating [time: 0.02s, valid_score: 0.769800]
Mon 21 Oct 2024 16:30:22 INFO  valid result: 
auc : 0.7698    logloss : 0.5721
Mon 21 Oct 2024 16:30:22 INFO  Saving current: saved/LR-Oct-21-2024_16-30-05.pth
Mon 21 Oct 2024 16:30:22 INFO  epoch 79 training [time: 0.18s, train loss: 11.1202]
Mon 21 Oct 2024 16:30:22 INFO  epoch 79 evaluating [time: 0.02s, valid_score: 0.769900]
Mon 21 Oct 2024 16:30:22 INFO  valid result: 
auc : 0.7699    logloss : 0.5718
Mon 21 Oct 2024 16:30:22 INFO  Saving current: saved/LR-Oct-21-2024_16-30-05.pth
Mon 21 Oct 2024 16:30:22 INFO  epoch 80 training [time: 0.19s, train loss: 11.1123]
Mon 21 Oct 2024 16:30:22 INFO  epoch 80 evaluating [time: 0.02s, valid_score: 0.770100]
Mon 21 Oct 2024 16:30:22 INFO  valid result: 
auc : 0.7701    logloss : 0.5716
Mon 21 Oct 2024 16:30:22 INFO  Saving current: saved/LR-Oct-21-2024_16-30-05.pth
Mon 21 Oct 2024 16:30:22 INFO  epoch 81 training [time: 0.19s, train loss: 11.1029]
Mon 21 Oct 2024 16:30:22 INFO  epoch 81 evaluating [time: 0.02s, valid_score: 0.770200]
Mon 21 Oct 2024 16:30:22 INFO  valid result: 
auc : 0.7702    logloss : 0.5713
Mon 21 Oct 2024 16:30:22 INFO  Saving current: saved/LR-Oct-21-2024_16-30-05.pth
Mon 21 Oct 2024 16:30:23 INFO  epoch 82 training [time: 0.18s, train loss: 11.0950]
Mon 21 Oct 2024 16:30:23 INFO  epoch 82 evaluating [time: 0.02s, valid_score: 0.770300]
Mon 21 Oct 2024 16:30:23 INFO  valid result: 
auc : 0.7703    logloss : 0.5711
Mon 21 Oct 2024 16:30:23 INFO  Saving current: saved/LR-Oct-21-2024_16-30-05.pth
Mon 21 Oct 2024 16:30:23 INFO  epoch 83 training [time: 0.18s, train loss: 11.0805]
Mon 21 Oct 2024 16:30:23 INFO  epoch 83 evaluating [time: 0.02s, valid_score: 0.770500]
Mon 21 Oct 2024 16:30:23 INFO  valid result: 
auc : 0.7705    logloss : 0.5709
Mon 21 Oct 2024 16:30:23 INFO  Saving current: saved/LR-Oct-21-2024_16-30-05.pth
Mon 21 Oct 2024 16:30:23 INFO  epoch 84 training [time: 0.18s, train loss: 11.0816]
Mon 21 Oct 2024 16:30:23 INFO  epoch 84 evaluating [time: 0.02s, valid_score: 0.770600]
Mon 21 Oct 2024 16:30:23 INFO  valid result: 
auc : 0.7706    logloss : 0.5707
Mon 21 Oct 2024 16:30:23 INFO  Saving current: saved/LR-Oct-21-2024_16-30-05.pth
Mon 21 Oct 2024 16:30:23 INFO  epoch 85 training [time: 0.21s, train loss: 11.0776]
Mon 21 Oct 2024 16:30:23 INFO  epoch 85 evaluating [time: 0.02s, valid_score: 0.770700]
Mon 21 Oct 2024 16:30:23 INFO  valid result: 
auc : 0.7707    logloss : 0.5704
Mon 21 Oct 2024 16:30:23 INFO  Saving current: saved/LR-Oct-21-2024_16-30-05.pth
Mon 21 Oct 2024 16:30:23 INFO  epoch 86 training [time: 0.18s, train loss: 11.0713]
Mon 21 Oct 2024 16:30:23 INFO  epoch 86 evaluating [time: 0.04s, valid_score: 0.770800]
Mon 21 Oct 2024 16:30:23 INFO  valid result: 
auc : 0.7708    logloss : 0.5703
Mon 21 Oct 2024 16:30:23 INFO  Saving current: saved/LR-Oct-21-2024_16-30-05.pth
Mon 21 Oct 2024 16:30:24 INFO  epoch 87 training [time: 0.20s, train loss: 11.0624]
Mon 21 Oct 2024 16:30:24 INFO  epoch 87 evaluating [time: 0.02s, valid_score: 0.770900]
Mon 21 Oct 2024 16:30:24 INFO  valid result: 
auc : 0.7709    logloss : 0.5701
Mon 21 Oct 2024 16:30:24 INFO  Saving current: saved/LR-Oct-21-2024_16-30-05.pth
Mon 21 Oct 2024 16:30:24 INFO  epoch 88 training [time: 0.21s, train loss: 11.0555]
Mon 21 Oct 2024 16:30:24 INFO  epoch 88 evaluating [time: 0.02s, valid_score: 0.771000]
Mon 21 Oct 2024 16:30:24 INFO  valid result: 
auc : 0.771    logloss : 0.5698
Mon 21 Oct 2024 16:30:24 INFO  Saving current: saved/LR-Oct-21-2024_16-30-05.pth
Mon 21 Oct 2024 16:30:24 INFO  epoch 89 training [time: 0.19s, train loss: 11.0492]
Mon 21 Oct 2024 16:30:24 INFO  epoch 89 evaluating [time: 0.02s, valid_score: 0.771100]
Mon 21 Oct 2024 16:30:24 INFO  valid result: 
auc : 0.7711    logloss : 0.5696
Mon 21 Oct 2024 16:30:24 INFO  Saving current: saved/LR-Oct-21-2024_16-30-05.pth
Mon 21 Oct 2024 16:30:24 INFO  epoch 90 training [time: 0.20s, train loss: 11.0404]
Mon 21 Oct 2024 16:30:24 INFO  epoch 90 evaluating [time: 0.02s, valid_score: 0.771200]
Mon 21 Oct 2024 16:30:24 INFO  valid result: 
auc : 0.7712    logloss : 0.5695
Mon 21 Oct 2024 16:30:24 INFO  Saving current: saved/LR-Oct-21-2024_16-30-05.pth
Mon 21 Oct 2024 16:30:24 INFO  epoch 91 training [time: 0.19s, train loss: 11.0348]
Mon 21 Oct 2024 16:30:25 INFO  epoch 91 evaluating [time: 0.02s, valid_score: 0.771300]
Mon 21 Oct 2024 16:30:25 INFO  valid result: 
auc : 0.7713    logloss : 0.5693
Mon 21 Oct 2024 16:30:25 INFO  Saving current: saved/LR-Oct-21-2024_16-30-05.pth
Mon 21 Oct 2024 16:30:25 INFO  epoch 92 training [time: 0.21s, train loss: 11.0264]
Mon 21 Oct 2024 16:30:25 INFO  epoch 92 evaluating [time: 0.01s, valid_score: 0.771400]
Mon 21 Oct 2024 16:30:25 INFO  valid result: 
auc : 0.7714    logloss : 0.5691
Mon 21 Oct 2024 16:30:25 INFO  Saving current: saved/LR-Oct-21-2024_16-30-05.pth
Mon 21 Oct 2024 16:30:25 INFO  epoch 93 training [time: 0.18s, train loss: 11.0300]
Mon 21 Oct 2024 16:30:25 INFO  epoch 93 evaluating [time: 0.02s, valid_score: 0.771600]
Mon 21 Oct 2024 16:30:25 INFO  valid result: 
auc : 0.7716    logloss : 0.5689
Mon 21 Oct 2024 16:30:25 INFO  Saving current: saved/LR-Oct-21-2024_16-30-05.pth
Mon 21 Oct 2024 16:30:25 INFO  epoch 94 training [time: 0.19s, train loss: 11.0209]
Mon 21 Oct 2024 16:30:25 INFO  epoch 94 evaluating [time: 0.02s, valid_score: 0.771600]
Mon 21 Oct 2024 16:30:25 INFO  valid result: 
auc : 0.7716    logloss : 0.5688
Mon 21 Oct 2024 16:30:25 INFO  Saving current: saved/LR-Oct-21-2024_16-30-05.pth
Mon 21 Oct 2024 16:30:25 INFO  epoch 95 training [time: 0.22s, train loss: 11.0154]
Mon 21 Oct 2024 16:30:25 INFO  epoch 95 evaluating [time: 0.02s, valid_score: 0.771700]
Mon 21 Oct 2024 16:30:25 INFO  valid result: 
auc : 0.7717    logloss : 0.5686
Mon 21 Oct 2024 16:30:25 INFO  Saving current: saved/LR-Oct-21-2024_16-30-05.pth
Mon 21 Oct 2024 16:30:26 INFO  epoch 96 training [time: 0.19s, train loss: 11.0081]
Mon 21 Oct 2024 16:30:26 INFO  epoch 96 evaluating [time: 0.02s, valid_score: 0.771800]
Mon 21 Oct 2024 16:30:26 INFO  valid result: 
auc : 0.7718    logloss : 0.5684
Mon 21 Oct 2024 16:30:26 INFO  Saving current: saved/LR-Oct-21-2024_16-30-05.pth
Mon 21 Oct 2024 16:30:26 INFO  epoch 97 training [time: 0.18s, train loss: 11.0069]
Mon 21 Oct 2024 16:30:26 INFO  epoch 97 evaluating [time: 0.02s, valid_score: 0.771900]
Mon 21 Oct 2024 16:30:26 INFO  valid result: 
auc : 0.7719    logloss : 0.5683
Mon 21 Oct 2024 16:30:26 INFO  Saving current: saved/LR-Oct-21-2024_16-30-05.pth
Mon 21 Oct 2024 16:30:26 INFO  epoch 98 training [time: 0.17s, train loss: 10.9975]
Mon 21 Oct 2024 16:30:26 INFO  epoch 98 evaluating [time: 0.02s, valid_score: 0.772000]
Mon 21 Oct 2024 16:30:26 INFO  valid result: 
auc : 0.772    logloss : 0.5681
Mon 21 Oct 2024 16:30:26 INFO  Saving current: saved/LR-Oct-21-2024_16-30-05.pth
Mon 21 Oct 2024 16:30:26 INFO  epoch 99 training [time: 0.19s, train loss: 10.9923]
Mon 21 Oct 2024 16:30:26 INFO  epoch 99 evaluating [time: 0.02s, valid_score: 0.772000]
Mon 21 Oct 2024 16:30:26 INFO  valid result: 
auc : 0.772    logloss : 0.568
Mon 21 Oct 2024 16:30:26 INFO  Saving current: saved/LR-Oct-21-2024_16-30-05.pth
Mon 21 Oct 2024 16:30:26 INFO  epoch 100 training [time: 0.18s, train loss: 10.9870]
Mon 21 Oct 2024 16:30:26 INFO  epoch 100 evaluating [time: 0.02s, valid_score: 0.772100]
Mon 21 Oct 2024 16:30:26 INFO  valid result: 
auc : 0.7721    logloss : 0.5679
Mon 21 Oct 2024 16:30:26 INFO  Saving current: saved/LR-Oct-21-2024_16-30-05.pth
Mon 21 Oct 2024 16:30:27 INFO  epoch 101 training [time: 0.19s, train loss: 10.9807]
Mon 21 Oct 2024 16:30:27 INFO  epoch 101 evaluating [time: 0.02s, valid_score: 0.772200]
Mon 21 Oct 2024 16:30:27 INFO  valid result: 
auc : 0.7722    logloss : 0.5677
Mon 21 Oct 2024 16:30:27 INFO  Saving current: saved/LR-Oct-21-2024_16-30-05.pth
Mon 21 Oct 2024 16:30:27 INFO  epoch 102 training [time: 0.20s, train loss: 10.9870]
Mon 21 Oct 2024 16:30:27 INFO  epoch 102 evaluating [time: 0.04s, valid_score: 0.772300]
Mon 21 Oct 2024 16:30:27 INFO  valid result: 
auc : 0.7723    logloss : 0.5676
Mon 21 Oct 2024 16:30:27 INFO  Saving current: saved/LR-Oct-21-2024_16-30-05.pth
Mon 21 Oct 2024 16:30:27 INFO  epoch 103 training [time: 0.17s, train loss: 10.9681]
Mon 21 Oct 2024 16:30:27 INFO  epoch 103 evaluating [time: 0.02s, valid_score: 0.772400]
Mon 21 Oct 2024 16:30:27 INFO  valid result: 
auc : 0.7724    logloss : 0.5674
Mon 21 Oct 2024 16:30:27 INFO  Saving current: saved/LR-Oct-21-2024_16-30-05.pth
Mon 21 Oct 2024 16:30:27 INFO  epoch 104 training [time: 0.17s, train loss: 10.9724]
Mon 21 Oct 2024 16:30:27 INFO  epoch 104 evaluating [time: 0.02s, valid_score: 0.772500]
Mon 21 Oct 2024 16:30:27 INFO  valid result: 
auc : 0.7725    logloss : 0.5673
Mon 21 Oct 2024 16:30:27 INFO  Saving current: saved/LR-Oct-21-2024_16-30-05.pth
Mon 21 Oct 2024 16:30:27 INFO  epoch 105 training [time: 0.17s, train loss: 10.9589]
Mon 21 Oct 2024 16:30:27 INFO  epoch 105 evaluating [time: 0.02s, valid_score: 0.772500]
Mon 21 Oct 2024 16:30:27 INFO  valid result: 
auc : 0.7725    logloss : 0.5672
Mon 21 Oct 2024 16:30:27 INFO  Saving current: saved/LR-Oct-21-2024_16-30-05.pth
Mon 21 Oct 2024 16:30:28 INFO  epoch 106 training [time: 0.24s, train loss: 10.9589]
Mon 21 Oct 2024 16:30:28 INFO  epoch 106 evaluating [time: 0.02s, valid_score: 0.772600]
Mon 21 Oct 2024 16:30:28 INFO  valid result: 
auc : 0.7726    logloss : 0.5671
Mon 21 Oct 2024 16:30:28 INFO  Saving current: saved/LR-Oct-21-2024_16-30-05.pth
Mon 21 Oct 2024 16:30:28 INFO  epoch 107 training [time: 0.19s, train loss: 10.9574]
Mon 21 Oct 2024 16:30:28 INFO  epoch 107 evaluating [time: 0.02s, valid_score: 0.772600]
Mon 21 Oct 2024 16:30:28 INFO  valid result: 
auc : 0.7726    logloss : 0.567
Mon 21 Oct 2024 16:30:28 INFO  Saving current: saved/LR-Oct-21-2024_16-30-05.pth
Mon 21 Oct 2024 16:30:28 INFO  epoch 108 training [time: 0.18s, train loss: 10.9546]
Mon 21 Oct 2024 16:30:28 INFO  epoch 108 evaluating [time: 0.02s, valid_score: 0.772700]
Mon 21 Oct 2024 16:30:28 INFO  valid result: 
auc : 0.7727    logloss : 0.5669
Mon 21 Oct 2024 16:30:28 INFO  Saving current: saved/LR-Oct-21-2024_16-30-05.pth
Mon 21 Oct 2024 16:30:28 INFO  epoch 109 training [time: 0.21s, train loss: 10.9506]
Mon 21 Oct 2024 16:30:28 INFO  epoch 109 evaluating [time: 0.02s, valid_score: 0.772700]
Mon 21 Oct 2024 16:30:28 INFO  valid result: 
auc : 0.7727    logloss : 0.5668
Mon 21 Oct 2024 16:30:28 INFO  Saving current: saved/LR-Oct-21-2024_16-30-05.pth
Mon 21 Oct 2024 16:30:29 INFO  epoch 110 training [time: 0.19s, train loss: 10.9386]
Mon 21 Oct 2024 16:30:29 INFO  epoch 110 evaluating [time: 0.02s, valid_score: 0.772800]
Mon 21 Oct 2024 16:30:29 INFO  valid result: 
auc : 0.7728    logloss : 0.5667
Mon 21 Oct 2024 16:30:29 INFO  Saving current: saved/LR-Oct-21-2024_16-30-05.pth
Mon 21 Oct 2024 16:30:29 INFO  epoch 111 training [time: 0.19s, train loss: 10.9357]
Mon 21 Oct 2024 16:30:29 INFO  epoch 111 evaluating [time: 0.02s, valid_score: 0.772800]
Mon 21 Oct 2024 16:30:29 INFO  valid result: 
auc : 0.7728    logloss : 0.5666
Mon 21 Oct 2024 16:30:29 INFO  Saving current: saved/LR-Oct-21-2024_16-30-05.pth
Mon 21 Oct 2024 16:30:29 INFO  epoch 112 training [time: 0.19s, train loss: 10.9374]
Mon 21 Oct 2024 16:30:29 INFO  epoch 112 evaluating [time: 0.02s, valid_score: 0.772900]
Mon 21 Oct 2024 16:30:29 INFO  valid result: 
auc : 0.7729    logloss : 0.5665
Mon 21 Oct 2024 16:30:29 INFO  Saving current: saved/LR-Oct-21-2024_16-30-05.pth
Mon 21 Oct 2024 16:30:29 INFO  epoch 113 training [time: 0.20s, train loss: 10.9332]
Mon 21 Oct 2024 16:30:29 INFO  epoch 113 evaluating [time: 0.02s, valid_score: 0.773000]
Mon 21 Oct 2024 16:30:29 INFO  valid result: 
auc : 0.773    logloss : 0.5664
Mon 21 Oct 2024 16:30:29 INFO  Saving current: saved/LR-Oct-21-2024_16-30-05.pth
Mon 21 Oct 2024 16:30:29 INFO  epoch 114 training [time: 0.18s, train loss: 10.9327]
Mon 21 Oct 2024 16:30:29 INFO  epoch 114 evaluating [time: 0.02s, valid_score: 0.773000]
Mon 21 Oct 2024 16:30:29 INFO  valid result: 
auc : 0.773    logloss : 0.5663
Mon 21 Oct 2024 16:30:29 INFO  Saving current: saved/LR-Oct-21-2024_16-30-05.pth
Mon 21 Oct 2024 16:30:30 INFO  epoch 115 training [time: 0.17s, train loss: 10.9209]
Mon 21 Oct 2024 16:30:30 INFO  epoch 115 evaluating [time: 0.02s, valid_score: 0.773100]
Mon 21 Oct 2024 16:30:30 INFO  valid result: 
auc : 0.7731    logloss : 0.5662
Mon 21 Oct 2024 16:30:30 INFO  Saving current: saved/LR-Oct-21-2024_16-30-05.pth
Mon 21 Oct 2024 16:30:30 INFO  epoch 116 training [time: 0.20s, train loss: 10.9153]
Mon 21 Oct 2024 16:30:30 INFO  epoch 116 evaluating [time: 0.02s, valid_score: 0.773100]
Mon 21 Oct 2024 16:30:30 INFO  valid result: 
auc : 0.7731    logloss : 0.5661
Mon 21 Oct 2024 16:30:30 INFO  Saving current: saved/LR-Oct-21-2024_16-30-05.pth
Mon 21 Oct 2024 16:30:30 INFO  epoch 117 training [time: 0.18s, train loss: 10.9165]
Mon 21 Oct 2024 16:30:30 INFO  epoch 117 evaluating [time: 0.02s, valid_score: 0.773200]
Mon 21 Oct 2024 16:30:30 INFO  valid result: 
auc : 0.7732    logloss : 0.566
Mon 21 Oct 2024 16:30:30 INFO  Saving current: saved/LR-Oct-21-2024_16-30-05.pth
Mon 21 Oct 2024 16:30:30 INFO  epoch 118 training [time: 0.18s, train loss: 10.9020]
Mon 21 Oct 2024 16:30:30 INFO  epoch 118 evaluating [time: 0.02s, valid_score: 0.773200]
Mon 21 Oct 2024 16:30:30 INFO  valid result: 
auc : 0.7732    logloss : 0.566
Mon 21 Oct 2024 16:30:30 INFO  Saving current: saved/LR-Oct-21-2024_16-30-05.pth
Mon 21 Oct 2024 16:30:30 INFO  epoch 119 training [time: 0.18s, train loss: 10.9172]
Mon 21 Oct 2024 16:30:30 INFO  epoch 119 evaluating [time: 0.02s, valid_score: 0.773300]
Mon 21 Oct 2024 16:30:30 INFO  valid result: 
auc : 0.7733    logloss : 0.5658
Mon 21 Oct 2024 16:30:30 INFO  Saving current: saved/LR-Oct-21-2024_16-30-05.pth
Mon 21 Oct 2024 16:30:31 INFO  epoch 120 training [time: 0.20s, train loss: 10.9055]
Mon 21 Oct 2024 16:30:31 INFO  epoch 120 evaluating [time: 0.02s, valid_score: 0.773400]
Mon 21 Oct 2024 16:30:31 INFO  valid result: 
auc : 0.7734    logloss : 0.5658
Mon 21 Oct 2024 16:30:31 INFO  Saving current: saved/LR-Oct-21-2024_16-30-05.pth
Mon 21 Oct 2024 16:30:31 INFO  epoch 121 training [time: 0.20s, train loss: 10.9034]
Mon 21 Oct 2024 16:30:31 INFO  epoch 121 evaluating [time: 0.02s, valid_score: 0.773400]
Mon 21 Oct 2024 16:30:31 INFO  valid result: 
auc : 0.7734    logloss : 0.5657
Mon 21 Oct 2024 16:30:31 INFO  Saving current: saved/LR-Oct-21-2024_16-30-05.pth
Mon 21 Oct 2024 16:30:31 INFO  epoch 122 training [time: 0.18s, train loss: 10.8961]
Mon 21 Oct 2024 16:30:31 INFO  epoch 122 evaluating [time: 0.02s, valid_score: 0.773400]
Mon 21 Oct 2024 16:30:31 INFO  valid result: 
auc : 0.7734    logloss : 0.5656
Mon 21 Oct 2024 16:30:31 INFO  Saving current: saved/LR-Oct-21-2024_16-30-05.pth
Mon 21 Oct 2024 16:30:31 INFO  epoch 123 training [time: 0.20s, train loss: 10.8947]
Mon 21 Oct 2024 16:30:31 INFO  epoch 123 evaluating [time: 0.02s, valid_score: 0.773500]
Mon 21 Oct 2024 16:30:31 INFO  valid result: 
auc : 0.7735    logloss : 0.5656
Mon 21 Oct 2024 16:30:31 INFO  Saving current: saved/LR-Oct-21-2024_16-30-05.pth
Mon 21 Oct 2024 16:30:31 INFO  epoch 124 training [time: 0.20s, train loss: 10.9058]
Mon 21 Oct 2024 16:30:31 INFO  epoch 124 evaluating [time: 0.02s, valid_score: 0.773500]
Mon 21 Oct 2024 16:30:31 INFO  valid result: 
auc : 0.7735    logloss : 0.5655
Mon 21 Oct 2024 16:30:31 INFO  Saving current: saved/LR-Oct-21-2024_16-30-05.pth
Mon 21 Oct 2024 16:30:32 INFO  epoch 125 training [time: 0.19s, train loss: 10.8889]
Mon 21 Oct 2024 16:30:32 INFO  epoch 125 evaluating [time: 0.02s, valid_score: 0.773500]
Mon 21 Oct 2024 16:30:32 INFO  valid result: 
auc : 0.7735    logloss : 0.5655
Mon 21 Oct 2024 16:30:32 INFO  Saving current: saved/LR-Oct-21-2024_16-30-05.pth
Mon 21 Oct 2024 16:30:32 INFO  epoch 126 training [time: 0.18s, train loss: 10.8867]
Mon 21 Oct 2024 16:30:32 INFO  epoch 126 evaluating [time: 0.02s, valid_score: 0.773600]
Mon 21 Oct 2024 16:30:32 INFO  valid result: 
auc : 0.7736    logloss : 0.5654
Mon 21 Oct 2024 16:30:32 INFO  Saving current: saved/LR-Oct-21-2024_16-30-05.pth
Mon 21 Oct 2024 16:30:32 INFO  epoch 127 training [time: 0.19s, train loss: 10.8841]
Mon 21 Oct 2024 16:30:32 INFO  epoch 127 evaluating [time: 0.02s, valid_score: 0.773600]
Mon 21 Oct 2024 16:30:32 INFO  valid result: 
auc : 0.7736    logloss : 0.5653
Mon 21 Oct 2024 16:30:32 INFO  Saving current: saved/LR-Oct-21-2024_16-30-05.pth
Mon 21 Oct 2024 16:30:32 INFO  epoch 128 training [time: 0.18s, train loss: 10.8747]
Mon 21 Oct 2024 16:30:32 INFO  epoch 128 evaluating [time: 0.02s, valid_score: 0.773700]
Mon 21 Oct 2024 16:30:32 INFO  valid result: 
auc : 0.7737    logloss : 0.5653
Mon 21 Oct 2024 16:30:32 INFO  Saving current: saved/LR-Oct-21-2024_16-30-05.pth
Mon 21 Oct 2024 16:30:32 INFO  epoch 129 training [time: 0.18s, train loss: 10.8773]
Mon 21 Oct 2024 16:30:32 INFO  epoch 129 evaluating [time: 0.02s, valid_score: 0.773700]
Mon 21 Oct 2024 16:30:32 INFO  valid result: 
auc : 0.7737    logloss : 0.5652
Mon 21 Oct 2024 16:30:32 INFO  Saving current: saved/LR-Oct-21-2024_16-30-05.pth
Mon 21 Oct 2024 16:30:33 INFO  epoch 130 training [time: 0.17s, train loss: 10.8716]
Mon 21 Oct 2024 16:30:33 INFO  epoch 130 evaluating [time: 0.02s, valid_score: 0.773700]
Mon 21 Oct 2024 16:30:33 INFO  valid result: 
auc : 0.7737    logloss : 0.5652
Mon 21 Oct 2024 16:30:33 INFO  Saving current: saved/LR-Oct-21-2024_16-30-05.pth
Mon 21 Oct 2024 16:30:33 INFO  epoch 131 training [time: 0.22s, train loss: 10.8657]
Mon 21 Oct 2024 16:30:33 INFO  epoch 131 evaluating [time: 0.02s, valid_score: 0.773800]
Mon 21 Oct 2024 16:30:33 INFO  valid result: 
auc : 0.7738    logloss : 0.5651
Mon 21 Oct 2024 16:30:33 INFO  Saving current: saved/LR-Oct-21-2024_16-30-05.pth
Mon 21 Oct 2024 16:30:33 INFO  epoch 132 training [time: 0.17s, train loss: 10.8721]
Mon 21 Oct 2024 16:30:33 INFO  epoch 132 evaluating [time: 0.02s, valid_score: 0.773800]
Mon 21 Oct 2024 16:30:33 INFO  valid result: 
auc : 0.7738    logloss : 0.5651
Mon 21 Oct 2024 16:30:33 INFO  Saving current: saved/LR-Oct-21-2024_16-30-05.pth
Mon 21 Oct 2024 16:30:33 INFO  epoch 133 training [time: 0.18s, train loss: 10.8626]
Mon 21 Oct 2024 16:30:33 INFO  epoch 133 evaluating [time: 0.02s, valid_score: 0.773900]
Mon 21 Oct 2024 16:30:33 INFO  valid result: 
auc : 0.7739    logloss : 0.565
Mon 21 Oct 2024 16:30:33 INFO  Saving current: saved/LR-Oct-21-2024_16-30-05.pth
Mon 21 Oct 2024 16:30:33 INFO  epoch 134 training [time: 0.18s, train loss: 10.8660]
Mon 21 Oct 2024 16:30:34 INFO  epoch 134 evaluating [time: 0.03s, valid_score: 0.773900]
Mon 21 Oct 2024 16:30:34 INFO  valid result: 
auc : 0.7739    logloss : 0.565
Mon 21 Oct 2024 16:30:34 INFO  Saving current: saved/LR-Oct-21-2024_16-30-05.pth
Mon 21 Oct 2024 16:30:34 INFO  epoch 135 training [time: 0.19s, train loss: 10.8571]
Mon 21 Oct 2024 16:30:34 INFO  epoch 135 evaluating [time: 0.01s, valid_score: 0.773900]
Mon 21 Oct 2024 16:30:34 INFO  valid result: 
auc : 0.7739    logloss : 0.5649
Mon 21 Oct 2024 16:30:34 INFO  Saving current: saved/LR-Oct-21-2024_16-30-05.pth
Mon 21 Oct 2024 16:30:34 INFO  epoch 136 training [time: 0.18s, train loss: 10.8566]
Mon 21 Oct 2024 16:30:34 INFO  epoch 136 evaluating [time: 0.02s, valid_score: 0.773900]
Mon 21 Oct 2024 16:30:34 INFO  valid result: 
auc : 0.7739    logloss : 0.5649
Mon 21 Oct 2024 16:30:34 INFO  Saving current: saved/LR-Oct-21-2024_16-30-05.pth
Mon 21 Oct 2024 16:30:34 INFO  epoch 137 training [time: 0.19s, train loss: 10.8454]
Mon 21 Oct 2024 16:30:34 INFO  epoch 137 evaluating [time: 0.02s, valid_score: 0.774000]
Mon 21 Oct 2024 16:30:34 INFO  valid result: 
auc : 0.774    logloss : 0.5648
Mon 21 Oct 2024 16:30:34 INFO  Saving current: saved/LR-Oct-21-2024_16-30-05.pth
Mon 21 Oct 2024 16:30:34 INFO  epoch 138 training [time: 0.20s, train loss: 10.8545]
Mon 21 Oct 2024 16:30:34 INFO  epoch 138 evaluating [time: 0.02s, valid_score: 0.774000]
Mon 21 Oct 2024 16:30:34 INFO  valid result: 
auc : 0.774    logloss : 0.5648
Mon 21 Oct 2024 16:30:34 INFO  Saving current: saved/LR-Oct-21-2024_16-30-05.pth
Mon 21 Oct 2024 16:30:35 INFO  epoch 139 training [time: 0.19s, train loss: 10.8533]
Mon 21 Oct 2024 16:30:35 INFO  epoch 139 evaluating [time: 0.02s, valid_score: 0.774000]
Mon 21 Oct 2024 16:30:35 INFO  valid result: 
auc : 0.774    logloss : 0.5648
Mon 21 Oct 2024 16:30:35 INFO  Saving current: saved/LR-Oct-21-2024_16-30-05.pth
Mon 21 Oct 2024 16:30:35 INFO  epoch 140 training [time: 0.18s, train loss: 10.8427]
Mon 21 Oct 2024 16:30:35 INFO  epoch 140 evaluating [time: 0.02s, valid_score: 0.774000]
Mon 21 Oct 2024 16:30:35 INFO  valid result: 
auc : 0.774    logloss : 0.5647
Mon 21 Oct 2024 16:30:35 INFO  Saving current: saved/LR-Oct-21-2024_16-30-05.pth
Mon 21 Oct 2024 16:30:35 INFO  epoch 141 training [time: 0.22s, train loss: 10.8509]
Mon 21 Oct 2024 16:30:35 INFO  epoch 141 evaluating [time: 0.02s, valid_score: 0.774100]
Mon 21 Oct 2024 16:30:35 INFO  valid result: 
auc : 0.7741    logloss : 0.5647
Mon 21 Oct 2024 16:30:35 INFO  Saving current: saved/LR-Oct-21-2024_16-30-05.pth
Mon 21 Oct 2024 16:30:35 INFO  epoch 142 training [time: 0.19s, train loss: 10.8415]
Mon 21 Oct 2024 16:30:35 INFO  epoch 142 evaluating [time: 0.02s, valid_score: 0.774100]
Mon 21 Oct 2024 16:30:35 INFO  valid result: 
auc : 0.7741    logloss : 0.5647
Mon 21 Oct 2024 16:30:35 INFO  Saving current: saved/LR-Oct-21-2024_16-30-05.pth
Mon 21 Oct 2024 16:30:35 INFO  epoch 143 training [time: 0.18s, train loss: 10.8438]
Mon 21 Oct 2024 16:30:35 INFO  epoch 143 evaluating [time: 0.02s, valid_score: 0.774100]
Mon 21 Oct 2024 16:30:35 INFO  valid result: 
auc : 0.7741    logloss : 0.5646
Mon 21 Oct 2024 16:30:35 INFO  Saving current: saved/LR-Oct-21-2024_16-30-05.pth
Mon 21 Oct 2024 16:30:36 INFO  epoch 144 training [time: 0.19s, train loss: 10.8381]
Mon 21 Oct 2024 16:30:36 INFO  epoch 144 evaluating [time: 0.02s, valid_score: 0.774100]
Mon 21 Oct 2024 16:30:36 INFO  valid result: 
auc : 0.7741    logloss : 0.5646
Mon 21 Oct 2024 16:30:36 INFO  Saving current: saved/LR-Oct-21-2024_16-30-05.pth
Mon 21 Oct 2024 16:30:36 INFO  epoch 145 training [time: 0.19s, train loss: 10.8398]
Mon 21 Oct 2024 16:30:36 INFO  epoch 145 evaluating [time: 0.02s, valid_score: 0.774100]
Mon 21 Oct 2024 16:30:36 INFO  valid result: 
auc : 0.7741    logloss : 0.5646
Mon 21 Oct 2024 16:30:36 INFO  Saving current: saved/LR-Oct-21-2024_16-30-05.pth
Mon 21 Oct 2024 16:30:36 INFO  epoch 146 training [time: 0.19s, train loss: 10.8377]
Mon 21 Oct 2024 16:30:36 INFO  epoch 146 evaluating [time: 0.02s, valid_score: 0.774100]
Mon 21 Oct 2024 16:30:36 INFO  valid result: 
auc : 0.7741    logloss : 0.5646
Mon 21 Oct 2024 16:30:36 INFO  Saving current: saved/LR-Oct-21-2024_16-30-05.pth
Mon 21 Oct 2024 16:30:36 INFO  epoch 147 training [time: 0.18s, train loss: 10.8277]
Mon 21 Oct 2024 16:30:36 INFO  epoch 147 evaluating [time: 0.02s, valid_score: 0.774200]
Mon 21 Oct 2024 16:30:36 INFO  valid result: 
auc : 0.7742    logloss : 0.5645
Mon 21 Oct 2024 16:30:36 INFO  Saving current: saved/LR-Oct-21-2024_16-30-05.pth
Mon 21 Oct 2024 16:30:36 INFO  epoch 148 training [time: 0.20s, train loss: 10.8278]
Mon 21 Oct 2024 16:30:36 INFO  epoch 148 evaluating [time: 0.02s, valid_score: 0.774200]
Mon 21 Oct 2024 16:30:36 INFO  valid result: 
auc : 0.7742    logloss : 0.5645
Mon 21 Oct 2024 16:30:36 INFO  Saving current: saved/LR-Oct-21-2024_16-30-05.pth
Mon 21 Oct 2024 16:30:37 INFO  epoch 149 training [time: 0.18s, train loss: 10.8355]
Mon 21 Oct 2024 16:30:37 INFO  epoch 149 evaluating [time: 0.02s, valid_score: 0.774200]
Mon 21 Oct 2024 16:30:37 INFO  valid result: 
auc : 0.7742    logloss : 0.5645
Mon 21 Oct 2024 16:30:37 INFO  Saving current: saved/LR-Oct-21-2024_16-30-05.pth
Mon 21 Oct 2024 16:30:37 INFO  epoch 150 training [time: 0.19s, train loss: 10.8195]
Mon 21 Oct 2024 16:30:37 INFO  epoch 150 evaluating [time: 0.02s, valid_score: 0.774300]
Mon 21 Oct 2024 16:30:37 INFO  valid result: 
auc : 0.7743    logloss : 0.5645
Mon 21 Oct 2024 16:30:37 INFO  Saving current: saved/LR-Oct-21-2024_16-30-05.pth
Mon 21 Oct 2024 16:30:37 INFO  epoch 151 training [time: 0.20s, train loss: 10.8286]
Mon 21 Oct 2024 16:30:37 INFO  epoch 151 evaluating [time: 0.02s, valid_score: 0.774300]
Mon 21 Oct 2024 16:30:37 INFO  valid result: 
auc : 0.7743    logloss : 0.5644
Mon 21 Oct 2024 16:30:37 INFO  Saving current: saved/LR-Oct-21-2024_16-30-05.pth
Mon 21 Oct 2024 16:30:37 INFO  epoch 152 training [time: 0.17s, train loss: 10.8286]
Mon 21 Oct 2024 16:30:37 INFO  epoch 152 evaluating [time: 0.02s, valid_score: 0.774300]
Mon 21 Oct 2024 16:30:37 INFO  valid result: 
auc : 0.7743    logloss : 0.5644
Mon 21 Oct 2024 16:30:37 INFO  Saving current: saved/LR-Oct-21-2024_16-30-05.pth
Mon 21 Oct 2024 16:30:37 INFO  epoch 153 training [time: 0.19s, train loss: 10.8156]
Mon 21 Oct 2024 16:30:37 INFO  epoch 153 evaluating [time: 0.02s, valid_score: 0.774300]
Mon 21 Oct 2024 16:30:37 INFO  valid result: 
auc : 0.7743    logloss : 0.5644
Mon 21 Oct 2024 16:30:37 INFO  Saving current: saved/LR-Oct-21-2024_16-30-05.pth
Mon 21 Oct 2024 16:30:38 INFO  epoch 154 training [time: 0.18s, train loss: 10.8150]
Mon 21 Oct 2024 16:30:38 INFO  epoch 154 evaluating [time: 0.02s, valid_score: 0.774300]
Mon 21 Oct 2024 16:30:38 INFO  valid result: 
auc : 0.7743    logloss : 0.5644
Mon 21 Oct 2024 16:30:38 INFO  Saving current: saved/LR-Oct-21-2024_16-30-05.pth
Mon 21 Oct 2024 16:30:38 INFO  epoch 155 training [time: 0.20s, train loss: 10.8129]
Mon 21 Oct 2024 16:30:38 INFO  epoch 155 evaluating [time: 0.02s, valid_score: 0.774300]
Mon 21 Oct 2024 16:30:38 INFO  valid result: 
auc : 0.7743    logloss : 0.5644
Mon 21 Oct 2024 16:30:38 INFO  Saving current: saved/LR-Oct-21-2024_16-30-05.pth
Mon 21 Oct 2024 16:30:38 INFO  epoch 156 training [time: 0.17s, train loss: 10.8167]
Mon 21 Oct 2024 16:30:38 INFO  epoch 156 evaluating [time: 0.02s, valid_score: 0.774400]
Mon 21 Oct 2024 16:30:38 INFO  valid result: 
auc : 0.7744    logloss : 0.5643
Mon 21 Oct 2024 16:30:38 INFO  Saving current: saved/LR-Oct-21-2024_16-30-05.pth
Mon 21 Oct 2024 16:30:38 INFO  epoch 157 training [time: 0.18s, train loss: 10.8207]
Mon 21 Oct 2024 16:30:38 INFO  epoch 157 evaluating [time: 0.02s, valid_score: 0.774400]
Mon 21 Oct 2024 16:30:38 INFO  valid result: 
auc : 0.7744    logloss : 0.5643
Mon 21 Oct 2024 16:30:38 INFO  Saving current: saved/LR-Oct-21-2024_16-30-05.pth
Mon 21 Oct 2024 16:30:39 INFO  epoch 158 training [time: 0.20s, train loss: 10.8118]
Mon 21 Oct 2024 16:30:39 INFO  epoch 158 evaluating [time: 0.02s, valid_score: 0.774400]
Mon 21 Oct 2024 16:30:39 INFO  valid result: 
auc : 0.7744    logloss : 0.5643
Mon 21 Oct 2024 16:30:39 INFO  Saving current: saved/LR-Oct-21-2024_16-30-05.pth
Mon 21 Oct 2024 16:30:39 INFO  epoch 159 training [time: 0.17s, train loss: 10.8027]
Mon 21 Oct 2024 16:30:39 INFO  epoch 159 evaluating [time: 0.02s, valid_score: 0.774400]
Mon 21 Oct 2024 16:30:39 INFO  valid result: 
auc : 0.7744    logloss : 0.5643
Mon 21 Oct 2024 16:30:39 INFO  Saving current: saved/LR-Oct-21-2024_16-30-05.pth
Mon 21 Oct 2024 16:30:39 INFO  epoch 160 training [time: 0.21s, train loss: 10.8098]
Mon 21 Oct 2024 16:30:39 INFO  epoch 160 evaluating [time: 0.02s, valid_score: 0.774400]
Mon 21 Oct 2024 16:30:39 INFO  valid result: 
auc : 0.7744    logloss : 0.5643
Mon 21 Oct 2024 16:30:39 INFO  Saving current: saved/LR-Oct-21-2024_16-30-05.pth
Mon 21 Oct 2024 16:30:39 INFO  epoch 161 training [time: 0.17s, train loss: 10.8074]
Mon 21 Oct 2024 16:30:39 INFO  epoch 161 evaluating [time: 0.02s, valid_score: 0.774400]
Mon 21 Oct 2024 16:30:39 INFO  valid result: 
auc : 0.7744    logloss : 0.5643
Mon 21 Oct 2024 16:30:39 INFO  Saving current: saved/LR-Oct-21-2024_16-30-05.pth
Mon 21 Oct 2024 16:30:39 INFO  epoch 162 training [time: 0.21s, train loss: 10.8092]
Mon 21 Oct 2024 16:30:39 INFO  epoch 162 evaluating [time: 0.02s, valid_score: 0.774400]
Mon 21 Oct 2024 16:30:39 INFO  valid result: 
auc : 0.7744    logloss : 0.5643
Mon 21 Oct 2024 16:30:39 INFO  Saving current: saved/LR-Oct-21-2024_16-30-05.pth
Mon 21 Oct 2024 16:30:40 INFO  epoch 163 training [time: 0.22s, train loss: 10.7964]
Mon 21 Oct 2024 16:30:40 INFO  epoch 163 evaluating [time: 0.02s, valid_score: 0.774400]
Mon 21 Oct 2024 16:30:40 INFO  valid result: 
auc : 0.7744    logloss : 0.5643
Mon 21 Oct 2024 16:30:40 INFO  Saving current: saved/LR-Oct-21-2024_16-30-05.pth
Mon 21 Oct 2024 16:30:40 INFO  epoch 164 training [time: 0.19s, train loss: 10.8031]
Mon 21 Oct 2024 16:30:40 INFO  epoch 164 evaluating [time: 0.02s, valid_score: 0.774500]
Mon 21 Oct 2024 16:30:40 INFO  valid result: 
auc : 0.7745    logloss : 0.5643
Mon 21 Oct 2024 16:30:40 INFO  Saving current: saved/LR-Oct-21-2024_16-30-05.pth
Mon 21 Oct 2024 16:30:40 INFO  epoch 165 training [time: 0.21s, train loss: 10.8005]
Mon 21 Oct 2024 16:30:40 INFO  epoch 165 evaluating [time: 0.02s, valid_score: 0.774500]
Mon 21 Oct 2024 16:30:40 INFO  valid result: 
auc : 0.7745    logloss : 0.5642
Mon 21 Oct 2024 16:30:40 INFO  Saving current: saved/LR-Oct-21-2024_16-30-05.pth
Mon 21 Oct 2024 16:30:40 INFO  epoch 166 training [time: 0.18s, train loss: 10.7988]
Mon 21 Oct 2024 16:30:40 INFO  epoch 166 evaluating [time: 0.02s, valid_score: 0.774500]
Mon 21 Oct 2024 16:30:40 INFO  valid result: 
auc : 0.7745    logloss : 0.5643
Mon 21 Oct 2024 16:30:40 INFO  Saving current: saved/LR-Oct-21-2024_16-30-05.pth
Mon 21 Oct 2024 16:30:40 INFO  epoch 167 training [time: 0.18s, train loss: 10.8000]
Mon 21 Oct 2024 16:30:40 INFO  epoch 167 evaluating [time: 0.02s, valid_score: 0.774500]
Mon 21 Oct 2024 16:30:40 INFO  valid result: 
auc : 0.7745    logloss : 0.5642
Mon 21 Oct 2024 16:30:40 INFO  Saving current: saved/LR-Oct-21-2024_16-30-05.pth
Mon 21 Oct 2024 16:30:41 INFO  epoch 168 training [time: 0.19s, train loss: 10.7951]
Mon 21 Oct 2024 16:30:41 INFO  epoch 168 evaluating [time: 0.07s, valid_score: 0.774500]
Mon 21 Oct 2024 16:30:41 INFO  valid result: 
auc : 0.7745    logloss : 0.5642
Mon 21 Oct 2024 16:30:41 INFO  Saving current: saved/LR-Oct-21-2024_16-30-05.pth
Mon 21 Oct 2024 16:30:41 INFO  epoch 169 training [time: 0.24s, train loss: 10.7915]
Mon 21 Oct 2024 16:30:41 INFO  epoch 169 evaluating [time: 0.03s, valid_score: 0.774500]
Mon 21 Oct 2024 16:30:41 INFO  valid result: 
auc : 0.7745    logloss : 0.5642
Mon 21 Oct 2024 16:30:41 INFO  Saving current: saved/LR-Oct-21-2024_16-30-05.pth
Mon 21 Oct 2024 16:30:41 INFO  epoch 170 training [time: 0.22s, train loss: 10.7912]
Mon 21 Oct 2024 16:30:41 INFO  epoch 170 evaluating [time: 0.01s, valid_score: 0.774500]
Mon 21 Oct 2024 16:30:41 INFO  valid result: 
auc : 0.7745    logloss : 0.5642
Mon 21 Oct 2024 16:30:41 INFO  Saving current: saved/LR-Oct-21-2024_16-30-05.pth
Mon 21 Oct 2024 16:30:41 INFO  epoch 171 training [time: 0.21s, train loss: 10.7899]
Mon 21 Oct 2024 16:30:41 INFO  epoch 171 evaluating [time: 0.02s, valid_score: 0.774500]
Mon 21 Oct 2024 16:30:41 INFO  valid result: 
auc : 0.7745    logloss : 0.5642
Mon 21 Oct 2024 16:30:41 INFO  Saving current: saved/LR-Oct-21-2024_16-30-05.pth
Mon 21 Oct 2024 16:30:42 INFO  epoch 172 training [time: 0.20s, train loss: 10.7949]
Mon 21 Oct 2024 16:30:42 INFO  epoch 172 evaluating [time: 0.02s, valid_score: 0.774500]
Mon 21 Oct 2024 16:30:42 INFO  valid result: 
auc : 0.7745    logloss : 0.5642
Mon 21 Oct 2024 16:30:42 INFO  Saving current: saved/LR-Oct-21-2024_16-30-05.pth
Mon 21 Oct 2024 16:30:42 INFO  epoch 173 training [time: 0.24s, train loss: 10.7879]
Mon 21 Oct 2024 16:30:42 INFO  epoch 173 evaluating [time: 0.02s, valid_score: 0.774600]
Mon 21 Oct 2024 16:30:42 INFO  valid result: 
auc : 0.7746    logloss : 0.5642
Mon 21 Oct 2024 16:30:42 INFO  Saving current: saved/LR-Oct-21-2024_16-30-05.pth
Mon 21 Oct 2024 16:30:42 INFO  epoch 174 training [time: 0.24s, train loss: 10.7911]
Mon 21 Oct 2024 16:30:42 INFO  epoch 174 evaluating [time: 0.03s, valid_score: 0.774500]
Mon 21 Oct 2024 16:30:42 INFO  valid result: 
auc : 0.7745    logloss : 0.5642
Mon 21 Oct 2024 16:30:42 INFO  epoch 175 training [time: 0.26s, train loss: 10.7831]
Mon 21 Oct 2024 16:30:42 INFO  epoch 175 evaluating [time: 0.03s, valid_score: 0.774500]
Mon 21 Oct 2024 16:30:42 INFO  valid result: 
auc : 0.7745    logloss : 0.5642
Mon 21 Oct 2024 16:30:43 INFO  epoch 176 training [time: 0.21s, train loss: 10.7741]
Mon 21 Oct 2024 16:30:43 INFO  epoch 176 evaluating [time: 0.02s, valid_score: 0.774500]
Mon 21 Oct 2024 16:30:43 INFO  valid result: 
auc : 0.7745    logloss : 0.5642
Mon 21 Oct 2024 16:30:43 INFO  epoch 177 training [time: 0.25s, train loss: 10.7860]
Mon 21 Oct 2024 16:30:43 INFO  epoch 177 evaluating [time: 0.02s, valid_score: 0.774600]
Mon 21 Oct 2024 16:30:43 INFO  valid result: 
auc : 0.7746    logloss : 0.5642
Mon 21 Oct 2024 16:30:43 INFO  Saving current: saved/LR-Oct-21-2024_16-30-05.pth
Mon 21 Oct 2024 16:30:43 INFO  epoch 178 training [time: 0.23s, train loss: 10.7766]
Mon 21 Oct 2024 16:30:43 INFO  epoch 178 evaluating [time: 0.02s, valid_score: 0.774600]
Mon 21 Oct 2024 16:30:43 INFO  valid result: 
auc : 0.7746    logloss : 0.5642
Mon 21 Oct 2024 16:30:43 INFO  Saving current: saved/LR-Oct-21-2024_16-30-05.pth
Mon 21 Oct 2024 16:30:43 INFO  epoch 179 training [time: 0.25s, train loss: 10.7897]
Mon 21 Oct 2024 16:30:44 INFO  epoch 179 evaluating [time: 0.03s, valid_score: 0.774600]
Mon 21 Oct 2024 16:30:44 INFO  valid result: 
auc : 0.7746    logloss : 0.5642
Mon 21 Oct 2024 16:30:44 INFO  Saving current: saved/LR-Oct-21-2024_16-30-05.pth
Mon 21 Oct 2024 16:30:44 INFO  epoch 180 training [time: 0.22s, train loss: 10.7690]
Mon 21 Oct 2024 16:30:44 INFO  epoch 180 evaluating [time: 0.03s, valid_score: 0.774600]
Mon 21 Oct 2024 16:30:44 INFO  valid result: 
auc : 0.7746    logloss : 0.5642
Mon 21 Oct 2024 16:30:44 INFO  Saving current: saved/LR-Oct-21-2024_16-30-05.pth
Mon 21 Oct 2024 16:30:44 INFO  epoch 181 training [time: 0.20s, train loss: 10.7764]
Mon 21 Oct 2024 16:30:44 INFO  epoch 181 evaluating [time: 0.02s, valid_score: 0.774600]
Mon 21 Oct 2024 16:30:44 INFO  valid result: 
auc : 0.7746    logloss : 0.5642
Mon 21 Oct 2024 16:30:44 INFO  Saving current: saved/LR-Oct-21-2024_16-30-05.pth
Mon 21 Oct 2024 16:30:44 INFO  epoch 182 training [time: 0.23s, train loss: 10.7752]
Mon 21 Oct 2024 16:30:44 INFO  epoch 182 evaluating [time: 0.02s, valid_score: 0.774600]
Mon 21 Oct 2024 16:30:44 INFO  valid result: 
auc : 0.7746    logloss : 0.5642
Mon 21 Oct 2024 16:30:44 INFO  Saving current: saved/LR-Oct-21-2024_16-30-05.pth
Mon 21 Oct 2024 16:30:45 INFO  epoch 183 training [time: 0.27s, train loss: 10.7701]
Mon 21 Oct 2024 16:30:45 INFO  epoch 183 evaluating [time: 0.02s, valid_score: 0.774600]
Mon 21 Oct 2024 16:30:45 INFO  valid result: 
auc : 0.7746    logloss : 0.5642
Mon 21 Oct 2024 16:30:45 INFO  Saving current: saved/LR-Oct-21-2024_16-30-05.pth
Mon 21 Oct 2024 16:30:45 INFO  epoch 184 training [time: 0.18s, train loss: 10.7753]
Mon 21 Oct 2024 16:30:45 INFO  epoch 184 evaluating [time: 0.02s, valid_score: 0.774600]
Mon 21 Oct 2024 16:30:45 INFO  valid result: 
auc : 0.7746    logloss : 0.5642
Mon 21 Oct 2024 16:30:45 INFO  Saving current: saved/LR-Oct-21-2024_16-30-05.pth
Mon 21 Oct 2024 16:30:45 INFO  epoch 185 training [time: 0.20s, train loss: 10.7718]
Mon 21 Oct 2024 16:30:45 INFO  epoch 185 evaluating [time: 0.02s, valid_score: 0.774600]
Mon 21 Oct 2024 16:30:45 INFO  valid result: 
auc : 0.7746    logloss : 0.5642
Mon 21 Oct 2024 16:30:45 INFO  Saving current: saved/LR-Oct-21-2024_16-30-05.pth
Mon 21 Oct 2024 16:30:45 INFO  epoch 186 training [time: 0.18s, train loss: 10.7705]
Mon 21 Oct 2024 16:30:45 INFO  epoch 186 evaluating [time: 0.02s, valid_score: 0.774600]
Mon 21 Oct 2024 16:30:45 INFO  valid result: 
auc : 0.7746    logloss : 0.5642
Mon 21 Oct 2024 16:30:45 INFO  Saving current: saved/LR-Oct-21-2024_16-30-05.pth
Mon 21 Oct 2024 16:30:45 INFO  epoch 187 training [time: 0.18s, train loss: 10.7743]
Mon 21 Oct 2024 16:30:45 INFO  epoch 187 evaluating [time: 0.02s, valid_score: 0.774600]
Mon 21 Oct 2024 16:30:45 INFO  valid result: 
auc : 0.7746    logloss : 0.5642
Mon 21 Oct 2024 16:30:45 INFO  Saving current: saved/LR-Oct-21-2024_16-30-05.pth
Mon 21 Oct 2024 16:30:46 INFO  epoch 188 training [time: 0.18s, train loss: 10.7704]
Mon 21 Oct 2024 16:30:46 INFO  epoch 188 evaluating [time: 0.01s, valid_score: 0.774600]
Mon 21 Oct 2024 16:30:46 INFO  valid result: 
auc : 0.7746    logloss : 0.5642
Mon 21 Oct 2024 16:30:46 INFO  Saving current: saved/LR-Oct-21-2024_16-30-05.pth
Mon 21 Oct 2024 16:30:46 INFO  epoch 189 training [time: 0.17s, train loss: 10.7694]
Mon 21 Oct 2024 16:30:46 INFO  epoch 189 evaluating [time: 0.01s, valid_score: 0.774600]
Mon 21 Oct 2024 16:30:46 INFO  valid result: 
auc : 0.7746    logloss : 0.5643
Mon 21 Oct 2024 16:30:46 INFO  Saving current: saved/LR-Oct-21-2024_16-30-05.pth
Mon 21 Oct 2024 16:30:46 INFO  epoch 190 training [time: 0.18s, train loss: 10.7788]
Mon 21 Oct 2024 16:30:46 INFO  epoch 190 evaluating [time: 0.02s, valid_score: 0.774600]
Mon 21 Oct 2024 16:30:46 INFO  valid result: 
auc : 0.7746    logloss : 0.5643
Mon 21 Oct 2024 16:30:46 INFO  Saving current: saved/LR-Oct-21-2024_16-30-05.pth
Mon 21 Oct 2024 16:30:46 INFO  epoch 191 training [time: 0.20s, train loss: 10.7655]
Mon 21 Oct 2024 16:30:46 INFO  epoch 191 evaluating [time: 0.02s, valid_score: 0.774600]
Mon 21 Oct 2024 16:30:46 INFO  valid result: 
auc : 0.7746    logloss : 0.5643
Mon 21 Oct 2024 16:30:46 INFO  Saving current: saved/LR-Oct-21-2024_16-30-05.pth
Mon 21 Oct 2024 16:30:46 INFO  epoch 192 training [time: 0.18s, train loss: 10.7775]
Mon 21 Oct 2024 16:30:46 INFO  epoch 192 evaluating [time: 0.02s, valid_score: 0.774600]
Mon 21 Oct 2024 16:30:46 INFO  valid result: 
auc : 0.7746    logloss : 0.5643
Mon 21 Oct 2024 16:30:46 INFO  Saving current: saved/LR-Oct-21-2024_16-30-05.pth
Mon 21 Oct 2024 16:30:47 INFO  epoch 193 training [time: 0.20s, train loss: 10.7602]
Mon 21 Oct 2024 16:30:47 INFO  epoch 193 evaluating [time: 0.01s, valid_score: 0.774600]
Mon 21 Oct 2024 16:30:47 INFO  valid result: 
auc : 0.7746    logloss : 0.5643
Mon 21 Oct 2024 16:30:47 INFO  Saving current: saved/LR-Oct-21-2024_16-30-05.pth
Mon 21 Oct 2024 16:30:47 INFO  epoch 194 training [time: 0.18s, train loss: 10.7586]
Mon 21 Oct 2024 16:30:47 INFO  epoch 194 evaluating [time: 0.02s, valid_score: 0.774600]
Mon 21 Oct 2024 16:30:47 INFO  valid result: 
auc : 0.7746    logloss : 0.5643
Mon 21 Oct 2024 16:30:47 INFO  Saving current: saved/LR-Oct-21-2024_16-30-05.pth
Mon 21 Oct 2024 16:30:47 INFO  epoch 195 training [time: 0.19s, train loss: 10.7608]
Mon 21 Oct 2024 16:30:47 INFO  epoch 195 evaluating [time: 0.01s, valid_score: 0.774600]
Mon 21 Oct 2024 16:30:47 INFO  valid result: 
auc : 0.7746    logloss : 0.5643
Mon 21 Oct 2024 16:30:47 INFO  Saving current: saved/LR-Oct-21-2024_16-30-05.pth
Mon 21 Oct 2024 16:30:47 INFO  epoch 196 training [time: 0.18s, train loss: 10.7620]
Mon 21 Oct 2024 16:30:47 INFO  epoch 196 evaluating [time: 0.02s, valid_score: 0.774600]
Mon 21 Oct 2024 16:30:47 INFO  valid result: 
auc : 0.7746    logloss : 0.5643
Mon 21 Oct 2024 16:30:47 INFO  Saving current: saved/LR-Oct-21-2024_16-30-05.pth
Mon 21 Oct 2024 16:30:47 INFO  epoch 197 training [time: 0.18s, train loss: 10.7637]
Mon 21 Oct 2024 16:30:47 INFO  epoch 197 evaluating [time: 0.02s, valid_score: 0.774600]
Mon 21 Oct 2024 16:30:47 INFO  valid result: 
auc : 0.7746    logloss : 0.5643
Mon 21 Oct 2024 16:30:47 INFO  Saving current: saved/LR-Oct-21-2024_16-30-05.pth
Mon 21 Oct 2024 16:30:48 INFO  epoch 198 training [time: 0.19s, train loss: 10.7694]
Mon 21 Oct 2024 16:30:48 INFO  epoch 198 evaluating [time: 0.02s, valid_score: 0.774600]
Mon 21 Oct 2024 16:30:48 INFO  valid result: 
auc : 0.7746    logloss : 0.5644
Mon 21 Oct 2024 16:30:48 INFO  Saving current: saved/LR-Oct-21-2024_16-30-05.pth
Mon 21 Oct 2024 16:30:48 INFO  epoch 199 training [time: 0.20s, train loss: 10.7578]
Mon 21 Oct 2024 16:30:48 INFO  epoch 199 evaluating [time: 0.01s, valid_score: 0.774600]
Mon 21 Oct 2024 16:30:48 INFO  valid result: 
auc : 0.7746    logloss : 0.5644
Mon 21 Oct 2024 16:30:48 INFO  Saving current: saved/LR-Oct-21-2024_16-30-05.pth
Mon 21 Oct 2024 16:30:48 INFO  epoch 200 training [time: 0.18s, train loss: 10.7542]
Mon 21 Oct 2024 16:30:48 INFO  epoch 200 evaluating [time: 0.02s, valid_score: 0.774600]
Mon 21 Oct 2024 16:30:48 INFO  valid result: 
auc : 0.7746    logloss : 0.5644
Mon 21 Oct 2024 16:30:48 INFO  Saving current: saved/LR-Oct-21-2024_16-30-05.pth
Mon 21 Oct 2024 16:30:48 INFO  epoch 201 training [time: 0.19s, train loss: 10.7607]
Mon 21 Oct 2024 16:30:48 INFO  epoch 201 evaluating [time: 0.02s, valid_score: 0.774600]
Mon 21 Oct 2024 16:30:48 INFO  valid result: 
auc : 0.7746    logloss : 0.5644
Mon 21 Oct 2024 16:30:48 INFO  Saving current: saved/LR-Oct-21-2024_16-30-05.pth
Mon 21 Oct 2024 16:30:48 INFO  epoch 202 training [time: 0.21s, train loss: 10.7579]
Mon 21 Oct 2024 16:30:48 INFO  epoch 202 evaluating [time: 0.02s, valid_score: 0.774600]
Mon 21 Oct 2024 16:30:48 INFO  valid result: 
auc : 0.7746    logloss : 0.5644
Mon 21 Oct 2024 16:30:48 INFO  Saving current: saved/LR-Oct-21-2024_16-30-05.pth
Mon 21 Oct 2024 16:30:49 INFO  epoch 203 training [time: 0.18s, train loss: 10.7525]
Mon 21 Oct 2024 16:30:49 INFO  epoch 203 evaluating [time: 0.02s, valid_score: 0.774600]
Mon 21 Oct 2024 16:30:49 INFO  valid result: 
auc : 0.7746    logloss : 0.5644
Mon 21 Oct 2024 16:30:49 INFO  Saving current: saved/LR-Oct-21-2024_16-30-05.pth
Mon 21 Oct 2024 16:30:49 INFO  epoch 204 training [time: 0.18s, train loss: 10.7516]
Mon 21 Oct 2024 16:30:49 INFO  epoch 204 evaluating [time: 0.02s, valid_score: 0.774600]
Mon 21 Oct 2024 16:30:49 INFO  valid result: 
auc : 0.7746    logloss : 0.5644
Mon 21 Oct 2024 16:30:49 INFO  Saving current: saved/LR-Oct-21-2024_16-30-05.pth
Mon 21 Oct 2024 16:30:49 INFO  epoch 205 training [time: 0.18s, train loss: 10.7460]
Mon 21 Oct 2024 16:30:49 INFO  epoch 205 evaluating [time: 0.02s, valid_score: 0.774600]
Mon 21 Oct 2024 16:30:49 INFO  valid result: 
auc : 0.7746    logloss : 0.5644
Mon 21 Oct 2024 16:30:49 INFO  Saving current: saved/LR-Oct-21-2024_16-30-05.pth
Mon 21 Oct 2024 16:30:49 INFO  epoch 206 training [time: 0.19s, train loss: 10.7483]
Mon 21 Oct 2024 16:30:49 INFO  epoch 206 evaluating [time: 0.02s, valid_score: 0.774600]
Mon 21 Oct 2024 16:30:49 INFO  valid result: 
auc : 0.7746    logloss : 0.5644
Mon 21 Oct 2024 16:30:49 INFO  Saving current: saved/LR-Oct-21-2024_16-30-05.pth
Mon 21 Oct 2024 16:30:49 INFO  epoch 207 training [time: 0.22s, train loss: 10.7576]
Mon 21 Oct 2024 16:30:50 INFO  epoch 207 evaluating [time: 0.02s, valid_score: 0.774700]
Mon 21 Oct 2024 16:30:50 INFO  valid result: 
auc : 0.7747    logloss : 0.5644
Mon 21 Oct 2024 16:30:50 INFO  Saving current: saved/LR-Oct-21-2024_16-30-05.pth
Mon 21 Oct 2024 16:30:50 INFO  epoch 208 training [time: 0.18s, train loss: 10.7468]
Mon 21 Oct 2024 16:30:50 INFO  epoch 208 evaluating [time: 0.02s, valid_score: 0.774600]
Mon 21 Oct 2024 16:30:50 INFO  valid result: 
auc : 0.7746    logloss : 0.5645
Mon 21 Oct 2024 16:30:50 INFO  epoch 209 training [time: 0.20s, train loss: 10.7470]
Mon 21 Oct 2024 16:30:50 INFO  epoch 209 evaluating [time: 0.02s, valid_score: 0.774600]
Mon 21 Oct 2024 16:30:50 INFO  valid result: 
auc : 0.7746    logloss : 0.5645
Mon 21 Oct 2024 16:30:50 INFO  epoch 210 training [time: 0.19s, train loss: 10.7558]
Mon 21 Oct 2024 16:30:50 INFO  epoch 210 evaluating [time: 0.02s, valid_score: 0.774600]
Mon 21 Oct 2024 16:30:50 INFO  valid result: 
auc : 0.7746    logloss : 0.5645
Mon 21 Oct 2024 16:30:50 INFO  epoch 211 training [time: 0.17s, train loss: 10.7454]
Mon 21 Oct 2024 16:30:50 INFO  epoch 211 evaluating [time: 0.02s, valid_score: 0.774600]
Mon 21 Oct 2024 16:30:50 INFO  valid result: 
auc : 0.7746    logloss : 0.5645
Mon 21 Oct 2024 16:30:50 INFO  epoch 212 training [time: 0.18s, train loss: 10.7497]
Mon 21 Oct 2024 16:30:51 INFO  epoch 212 evaluating [time: 0.02s, valid_score: 0.774600]
Mon 21 Oct 2024 16:30:51 INFO  valid result: 
auc : 0.7746    logloss : 0.5645
Mon 21 Oct 2024 16:30:51 INFO  epoch 213 training [time: 0.17s, train loss: 10.7523]
Mon 21 Oct 2024 16:30:51 INFO  epoch 213 evaluating [time: 0.02s, valid_score: 0.774600]
Mon 21 Oct 2024 16:30:51 INFO  valid result: 
auc : 0.7746    logloss : 0.5645
Mon 21 Oct 2024 16:30:51 INFO  epoch 214 training [time: 0.20s, train loss: 10.7462]
Mon 21 Oct 2024 16:30:51 INFO  epoch 214 evaluating [time: 0.02s, valid_score: 0.774600]
Mon 21 Oct 2024 16:30:51 INFO  valid result: 
auc : 0.7746    logloss : 0.5646
Mon 21 Oct 2024 16:30:51 INFO  epoch 215 training [time: 0.17s, train loss: 10.7423]
Mon 21 Oct 2024 16:30:51 INFO  epoch 215 evaluating [time: 0.02s, valid_score: 0.774600]
Mon 21 Oct 2024 16:30:51 INFO  valid result: 
auc : 0.7746    logloss : 0.5646
Mon 21 Oct 2024 16:30:51 INFO  epoch 216 training [time: 0.18s, train loss: 10.7507]
Mon 21 Oct 2024 16:30:51 INFO  epoch 216 evaluating [time: 0.02s, valid_score: 0.774600]
Mon 21 Oct 2024 16:30:51 INFO  valid result: 
auc : 0.7746    logloss : 0.5646
Mon 21 Oct 2024 16:30:51 INFO  epoch 217 training [time: 0.18s, train loss: 10.7423]
Mon 21 Oct 2024 16:30:51 INFO  epoch 217 evaluating [time: 0.02s, valid_score: 0.774600]
Mon 21 Oct 2024 16:30:51 INFO  valid result: 
auc : 0.7746    logloss : 0.5646
Mon 21 Oct 2024 16:30:52 INFO  epoch 218 training [time: 0.19s, train loss: 10.7450]
Mon 21 Oct 2024 16:30:52 INFO  epoch 218 evaluating [time: 0.02s, valid_score: 0.774600]
Mon 21 Oct 2024 16:30:52 INFO  valid result: 
auc : 0.7746    logloss : 0.5647
Mon 21 Oct 2024 16:30:52 INFO  Finished training, best eval result in epoch 207
Mon 21 Oct 2024 16:30:52 INFO  Loading model structure and parameters from saved/LR-Oct-21-2024_16-30-05.pth
Mon 21 Oct 2024 16:30:53 INFO  The running environment of this training is as follows:
+-------------+----------------+
| Environment |     Usage      |
+=============+================+
| CPU         |    70.80 %     |
+-------------+----------------+
| GPU         |   0.0 / 0.0    |
+-------------+----------------+
| Memory      | 0.21 G/16.00 G |
+-------------+----------------+
Mon 21 Oct 2024 16:30:53 INFO  best valid : OrderedDict([('auc', 0.7747), ('logloss', 0.5644)])
Mon 21 Oct 2024 16:30:53 INFO  test result: OrderedDict([('auc', 0.7765), ('logloss', 0.5616)])
