Mon 21 Oct 2024 16:06:00 INFO  ['general_recommendation.py']
Mon 21 Oct 2024 16:06:00 INFO  
General Hyper Parameters:
gpu_id = 0
use_gpu = True
seed = 2020
state = INFO
reproducibility = True
data_path = /Users/a58/miniconda3/envs/recbole/lib/python3.8/site-packages/recbole/config/../dataset_example/ml-100k
checkpoint_dir = saved
show_progress = True
save_dataset = False
dataset_save_path = None
save_dataloaders = False
dataloaders_save_path = None
log_wandb = False

Training Hyper Parameters:
epochs = 500
train_batch_size = 4096
learner = adam
learning_rate = 0.001
train_neg_sample_args = {'distribution': 'uniform', 'sample_num': 1, 'alpha': 1.0, 'dynamic': False, 'candidate_num': 0}
eval_step = 1
stopping_step = 10
clip_grad_norm = None
weight_decay = 0.0
loss_decimal_place = 4

Evaluation Hyper Parameters:
eval_args = {'split': {'RS': [0.8, 0.1, 0.1]}, 'order': 'RO', 'group_by': 'user', 'mode': {'valid': 'full', 'test': 'full'}}
repeatable = False
metrics = ['Recall', 'MRR', 'NDCG', 'Hit', 'Precision']
topk = [10]
valid_metric = MRR@10
valid_metric_bigger = True
eval_batch_size = 4096
metric_decimal_place = 4

Dataset Hyper Parameters:
field_separator = 	
seq_separator =  
USER_ID_FIELD = user_id
ITEM_ID_FIELD = item_id
RATING_FIELD = rating
TIME_FIELD = timestamp
seq_len = None
LABEL_FIELD = label
threshold = None
NEG_PREFIX = neg_
load_col = {'inter': ['user_id', 'item_id']}
unload_col = None
unused_col = None
additional_feat_suffix = None
rm_dup_inter = None
val_interval = None
filter_inter_by_user_or_item = True
user_inter_num_interval = None
item_inter_num_interval = None
alias_of_user_id = None
alias_of_item_id = None
alias_of_entity_id = None
alias_of_relation_id = None
preload_weight = None
normalize_field = None
normalize_all = True
ITEM_LIST_LENGTH_FIELD = item_length
LIST_SUFFIX = _list
MAX_ITEM_LIST_LENGTH = 50
POSITION_FIELD = position_id
HEAD_ENTITY_ID_FIELD = head_id
TAIL_ENTITY_ID_FIELD = tail_id
RELATION_ID_FIELD = relation_id
ENTITY_ID_FIELD = entity_id
kg_reverse_r = False
entity_kg_num_interval = None
relation_kg_num_interval = None
benchmark_filename = None

Other Hyper Parameters: 
worker = 0
wandb_project = recbole
shuffle = True
require_pow = False
enable_amp = False
enable_scaler = False
transform = None
embedding_size = 64
numerical_features = []
discretization = None
MODEL_TYPE = ModelType.GENERAL
MODEL_INPUT_TYPE = InputType.PAIRWISE
eval_type = EvaluatorType.RANKING
single_spec = True
local_rank = 0
device = cpu
valid_neg_sample_args = {'distribution': 'uniform', 'sample_num': 'none'}
test_neg_sample_args = {'distribution': 'uniform', 'sample_num': 'none'}


Mon 21 Oct 2024 16:06:00 INFO  ml-100k
The number of users: 944
Average actions of users: 106.04453870625663
The number of items: 1683
Average actions of items: 59.45303210463734
The number of inters: 100000
The sparsity of the dataset: 93.70575143257098%
Remain Fields: ['user_id', 'item_id']
Mon 21 Oct 2024 16:06:00 INFO  [Training]: train_batch_size = [4096] train_neg_sample_args: [{'distribution': 'uniform', 'sample_num': 1, 'alpha': 1.0, 'dynamic': False, 'candidate_num': 0}]
Mon 21 Oct 2024 16:06:00 INFO  [Evaluation]: eval_batch_size = [4096] eval_args: [{'split': {'RS': [0.8, 0.1, 0.1]}, 'order': 'RO', 'group_by': 'user', 'mode': {'valid': 'full', 'test': 'full'}}]
Mon 21 Oct 2024 16:06:00 INFO  BPR(
  (user_embedding): Embedding(944, 64)
  (item_embedding): Embedding(1683, 64)
  (loss): BPRLoss()
)
Trainable parameters: 168128
Mon 21 Oct 2024 16:06:00 INFO  FLOPs: 128.0
Mon 21 Oct 2024 16:06:01 INFO  epoch 0 training [time: 0.15s, train loss: 13.8629]
Mon 21 Oct 2024 16:06:01 INFO  epoch 0 evaluating [time: 0.08s, valid_score: 0.025300]
Mon 21 Oct 2024 16:06:01 INFO  valid result: 
recall@10 : 0.0067    mrr@10 : 0.0253    ndcg@10 : 0.0099    hit@10 : 0.0764    precision@10 : 0.0081
Mon 21 Oct 2024 16:06:01 INFO  Saving current: saved/BPR-Oct-21-2024_16-06-00.pth
Mon 21 Oct 2024 16:06:01 INFO  epoch 1 training [time: 0.08s, train loss: 13.8371]
Mon 21 Oct 2024 16:06:01 INFO  epoch 1 evaluating [time: 0.06s, valid_score: 0.029200]
Mon 21 Oct 2024 16:06:01 INFO  valid result: 
recall@10 : 0.0079    mrr@10 : 0.0292    ndcg@10 : 0.0112    hit@10 : 0.087    precision@10 : 0.0093
Mon 21 Oct 2024 16:06:01 INFO  Saving current: saved/BPR-Oct-21-2024_16-06-00.pth
Mon 21 Oct 2024 16:06:01 INFO  epoch 2 training [time: 0.09s, train loss: 13.7987]
Mon 21 Oct 2024 16:06:01 INFO  epoch 2 evaluating [time: 0.06s, valid_score: 0.058500]
Mon 21 Oct 2024 16:06:01 INFO  valid result: 
recall@10 : 0.0156    mrr@10 : 0.0585    ndcg@10 : 0.0224    hit@10 : 0.1527    precision@10 : 0.0183
Mon 21 Oct 2024 16:06:01 INFO  Saving current: saved/BPR-Oct-21-2024_16-06-00.pth
Mon 21 Oct 2024 16:06:01 INFO  epoch 3 training [time: 0.09s, train loss: 13.7074]
Mon 21 Oct 2024 16:06:02 INFO  epoch 3 evaluating [time: 0.06s, valid_score: 0.121300]
Mon 21 Oct 2024 16:06:02 INFO  valid result: 
recall@10 : 0.0389    mrr@10 : 0.1213    ndcg@10 : 0.0552    hit@10 : 0.3118    precision@10 : 0.0476
Mon 21 Oct 2024 16:06:02 INFO  Saving current: saved/BPR-Oct-21-2024_16-06-00.pth
Mon 21 Oct 2024 16:06:02 INFO  epoch 4 training [time: 0.08s, train loss: 13.4684]
Mon 21 Oct 2024 16:06:02 INFO  epoch 4 evaluating [time: 0.06s, valid_score: 0.187200]
Mon 21 Oct 2024 16:06:02 INFO  valid result: 
recall@10 : 0.0686    mrr@10 : 0.1872    ndcg@10 : 0.0891    hit@10 : 0.4305    precision@10 : 0.0717
Mon 21 Oct 2024 16:06:02 INFO  Saving current: saved/BPR-Oct-21-2024_16-06-00.pth
Mon 21 Oct 2024 16:06:02 INFO  epoch 5 training [time: 0.08s, train loss: 12.9277]
Mon 21 Oct 2024 16:06:02 INFO  epoch 5 evaluating [time: 0.06s, valid_score: 0.218900]
Mon 21 Oct 2024 16:06:02 INFO  valid result: 
recall@10 : 0.0919    mrr@10 : 0.2189    ndcg@10 : 0.1115    hit@10 : 0.491    precision@10 : 0.0883
Mon 21 Oct 2024 16:06:02 INFO  Saving current: saved/BPR-Oct-21-2024_16-06-00.pth
Mon 21 Oct 2024 16:06:02 INFO  epoch 6 training [time: 0.09s, train loss: 11.9466]
Mon 21 Oct 2024 16:06:02 INFO  epoch 6 evaluating [time: 0.06s, valid_score: 0.235300]
Mon 21 Oct 2024 16:06:02 INFO  valid result: 
recall@10 : 0.1026    mrr@10 : 0.2353    ndcg@10 : 0.1228    hit@10 : 0.5239    precision@10 : 0.0957
Mon 21 Oct 2024 16:06:02 INFO  Saving current: saved/BPR-Oct-21-2024_16-06-00.pth
Mon 21 Oct 2024 16:06:02 INFO  epoch 7 training [time: 0.09s, train loss: 10.6594]
Mon 21 Oct 2024 16:06:02 INFO  epoch 7 evaluating [time: 0.06s, valid_score: 0.257500]
Mon 21 Oct 2024 16:06:02 INFO  valid result: 
recall@10 : 0.1095    mrr@10 : 0.2575    ndcg@10 : 0.133    hit@10 : 0.5451    precision@10 : 0.1003
Mon 21 Oct 2024 16:06:02 INFO  Saving current: saved/BPR-Oct-21-2024_16-06-00.pth
Mon 21 Oct 2024 16:06:02 INFO  epoch 8 training [time: 0.09s, train loss: 9.3435]
Mon 21 Oct 2024 16:06:02 INFO  epoch 8 evaluating [time: 0.06s, valid_score: 0.273500]
Mon 21 Oct 2024 16:06:02 INFO  valid result: 
recall@10 : 0.1226    mrr@10 : 0.2735    ndcg@10 : 0.1429    hit@10 : 0.5737    precision@10 : 0.1048
Mon 21 Oct 2024 16:06:02 INFO  Saving current: saved/BPR-Oct-21-2024_16-06-00.pth
Mon 21 Oct 2024 16:06:02 INFO  epoch 9 training [time: 0.08s, train loss: 8.2992]
Mon 21 Oct 2024 16:06:02 INFO  epoch 9 evaluating [time: 0.06s, valid_score: 0.282200]
Mon 21 Oct 2024 16:06:02 INFO  valid result: 
recall@10 : 0.1253    mrr@10 : 0.2822    ndcg@10 : 0.1473    hit@10 : 0.5779    precision@10 : 0.1055
Mon 21 Oct 2024 16:06:02 INFO  Saving current: saved/BPR-Oct-21-2024_16-06-00.pth
Mon 21 Oct 2024 16:06:03 INFO  epoch 10 training [time: 0.08s, train loss: 7.6039]
Mon 21 Oct 2024 16:06:03 INFO  epoch 10 evaluating [time: 0.06s, valid_score: 0.291000]
Mon 21 Oct 2024 16:06:03 INFO  valid result: 
recall@10 : 0.1315    mrr@10 : 0.291    ndcg@10 : 0.1524    hit@10 : 0.596    precision@10 : 0.106
Mon 21 Oct 2024 16:06:03 INFO  Saving current: saved/BPR-Oct-21-2024_16-06-00.pth
Mon 21 Oct 2024 16:06:03 INFO  epoch 11 training [time: 0.08s, train loss: 7.1607]
Mon 21 Oct 2024 16:06:03 INFO  epoch 11 evaluating [time: 0.06s, valid_score: 0.295600]
Mon 21 Oct 2024 16:06:03 INFO  valid result: 
recall@10 : 0.1335    mrr@10 : 0.2956    ndcg@10 : 0.1549    hit@10 : 0.5949    precision@10 : 0.1076
Mon 21 Oct 2024 16:06:03 INFO  Saving current: saved/BPR-Oct-21-2024_16-06-00.pth
Mon 21 Oct 2024 16:06:03 INFO  epoch 12 training [time: 0.16s, train loss: 6.8321]
Mon 21 Oct 2024 16:06:03 INFO  epoch 12 evaluating [time: 0.06s, valid_score: 0.295700]
Mon 21 Oct 2024 16:06:03 INFO  valid result: 
recall@10 : 0.1341    mrr@10 : 0.2957    ndcg@10 : 0.1562    hit@10 : 0.5938    precision@10 : 0.1077
Mon 21 Oct 2024 16:06:03 INFO  Saving current: saved/BPR-Oct-21-2024_16-06-00.pth
Mon 21 Oct 2024 16:06:03 INFO  epoch 13 training [time: 0.09s, train loss: 6.6535]
Mon 21 Oct 2024 16:06:03 INFO  epoch 13 evaluating [time: 0.06s, valid_score: 0.302100]
Mon 21 Oct 2024 16:06:03 INFO  valid result: 
recall@10 : 0.1381    mrr@10 : 0.3021    ndcg@10 : 0.1602    hit@10 : 0.6076    precision@10 : 0.1099
Mon 21 Oct 2024 16:06:03 INFO  Saving current: saved/BPR-Oct-21-2024_16-06-00.pth
Mon 21 Oct 2024 16:06:03 INFO  epoch 14 training [time: 0.09s, train loss: 6.4700]
Mon 21 Oct 2024 16:06:03 INFO  epoch 14 evaluating [time: 0.06s, valid_score: 0.302400]
Mon 21 Oct 2024 16:06:03 INFO  valid result: 
recall@10 : 0.1424    mrr@10 : 0.3024    ndcg@10 : 0.1625    hit@10 : 0.6129    precision@10 : 0.111
Mon 21 Oct 2024 16:06:03 INFO  Saving current: saved/BPR-Oct-21-2024_16-06-00.pth
Mon 21 Oct 2024 16:06:03 INFO  epoch 15 training [time: 0.08s, train loss: 6.2722]
Mon 21 Oct 2024 16:06:03 INFO  epoch 15 evaluating [time: 0.06s, valid_score: 0.307100]
Mon 21 Oct 2024 16:06:03 INFO  valid result: 
recall@10 : 0.1449    mrr@10 : 0.3071    ndcg@10 : 0.1653    hit@10 : 0.6225    precision@10 : 0.1123
Mon 21 Oct 2024 16:06:03 INFO  Saving current: saved/BPR-Oct-21-2024_16-06-00.pth
Mon 21 Oct 2024 16:06:03 INFO  epoch 16 training [time: 0.08s, train loss: 6.1586]
Mon 21 Oct 2024 16:06:04 INFO  epoch 16 evaluating [time: 0.06s, valid_score: 0.313700]
Mon 21 Oct 2024 16:06:04 INFO  valid result: 
recall@10 : 0.1484    mrr@10 : 0.3137    ndcg@10 : 0.1693    hit@10 : 0.6267    precision@10 : 0.1141
Mon 21 Oct 2024 16:06:04 INFO  Saving current: saved/BPR-Oct-21-2024_16-06-00.pth
Mon 21 Oct 2024 16:06:04 INFO  epoch 17 training [time: 0.09s, train loss: 5.9534]
Mon 21 Oct 2024 16:06:04 INFO  epoch 17 evaluating [time: 0.09s, valid_score: 0.312700]
Mon 21 Oct 2024 16:06:04 INFO  valid result: 
recall@10 : 0.1507    mrr@10 : 0.3127    ndcg@10 : 0.171    hit@10 : 0.631    precision@10 : 0.1166
Mon 21 Oct 2024 16:06:04 INFO  epoch 18 training [time: 0.08s, train loss: 5.8684]
Mon 21 Oct 2024 16:06:04 INFO  epoch 18 evaluating [time: 0.06s, valid_score: 0.312500]
Mon 21 Oct 2024 16:06:04 INFO  valid result: 
recall@10 : 0.1553    mrr@10 : 0.3125    ndcg@10 : 0.1741    hit@10 : 0.6405    precision@10 : 0.12
Mon 21 Oct 2024 16:06:04 INFO  epoch 19 training [time: 0.08s, train loss: 5.7833]
Mon 21 Oct 2024 16:06:04 INFO  epoch 19 evaluating [time: 0.06s, valid_score: 0.318900]
Mon 21 Oct 2024 16:06:04 INFO  valid result: 
recall@10 : 0.1577    mrr@10 : 0.3189    ndcg@10 : 0.1779    hit@10 : 0.6437    precision@10 : 0.1221
Mon 21 Oct 2024 16:06:04 INFO  Saving current: saved/BPR-Oct-21-2024_16-06-00.pth
Mon 21 Oct 2024 16:06:04 INFO  epoch 20 training [time: 0.08s, train loss: 5.6005]
Mon 21 Oct 2024 16:06:04 INFO  epoch 20 evaluating [time: 0.06s, valid_score: 0.323700]
Mon 21 Oct 2024 16:06:04 INFO  valid result: 
recall@10 : 0.1616    mrr@10 : 0.3237    ndcg@10 : 0.1816    hit@10 : 0.649    precision@10 : 0.1241
Mon 21 Oct 2024 16:06:04 INFO  Saving current: saved/BPR-Oct-21-2024_16-06-00.pth
Mon 21 Oct 2024 16:06:04 INFO  epoch 21 training [time: 0.08s, train loss: 5.5120]
Mon 21 Oct 2024 16:06:04 INFO  epoch 21 evaluating [time: 0.06s, valid_score: 0.327000]
Mon 21 Oct 2024 16:06:04 INFO  valid result: 
recall@10 : 0.1656    mrr@10 : 0.327    ndcg@10 : 0.1848    hit@10 : 0.6596    precision@10 : 0.1268
Mon 21 Oct 2024 16:06:04 INFO  Saving current: saved/BPR-Oct-21-2024_16-06-00.pth
Mon 21 Oct 2024 16:06:04 INFO  epoch 22 training [time: 0.09s, train loss: 5.3816]
Mon 21 Oct 2024 16:06:04 INFO  epoch 22 evaluating [time: 0.06s, valid_score: 0.331900]
Mon 21 Oct 2024 16:06:04 INFO  valid result: 
recall@10 : 0.1662    mrr@10 : 0.3319    ndcg@10 : 0.1874    hit@10 : 0.6607    precision@10 : 0.1288
Mon 21 Oct 2024 16:06:04 INFO  Saving current: saved/BPR-Oct-21-2024_16-06-00.pth
Mon 21 Oct 2024 16:06:05 INFO  epoch 23 training [time: 0.09s, train loss: 5.2488]
Mon 21 Oct 2024 16:06:05 INFO  epoch 23 evaluating [time: 0.06s, valid_score: 0.330000]
Mon 21 Oct 2024 16:06:05 INFO  valid result: 
recall@10 : 0.1691    mrr@10 : 0.33    ndcg@10 : 0.1887    hit@10 : 0.6628    precision@10 : 0.1303
Mon 21 Oct 2024 16:06:05 INFO  epoch 24 training [time: 0.09s, train loss: 5.1418]
Mon 21 Oct 2024 16:06:05 INFO  epoch 24 evaluating [time: 0.06s, valid_score: 0.332400]
Mon 21 Oct 2024 16:06:05 INFO  valid result: 
recall@10 : 0.1728    mrr@10 : 0.3324    ndcg@10 : 0.1919    hit@10 : 0.6691    precision@10 : 0.1327
Mon 21 Oct 2024 16:06:05 INFO  Saving current: saved/BPR-Oct-21-2024_16-06-00.pth
Mon 21 Oct 2024 16:06:05 INFO  epoch 25 training [time: 0.09s, train loss: 5.0613]
Mon 21 Oct 2024 16:06:05 INFO  epoch 25 evaluating [time: 0.06s, valid_score: 0.334400]
Mon 21 Oct 2024 16:06:05 INFO  valid result: 
recall@10 : 0.1768    mrr@10 : 0.3344    ndcg@10 : 0.194    hit@10 : 0.6776    precision@10 : 0.1346
Mon 21 Oct 2024 16:06:05 INFO  Saving current: saved/BPR-Oct-21-2024_16-06-00.pth
Mon 21 Oct 2024 16:06:05 INFO  epoch 26 training [time: 0.09s, train loss: 4.9420]
Mon 21 Oct 2024 16:06:05 INFO  epoch 26 evaluating [time: 0.06s, valid_score: 0.336300]
Mon 21 Oct 2024 16:06:05 INFO  valid result: 
recall@10 : 0.1778    mrr@10 : 0.3363    ndcg@10 : 0.1953    hit@10 : 0.6734    precision@10 : 0.1359
Mon 21 Oct 2024 16:06:05 INFO  Saving current: saved/BPR-Oct-21-2024_16-06-00.pth
Mon 21 Oct 2024 16:06:05 INFO  epoch 27 training [time: 0.09s, train loss: 4.8704]
Mon 21 Oct 2024 16:06:05 INFO  epoch 27 evaluating [time: 0.06s, valid_score: 0.340000]
Mon 21 Oct 2024 16:06:05 INFO  valid result: 
recall@10 : 0.1815    mrr@10 : 0.34    ndcg@10 : 0.1973    hit@10 : 0.6861    precision@10 : 0.1368
Mon 21 Oct 2024 16:06:05 INFO  Saving current: saved/BPR-Oct-21-2024_16-06-00.pth
Mon 21 Oct 2024 16:06:05 INFO  epoch 28 training [time: 0.09s, train loss: 4.8005]
Mon 21 Oct 2024 16:06:05 INFO  epoch 28 evaluating [time: 0.06s, valid_score: 0.345000]
Mon 21 Oct 2024 16:06:05 INFO  valid result: 
recall@10 : 0.1793    mrr@10 : 0.345    ndcg@10 : 0.1985    hit@10 : 0.6882    precision@10 : 0.1375
Mon 21 Oct 2024 16:06:05 INFO  Saving current: saved/BPR-Oct-21-2024_16-06-00.pth
Mon 21 Oct 2024 16:06:05 INFO  epoch 29 training [time: 0.08s, train loss: 4.6633]
Mon 21 Oct 2024 16:06:06 INFO  epoch 29 evaluating [time: 0.06s, valid_score: 0.348800]
Mon 21 Oct 2024 16:06:06 INFO  valid result: 
recall@10 : 0.1795    mrr@10 : 0.3488    ndcg@10 : 0.1994    hit@10 : 0.6914    precision@10 : 0.1374
Mon 21 Oct 2024 16:06:06 INFO  Saving current: saved/BPR-Oct-21-2024_16-06-00.pth
Mon 21 Oct 2024 16:06:06 INFO  epoch 30 training [time: 0.09s, train loss: 4.5970]
Mon 21 Oct 2024 16:06:06 INFO  epoch 30 evaluating [time: 0.06s, valid_score: 0.350300]
Mon 21 Oct 2024 16:06:06 INFO  valid result: 
recall@10 : 0.182    mrr@10 : 0.3503    ndcg@10 : 0.2013    hit@10 : 0.6946    precision@10 : 0.1402
Mon 21 Oct 2024 16:06:06 INFO  Saving current: saved/BPR-Oct-21-2024_16-06-00.pth
Mon 21 Oct 2024 16:06:06 INFO  epoch 31 training [time: 0.09s, train loss: 4.5691]
Mon 21 Oct 2024 16:06:06 INFO  epoch 31 evaluating [time: 0.06s, valid_score: 0.351400]
Mon 21 Oct 2024 16:06:06 INFO  valid result: 
recall@10 : 0.1824    mrr@10 : 0.3514    ndcg@10 : 0.202    hit@10 : 0.6925    precision@10 : 0.1411
Mon 21 Oct 2024 16:06:06 INFO  Saving current: saved/BPR-Oct-21-2024_16-06-00.pth
Mon 21 Oct 2024 16:06:06 INFO  epoch 32 training [time: 0.08s, train loss: 4.4807]
Mon 21 Oct 2024 16:06:06 INFO  epoch 32 evaluating [time: 0.06s, valid_score: 0.354200]
Mon 21 Oct 2024 16:06:06 INFO  valid result: 
recall@10 : 0.1854    mrr@10 : 0.3542    ndcg@10 : 0.2041    hit@10 : 0.6967    precision@10 : 0.1423
Mon 21 Oct 2024 16:06:06 INFO  Saving current: saved/BPR-Oct-21-2024_16-06-00.pth
Mon 21 Oct 2024 16:06:06 INFO  epoch 33 training [time: 0.08s, train loss: 4.3949]
Mon 21 Oct 2024 16:06:06 INFO  epoch 33 evaluating [time: 0.06s, valid_score: 0.354100]
Mon 21 Oct 2024 16:06:06 INFO  valid result: 
recall@10 : 0.186    mrr@10 : 0.3541    ndcg@10 : 0.2048    hit@10 : 0.6978    precision@10 : 0.1427
Mon 21 Oct 2024 16:06:06 INFO  epoch 34 training [time: 0.09s, train loss: 4.3893]
Mon 21 Oct 2024 16:06:06 INFO  epoch 34 evaluating [time: 0.06s, valid_score: 0.354900]
Mon 21 Oct 2024 16:06:06 INFO  valid result: 
recall@10 : 0.1873    mrr@10 : 0.3549    ndcg@10 : 0.2055    hit@10 : 0.6999    precision@10 : 0.1426
Mon 21 Oct 2024 16:06:06 INFO  Saving current: saved/BPR-Oct-21-2024_16-06-00.pth
Mon 21 Oct 2024 16:06:06 INFO  epoch 35 training [time: 0.09s, train loss: 4.3148]
Mon 21 Oct 2024 16:06:06 INFO  epoch 35 evaluating [time: 0.06s, valid_score: 0.360700]
Mon 21 Oct 2024 16:06:06 INFO  valid result: 
recall@10 : 0.1891    mrr@10 : 0.3607    ndcg@10 : 0.2084    hit@10 : 0.7084    precision@10 : 0.1445
Mon 21 Oct 2024 16:06:06 INFO  Saving current: saved/BPR-Oct-21-2024_16-06-00.pth
Mon 21 Oct 2024 16:06:07 INFO  epoch 36 training [time: 0.09s, train loss: 4.2335]
Mon 21 Oct 2024 16:06:07 INFO  epoch 36 evaluating [time: 0.07s, valid_score: 0.360500]
Mon 21 Oct 2024 16:06:07 INFO  valid result: 
recall@10 : 0.1911    mrr@10 : 0.3605    ndcg@10 : 0.2094    hit@10 : 0.7116    precision@10 : 0.1461
Mon 21 Oct 2024 16:06:07 INFO  epoch 37 training [time: 0.08s, train loss: 4.1916]
Mon 21 Oct 2024 16:06:07 INFO  epoch 37 evaluating [time: 0.06s, valid_score: 0.359100]
Mon 21 Oct 2024 16:06:07 INFO  valid result: 
recall@10 : 0.1926    mrr@10 : 0.3591    ndcg@10 : 0.2101    hit@10 : 0.7147    precision@10 : 0.1466
Mon 21 Oct 2024 16:06:07 INFO  epoch 38 training [time: 0.09s, train loss: 4.1319]
Mon 21 Oct 2024 16:06:07 INFO  epoch 38 evaluating [time: 0.06s, valid_score: 0.360800]
Mon 21 Oct 2024 16:06:07 INFO  valid result: 
recall@10 : 0.1953    mrr@10 : 0.3608    ndcg@10 : 0.2114    hit@10 : 0.7169    precision@10 : 0.1473
Mon 21 Oct 2024 16:06:07 INFO  Saving current: saved/BPR-Oct-21-2024_16-06-00.pth
Mon 21 Oct 2024 16:06:07 INFO  epoch 39 training [time: 0.08s, train loss: 4.1195]
Mon 21 Oct 2024 16:06:07 INFO  epoch 39 evaluating [time: 0.06s, valid_score: 0.363300]
Mon 21 Oct 2024 16:06:07 INFO  valid result: 
recall@10 : 0.1951    mrr@10 : 0.3633    ndcg@10 : 0.2122    hit@10 : 0.7126    precision@10 : 0.1473
Mon 21 Oct 2024 16:06:07 INFO  Saving current: saved/BPR-Oct-21-2024_16-06-00.pth
Mon 21 Oct 2024 16:06:07 INFO  epoch 40 training [time: 0.08s, train loss: 4.0804]
Mon 21 Oct 2024 16:06:07 INFO  epoch 40 evaluating [time: 0.06s, valid_score: 0.364300]
Mon 21 Oct 2024 16:06:07 INFO  valid result: 
recall@10 : 0.1925    mrr@10 : 0.3643    ndcg@10 : 0.2111    hit@10 : 0.7105    precision@10 : 0.1467
Mon 21 Oct 2024 16:06:07 INFO  Saving current: saved/BPR-Oct-21-2024_16-06-00.pth
Mon 21 Oct 2024 16:06:07 INFO  epoch 41 training [time: 0.08s, train loss: 3.9745]
Mon 21 Oct 2024 16:06:07 INFO  epoch 41 evaluating [time: 0.06s, valid_score: 0.366200]
Mon 21 Oct 2024 16:06:07 INFO  valid result: 
recall@10 : 0.1946    mrr@10 : 0.3662    ndcg@10 : 0.2127    hit@10 : 0.7147    precision@10 : 0.1472
Mon 21 Oct 2024 16:06:07 INFO  Saving current: saved/BPR-Oct-21-2024_16-06-00.pth
Mon 21 Oct 2024 16:06:07 INFO  epoch 42 training [time: 0.08s, train loss: 3.9384]
Mon 21 Oct 2024 16:06:07 INFO  epoch 42 evaluating [time: 0.06s, valid_score: 0.366200]
Mon 21 Oct 2024 16:06:07 INFO  valid result: 
recall@10 : 0.1927    mrr@10 : 0.3662    ndcg@10 : 0.2127    hit@10 : 0.7094    precision@10 : 0.1485
Mon 21 Oct 2024 16:06:07 INFO  Saving current: saved/BPR-Oct-21-2024_16-06-00.pth
Mon 21 Oct 2024 16:06:08 INFO  epoch 43 training [time: 0.08s, train loss: 3.9306]
Mon 21 Oct 2024 16:06:08 INFO  epoch 43 evaluating [time: 0.06s, valid_score: 0.364800]
Mon 21 Oct 2024 16:06:08 INFO  valid result: 
recall@10 : 0.1932    mrr@10 : 0.3648    ndcg@10 : 0.2131    hit@10 : 0.7105    precision@10 : 0.149
Mon 21 Oct 2024 16:06:08 INFO  epoch 44 training [time: 0.08s, train loss: 3.8689]
Mon 21 Oct 2024 16:06:08 INFO  epoch 44 evaluating [time: 0.06s, valid_score: 0.370000]
Mon 21 Oct 2024 16:06:08 INFO  valid result: 
recall@10 : 0.1931    mrr@10 : 0.37    ndcg@10 : 0.214    hit@10 : 0.7116    precision@10 : 0.1483
Mon 21 Oct 2024 16:06:08 INFO  Saving current: saved/BPR-Oct-21-2024_16-06-00.pth
Mon 21 Oct 2024 16:06:08 INFO  epoch 45 training [time: 0.09s, train loss: 3.8635]
Mon 21 Oct 2024 16:06:08 INFO  epoch 45 evaluating [time: 0.06s, valid_score: 0.366300]
Mon 21 Oct 2024 16:06:08 INFO  valid result: 
recall@10 : 0.194    mrr@10 : 0.3663    ndcg@10 : 0.2131    hit@10 : 0.7158    precision@10 : 0.1485
Mon 21 Oct 2024 16:06:08 INFO  epoch 46 training [time: 0.08s, train loss: 3.7986]
Mon 21 Oct 2024 16:06:08 INFO  epoch 46 evaluating [time: 0.06s, valid_score: 0.368300]
Mon 21 Oct 2024 16:06:08 INFO  valid result: 
recall@10 : 0.1944    mrr@10 : 0.3683    ndcg@10 : 0.2136    hit@10 : 0.7137    precision@10 : 0.1479
Mon 21 Oct 2024 16:06:08 INFO  epoch 47 training [time: 0.09s, train loss: 3.7251]
Mon 21 Oct 2024 16:06:08 INFO  epoch 47 evaluating [time: 0.09s, valid_score: 0.371800]
Mon 21 Oct 2024 16:06:08 INFO  valid result: 
recall@10 : 0.1949    mrr@10 : 0.3718    ndcg@10 : 0.2158    hit@10 : 0.719    precision@10 : 0.149
Mon 21 Oct 2024 16:06:08 INFO  Saving current: saved/BPR-Oct-21-2024_16-06-00.pth
Mon 21 Oct 2024 16:06:08 INFO  epoch 48 training [time: 0.08s, train loss: 3.6694]
Mon 21 Oct 2024 16:06:08 INFO  epoch 48 evaluating [time: 0.06s, valid_score: 0.369800]
Mon 21 Oct 2024 16:06:08 INFO  valid result: 
recall@10 : 0.1963    mrr@10 : 0.3698    ndcg@10 : 0.216    hit@10 : 0.72    precision@10 : 0.1498
Mon 21 Oct 2024 16:06:08 INFO  epoch 49 training [time: 0.09s, train loss: 3.6345]
Mon 21 Oct 2024 16:06:09 INFO  epoch 49 evaluating [time: 0.06s, valid_score: 0.367000]
Mon 21 Oct 2024 16:06:09 INFO  valid result: 
recall@10 : 0.1969    mrr@10 : 0.367    ndcg@10 : 0.2172    hit@10 : 0.7169    precision@10 : 0.1519
Mon 21 Oct 2024 16:06:09 INFO  epoch 50 training [time: 0.08s, train loss: 3.6492]
Mon 21 Oct 2024 16:06:09 INFO  epoch 50 evaluating [time: 0.06s, valid_score: 0.364800]
Mon 21 Oct 2024 16:06:09 INFO  valid result: 
recall@10 : 0.1973    mrr@10 : 0.3648    ndcg@10 : 0.2162    hit@10 : 0.72    precision@10 : 0.151
Mon 21 Oct 2024 16:06:09 INFO  epoch 51 training [time: 0.09s, train loss: 3.6174]
Mon 21 Oct 2024 16:06:09 INFO  epoch 51 evaluating [time: 0.06s, valid_score: 0.366900]
Mon 21 Oct 2024 16:06:09 INFO  valid result: 
recall@10 : 0.196    mrr@10 : 0.3669    ndcg@10 : 0.2155    hit@10 : 0.7232    precision@10 : 0.1504
Mon 21 Oct 2024 16:06:09 INFO  epoch 52 training [time: 0.09s, train loss: 3.5512]
Mon 21 Oct 2024 16:06:09 INFO  epoch 52 evaluating [time: 0.06s, valid_score: 0.367900]
Mon 21 Oct 2024 16:06:09 INFO  valid result: 
recall@10 : 0.1965    mrr@10 : 0.3679    ndcg@10 : 0.2165    hit@10 : 0.72    precision@10 : 0.1506
Mon 21 Oct 2024 16:06:09 INFO  epoch 53 training [time: 0.08s, train loss: 3.4837]
Mon 21 Oct 2024 16:06:09 INFO  epoch 53 evaluating [time: 0.06s, valid_score: 0.370100]
Mon 21 Oct 2024 16:06:09 INFO  valid result: 
recall@10 : 0.1968    mrr@10 : 0.3701    ndcg@10 : 0.2169    hit@10 : 0.7243    precision@10 : 0.1508
Mon 21 Oct 2024 16:06:09 INFO  epoch 54 training [time: 0.08s, train loss: 3.4759]
Mon 21 Oct 2024 16:06:09 INFO  epoch 54 evaluating [time: 0.06s, valid_score: 0.371500]
Mon 21 Oct 2024 16:06:09 INFO  valid result: 
recall@10 : 0.198    mrr@10 : 0.3715    ndcg@10 : 0.2172    hit@10 : 0.7243    precision@10 : 0.1514
Mon 21 Oct 2024 16:06:09 INFO  epoch 55 training [time: 0.08s, train loss: 3.3876]
Mon 21 Oct 2024 16:06:09 INFO  epoch 55 evaluating [time: 0.06s, valid_score: 0.374200]
Mon 21 Oct 2024 16:06:09 INFO  valid result: 
recall@10 : 0.2006    mrr@10 : 0.3742    ndcg@10 : 0.2193    hit@10 : 0.7306    precision@10 : 0.1524
Mon 21 Oct 2024 16:06:09 INFO  Saving current: saved/BPR-Oct-21-2024_16-06-00.pth
Mon 21 Oct 2024 16:06:10 INFO  epoch 56 training [time: 0.08s, train loss: 3.4516]
Mon 21 Oct 2024 16:06:10 INFO  epoch 56 evaluating [time: 0.06s, valid_score: 0.369100]
Mon 21 Oct 2024 16:06:10 INFO  valid result: 
recall@10 : 0.1986    mrr@10 : 0.3691    ndcg@10 : 0.217    hit@10 : 0.7222    precision@10 : 0.1517
Mon 21 Oct 2024 16:06:10 INFO  epoch 57 training [time: 0.08s, train loss: 3.3786]
Mon 21 Oct 2024 16:06:10 INFO  epoch 57 evaluating [time: 0.06s, valid_score: 0.370200]
Mon 21 Oct 2024 16:06:10 INFO  valid result: 
recall@10 : 0.1974    mrr@10 : 0.3702    ndcg@10 : 0.2165    hit@10 : 0.7137    precision@10 : 0.1506
Mon 21 Oct 2024 16:06:10 INFO  epoch 58 training [time: 0.09s, train loss: 3.3487]
Mon 21 Oct 2024 16:06:10 INFO  epoch 58 evaluating [time: 0.06s, valid_score: 0.368700]
Mon 21 Oct 2024 16:06:10 INFO  valid result: 
recall@10 : 0.1968    mrr@10 : 0.3687    ndcg@10 : 0.2169    hit@10 : 0.7158    precision@10 : 0.1515
Mon 21 Oct 2024 16:06:10 INFO  epoch 59 training [time: 0.08s, train loss: 3.3235]
Mon 21 Oct 2024 16:06:10 INFO  epoch 59 evaluating [time: 0.06s, valid_score: 0.369200]
Mon 21 Oct 2024 16:06:10 INFO  valid result: 
recall@10 : 0.198    mrr@10 : 0.3692    ndcg@10 : 0.218    hit@10 : 0.719    precision@10 : 0.1524
Mon 21 Oct 2024 16:06:10 INFO  epoch 60 training [time: 0.08s, train loss: 3.2852]
Mon 21 Oct 2024 16:06:10 INFO  epoch 60 evaluating [time: 0.06s, valid_score: 0.371900]
Mon 21 Oct 2024 16:06:10 INFO  valid result: 
recall@10 : 0.1965    mrr@10 : 0.3719    ndcg@10 : 0.2182    hit@10 : 0.72    precision@10 : 0.1523
Mon 21 Oct 2024 16:06:10 INFO  epoch 61 training [time: 0.08s, train loss: 3.2887]
Mon 21 Oct 2024 16:06:10 INFO  epoch 61 evaluating [time: 0.06s, valid_score: 0.367300]
Mon 21 Oct 2024 16:06:10 INFO  valid result: 
recall@10 : 0.1982    mrr@10 : 0.3673    ndcg@10 : 0.2181    hit@10 : 0.7222    precision@10 : 0.1526
Mon 21 Oct 2024 16:06:10 INFO  epoch 62 training [time: 0.08s, train loss: 3.2412]
Mon 21 Oct 2024 16:06:10 INFO  epoch 62 evaluating [time: 0.06s, valid_score: 0.368700]
Mon 21 Oct 2024 16:06:10 INFO  valid result: 
recall@10 : 0.1995    mrr@10 : 0.3687    ndcg@10 : 0.2185    hit@10 : 0.7253    precision@10 : 0.1526
Mon 21 Oct 2024 16:06:11 INFO  epoch 63 training [time: 0.09s, train loss: 3.2204]
Mon 21 Oct 2024 16:06:11 INFO  epoch 63 evaluating [time: 0.06s, valid_score: 0.374100]
Mon 21 Oct 2024 16:06:11 INFO  valid result: 
recall@10 : 0.202    mrr@10 : 0.3741    ndcg@10 : 0.2204    hit@10 : 0.7317    precision@10 : 0.1539
Mon 21 Oct 2024 16:06:11 INFO  epoch 64 training [time: 0.09s, train loss: 3.1750]
Mon 21 Oct 2024 16:06:11 INFO  epoch 64 evaluating [time: 0.06s, valid_score: 0.375900]
Mon 21 Oct 2024 16:06:11 INFO  valid result: 
recall@10 : 0.2026    mrr@10 : 0.3759    ndcg@10 : 0.2213    hit@10 : 0.7317    precision@10 : 0.1541
Mon 21 Oct 2024 16:06:11 INFO  Saving current: saved/BPR-Oct-21-2024_16-06-00.pth
Mon 21 Oct 2024 16:06:11 INFO  epoch 65 training [time: 0.08s, train loss: 3.1390]
Mon 21 Oct 2024 16:06:11 INFO  epoch 65 evaluating [time: 0.06s, valid_score: 0.377400]
Mon 21 Oct 2024 16:06:11 INFO  valid result: 
recall@10 : 0.2012    mrr@10 : 0.3774    ndcg@10 : 0.2213    hit@10 : 0.7338    precision@10 : 0.1538
Mon 21 Oct 2024 16:06:11 INFO  Saving current: saved/BPR-Oct-21-2024_16-06-00.pth
Mon 21 Oct 2024 16:06:11 INFO  epoch 66 training [time: 0.08s, train loss: 3.1191]
Mon 21 Oct 2024 16:06:11 INFO  epoch 66 evaluating [time: 0.06s, valid_score: 0.379400]
Mon 21 Oct 2024 16:06:11 INFO  valid result: 
recall@10 : 0.2004    mrr@10 : 0.3794    ndcg@10 : 0.2211    hit@10 : 0.7296    precision@10 : 0.1531
Mon 21 Oct 2024 16:06:11 INFO  Saving current: saved/BPR-Oct-21-2024_16-06-00.pth
Mon 21 Oct 2024 16:06:11 INFO  epoch 67 training [time: 0.09s, train loss: 3.0923]
Mon 21 Oct 2024 16:06:11 INFO  epoch 67 evaluating [time: 0.06s, valid_score: 0.376300]
Mon 21 Oct 2024 16:06:11 INFO  valid result: 
recall@10 : 0.2016    mrr@10 : 0.3763    ndcg@10 : 0.221    hit@10 : 0.7338    precision@10 : 0.1541
Mon 21 Oct 2024 16:06:11 INFO  epoch 68 training [time: 0.14s, train loss: 3.0141]
Mon 21 Oct 2024 16:06:11 INFO  epoch 68 evaluating [time: 0.06s, valid_score: 0.375200]
Mon 21 Oct 2024 16:06:11 INFO  valid result: 
recall@10 : 0.2021    mrr@10 : 0.3752    ndcg@10 : 0.2212    hit@10 : 0.7317    precision@10 : 0.1545
Mon 21 Oct 2024 16:06:11 INFO  epoch 69 training [time: 0.09s, train loss: 3.0360]
Mon 21 Oct 2024 16:06:12 INFO  epoch 69 evaluating [time: 0.06s, valid_score: 0.374800]
Mon 21 Oct 2024 16:06:12 INFO  valid result: 
recall@10 : 0.2022    mrr@10 : 0.3748    ndcg@10 : 0.2215    hit@10 : 0.7402    precision@10 : 0.1555
Mon 21 Oct 2024 16:06:12 INFO  epoch 70 training [time: 0.09s, train loss: 2.9834]
Mon 21 Oct 2024 16:06:12 INFO  epoch 70 evaluating [time: 0.06s, valid_score: 0.381500]
Mon 21 Oct 2024 16:06:12 INFO  valid result: 
recall@10 : 0.2013    mrr@10 : 0.3815    ndcg@10 : 0.2227    hit@10 : 0.737    precision@10 : 0.1543
Mon 21 Oct 2024 16:06:12 INFO  Saving current: saved/BPR-Oct-21-2024_16-06-00.pth
Mon 21 Oct 2024 16:06:12 INFO  epoch 71 training [time: 0.09s, train loss: 2.9775]
Mon 21 Oct 2024 16:06:12 INFO  epoch 71 evaluating [time: 0.06s, valid_score: 0.382000]
Mon 21 Oct 2024 16:06:12 INFO  valid result: 
recall@10 : 0.2061    mrr@10 : 0.382    ndcg@10 : 0.2251    hit@10 : 0.7455    precision@10 : 0.1562
Mon 21 Oct 2024 16:06:12 INFO  Saving current: saved/BPR-Oct-21-2024_16-06-00.pth
Mon 21 Oct 2024 16:06:12 INFO  epoch 72 training [time: 0.09s, train loss: 2.9928]
Mon 21 Oct 2024 16:06:12 INFO  epoch 72 evaluating [time: 0.07s, valid_score: 0.381500]
Mon 21 Oct 2024 16:06:12 INFO  valid result: 
recall@10 : 0.2067    mrr@10 : 0.3815    ndcg@10 : 0.225    hit@10 : 0.7476    precision@10 : 0.1563
Mon 21 Oct 2024 16:06:12 INFO  epoch 73 training [time: 0.08s, train loss: 2.9634]
Mon 21 Oct 2024 16:06:12 INFO  epoch 73 evaluating [time: 0.06s, valid_score: 0.378100]
Mon 21 Oct 2024 16:06:12 INFO  valid result: 
recall@10 : 0.2043    mrr@10 : 0.3781    ndcg@10 : 0.2232    hit@10 : 0.7413    precision@10 : 0.1556
Mon 21 Oct 2024 16:06:12 INFO  epoch 74 training [time: 0.08s, train loss: 2.9166]
Mon 21 Oct 2024 16:06:12 INFO  epoch 74 evaluating [time: 0.06s, valid_score: 0.381100]
Mon 21 Oct 2024 16:06:12 INFO  valid result: 
recall@10 : 0.2087    mrr@10 : 0.3811    ndcg@10 : 0.2256    hit@10 : 0.7455    precision@10 : 0.1571
Mon 21 Oct 2024 16:06:12 INFO  epoch 75 training [time: 0.08s, train loss: 2.8831]
Mon 21 Oct 2024 16:06:12 INFO  epoch 75 evaluating [time: 0.06s, valid_score: 0.384200]
Mon 21 Oct 2024 16:06:12 INFO  valid result: 
recall@10 : 0.2102    mrr@10 : 0.3842    ndcg@10 : 0.2272    hit@10 : 0.7466    precision@10 : 0.158
Mon 21 Oct 2024 16:06:12 INFO  Saving current: saved/BPR-Oct-21-2024_16-06-00.pth
Mon 21 Oct 2024 16:06:13 INFO  epoch 76 training [time: 0.08s, train loss: 2.8808]
Mon 21 Oct 2024 16:06:13 INFO  epoch 76 evaluating [time: 0.06s, valid_score: 0.380800]
Mon 21 Oct 2024 16:06:13 INFO  valid result: 
recall@10 : 0.207    mrr@10 : 0.3808    ndcg@10 : 0.2251    hit@10 : 0.7423    precision@10 : 0.1564
Mon 21 Oct 2024 16:06:13 INFO  epoch 77 training [time: 0.08s, train loss: 2.8157]
Mon 21 Oct 2024 16:06:13 INFO  epoch 77 evaluating [time: 0.06s, valid_score: 0.388400]
Mon 21 Oct 2024 16:06:13 INFO  valid result: 
recall@10 : 0.2099    mrr@10 : 0.3884    ndcg@10 : 0.2288    hit@10 : 0.7476    precision@10 : 0.158
Mon 21 Oct 2024 16:06:13 INFO  Saving current: saved/BPR-Oct-21-2024_16-06-00.pth
Mon 21 Oct 2024 16:06:13 INFO  epoch 78 training [time: 0.09s, train loss: 2.8437]
Mon 21 Oct 2024 16:06:13 INFO  epoch 78 evaluating [time: 0.06s, valid_score: 0.387600]
Mon 21 Oct 2024 16:06:13 INFO  valid result: 
recall@10 : 0.2089    mrr@10 : 0.3876    ndcg@10 : 0.228    hit@10 : 0.7455    precision@10 : 0.1575
Mon 21 Oct 2024 16:06:13 INFO  epoch 79 training [time: 0.08s, train loss: 2.7840]
Mon 21 Oct 2024 16:06:13 INFO  epoch 79 evaluating [time: 0.06s, valid_score: 0.388900]
Mon 21 Oct 2024 16:06:13 INFO  valid result: 
recall@10 : 0.2092    mrr@10 : 0.3889    ndcg@10 : 0.2289    hit@10 : 0.7466    precision@10 : 0.1585
Mon 21 Oct 2024 16:06:13 INFO  Saving current: saved/BPR-Oct-21-2024_16-06-00.pth
Mon 21 Oct 2024 16:06:13 INFO  epoch 80 training [time: 0.08s, train loss: 2.7883]
Mon 21 Oct 2024 16:06:13 INFO  epoch 80 evaluating [time: 0.06s, valid_score: 0.388700]
Mon 21 Oct 2024 16:06:13 INFO  valid result: 
recall@10 : 0.2055    mrr@10 : 0.3887    ndcg@10 : 0.2272    hit@10 : 0.7402    precision@10 : 0.1565
Mon 21 Oct 2024 16:06:13 INFO  epoch 81 training [time: 0.08s, train loss: 2.7235]
Mon 21 Oct 2024 16:06:13 INFO  epoch 81 evaluating [time: 0.06s, valid_score: 0.385800]
Mon 21 Oct 2024 16:06:13 INFO  valid result: 
recall@10 : 0.2085    mrr@10 : 0.3858    ndcg@10 : 0.2276    hit@10 : 0.7413    precision@10 : 0.1573
Mon 21 Oct 2024 16:06:13 INFO  epoch 82 training [time: 0.08s, train loss: 2.6803]
Mon 21 Oct 2024 16:06:13 INFO  epoch 82 evaluating [time: 0.06s, valid_score: 0.383400]
Mon 21 Oct 2024 16:06:13 INFO  valid result: 
recall@10 : 0.2063    mrr@10 : 0.3834    ndcg@10 : 0.2266    hit@10 : 0.7328    precision@10 : 0.1568
Mon 21 Oct 2024 16:06:14 INFO  epoch 83 training [time: 0.09s, train loss: 2.6603]
Mon 21 Oct 2024 16:06:14 INFO  epoch 83 evaluating [time: 0.06s, valid_score: 0.383000]
Mon 21 Oct 2024 16:06:14 INFO  valid result: 
recall@10 : 0.2094    mrr@10 : 0.383    ndcg@10 : 0.2271    hit@10 : 0.7402    precision@10 : 0.1571
Mon 21 Oct 2024 16:06:14 INFO  epoch 84 training [time: 0.09s, train loss: 2.6239]
Mon 21 Oct 2024 16:06:14 INFO  epoch 84 evaluating [time: 0.06s, valid_score: 0.382200]
Mon 21 Oct 2024 16:06:14 INFO  valid result: 
recall@10 : 0.2085    mrr@10 : 0.3822    ndcg@10 : 0.2277    hit@10 : 0.7359    precision@10 : 0.1579
Mon 21 Oct 2024 16:06:14 INFO  epoch 85 training [time: 0.08s, train loss: 2.6320]
Mon 21 Oct 2024 16:06:14 INFO  epoch 85 evaluating [time: 0.06s, valid_score: 0.378400]
Mon 21 Oct 2024 16:06:14 INFO  valid result: 
recall@10 : 0.2083    mrr@10 : 0.3784    ndcg@10 : 0.2266    hit@10 : 0.7328    precision@10 : 0.1568
Mon 21 Oct 2024 16:06:14 INFO  epoch 86 training [time: 0.08s, train loss: 2.5967]
Mon 21 Oct 2024 16:06:14 INFO  epoch 86 evaluating [time: 0.06s, valid_score: 0.379500]
Mon 21 Oct 2024 16:06:14 INFO  valid result: 
recall@10 : 0.2093    mrr@10 : 0.3795    ndcg@10 : 0.2273    hit@10 : 0.737    precision@10 : 0.1577
Mon 21 Oct 2024 16:06:14 INFO  epoch 87 training [time: 0.10s, train loss: 2.6153]
Mon 21 Oct 2024 16:06:14 INFO  epoch 87 evaluating [time: 0.06s, valid_score: 0.380300]
Mon 21 Oct 2024 16:06:14 INFO  valid result: 
recall@10 : 0.2115    mrr@10 : 0.3803    ndcg@10 : 0.2288    hit@10 : 0.7466    precision@10 : 0.1591
Mon 21 Oct 2024 16:06:14 INFO  epoch 88 training [time: 0.09s, train loss: 2.5559]
Mon 21 Oct 2024 16:06:14 INFO  epoch 88 evaluating [time: 0.06s, valid_score: 0.382200]
Mon 21 Oct 2024 16:06:14 INFO  valid result: 
recall@10 : 0.2145    mrr@10 : 0.3822    ndcg@10 : 0.2304    hit@10 : 0.7455    precision@10 : 0.1595
Mon 21 Oct 2024 16:06:14 INFO  epoch 89 training [time: 0.08s, train loss: 2.5155]
Mon 21 Oct 2024 16:06:15 INFO  epoch 89 evaluating [time: 0.06s, valid_score: 0.383500]
Mon 21 Oct 2024 16:06:15 INFO  valid result: 
recall@10 : 0.2131    mrr@10 : 0.3835    ndcg@10 : 0.2301    hit@10 : 0.7444    precision@10 : 0.1593
Mon 21 Oct 2024 16:06:15 INFO  epoch 90 training [time: 0.09s, train loss: 2.5301]
Mon 21 Oct 2024 16:06:15 INFO  epoch 90 evaluating [time: 0.06s, valid_score: 0.383600]
Mon 21 Oct 2024 16:06:15 INFO  valid result: 
recall@10 : 0.2145    mrr@10 : 0.3836    ndcg@10 : 0.2303    hit@10 : 0.7508    precision@10 : 0.159
Mon 21 Oct 2024 16:06:15 INFO  Finished training, best eval result in epoch 79
Mon 21 Oct 2024 16:06:15 INFO  Loading model structure and parameters from saved/BPR-Oct-21-2024_16-06-00.pth
Mon 21 Oct 2024 16:06:16 INFO  The running environment of this training is as follows:
+-------------+----------------+
| Environment |     Usage      |
+=============+================+
| CPU         |    20.20 %     |
+-------------+----------------+
| GPU         |   0.0 / 0.0    |
+-------------+----------------+
| Memory      | 0.43 G/16.00 G |
+-------------+----------------+
Mon 21 Oct 2024 16:06:16 INFO  best valid : OrderedDict([('recall@10', 0.2092), ('mrr@10', 0.3889), ('ndcg@10', 0.2289), ('hit@10', 0.7466), ('precision@10', 0.1585)])
Mon 21 Oct 2024 16:06:16 INFO  test result: OrderedDict([('recall@10', 0.2445), ('mrr@10', 0.4807), ('ndcg@10', 0.2916), ('hit@10', 0.7794), ('precision@10', 0.1987)])
