Mon 21 Oct 2024 17:21:38 INFO  ['run.py']
Mon 21 Oct 2024 17:21:38 INFO  
General Hyper Parameters:
gpu_id = 0
use_gpu = True
seed = 2020
state = INFO
reproducibility = True
data_path = /Users/a58/miniconda3/envs/recbole/lib/python3.8/site-packages/recbole/config/../dataset_example/ml-100k
checkpoint_dir = saved
show_progress = True
save_dataset = False
dataset_save_path = None
save_dataloaders = False
dataloaders_save_path = None
log_wandb = False

Training Hyper Parameters:
epochs = 500
train_batch_size = 4096
learner = adam
learning_rate = 0.001
train_neg_sample_args = {'distribution': 'none', 'sample_num': 'none', 'alpha': 'none', 'dynamic': False, 'candidate_num': 0}
eval_step = 1
stopping_step = 10
clip_grad_norm = None
weight_decay = 0.0
loss_decimal_place = 4

Evaluation Hyper Parameters:
eval_args = {'split': {'RS': [0.8, 0.1, 0.1]}, 'order': 'RO', 'group_by': None, 'mode': {'valid': 'labeled', 'test': 'labeled'}}
repeatable = False
metrics = ['AUC', 'LogLoss']
topk = [10]
valid_metric = AUC
valid_metric_bigger = True
eval_batch_size = 4096
metric_decimal_place = 4

Dataset Hyper Parameters:
field_separator = 	
seq_separator =  
USER_ID_FIELD = user_id
ITEM_ID_FIELD = item_id
RATING_FIELD = rating
TIME_FIELD = timestamp
seq_len = None
LABEL_FIELD = label
threshold = {'rating': 4}
NEG_PREFIX = neg_
load_col = {'inter': ['user_id', 'item_id', 'rating', 'timestamp'], 'user': ['user_id', 'age', 'gender', 'occupation'], 'item': ['item_id', 'release_year', 'class']}
unload_col = None
unused_col = None
additional_feat_suffix = None
rm_dup_inter = None
val_interval = None
filter_inter_by_user_or_item = True
user_inter_num_interval = None
item_inter_num_interval = None
alias_of_user_id = None
alias_of_item_id = None
alias_of_entity_id = None
alias_of_relation_id = None
preload_weight = None
normalize_field = None
normalize_all = True
ITEM_LIST_LENGTH_FIELD = item_length
LIST_SUFFIX = _list
MAX_ITEM_LIST_LENGTH = 50
POSITION_FIELD = position_id
HEAD_ENTITY_ID_FIELD = head_id
TAIL_ENTITY_ID_FIELD = tail_id
RELATION_ID_FIELD = relation_id
ENTITY_ID_FIELD = entity_id
kg_reverse_r = False
entity_kg_num_interval = None
relation_kg_num_interval = None
benchmark_filename = None

Other Hyper Parameters: 
worker = 0
wandb_project = recbole
shuffle = True
require_pow = False
enable_amp = False
enable_scaler = False
transform = None
embedding_size = 10
numerical_features = []
discretization = None
MODEL_TYPE = ModelType.CONTEXT
MODEL_INPUT_TYPE = InputType.POINTWISE
eval_type = EvaluatorType.VALUE
single_spec = True
local_rank = 0
device = cpu
valid_neg_sample_args = {'distribution': 'none', 'sample_num': 'none'}
test_neg_sample_args = {'distribution': 'none', 'sample_num': 'none'}


Mon 21 Oct 2024 17:21:38 INFO  ml-100k
The number of users: 944
Average actions of users: 106.04453870625663
The number of items: 1683
Average actions of items: 59.45303210463734
The number of inters: 100000
The sparsity of the dataset: 93.70575143257098%
Remain Fields: ['user_id', 'item_id', 'timestamp', 'age', 'gender', 'occupation', 'release_year', 'class', 'label']
Mon 21 Oct 2024 17:21:38 INFO  [Training]: train_batch_size = [4096] train_neg_sample_args: [{'distribution': 'none', 'sample_num': 'none', 'alpha': 'none', 'dynamic': False, 'candidate_num': 0}]
Mon 21 Oct 2024 17:21:38 INFO  [Evaluation]: eval_batch_size = [4096] eval_args: [{'split': {'RS': [0.8, 0.1, 0.1]}, 'order': 'RO', 'group_by': None, 'mode': {'valid': 'labeled', 'test': 'labeled'}}]
Mon 21 Oct 2024 17:21:38 INFO  FM(
  (token_embedding_table): FMEmbedding(
    (embedding): Embedding(2788, 10)
  )
  (token_seq_embedding_table): ModuleList(
    (0): Embedding(20, 10)
  )
  (first_order_linear): FMFirstOrderLinear(
    (token_embedding_table): FMEmbedding(
      (embedding): Embedding(2788, 1)
    )
    (token_seq_embedding_table): ModuleList(
      (0): Embedding(20, 1)
    )
  )
  (fm): BaseFactorizationMachine()
  (sigmoid): Sigmoid()
  (loss): BCEWithLogitsLoss()
)
Trainable parameters: 30889
Mon 21 Oct 2024 17:21:38 INFO  FLOPs: 132.0
Mon 21 Oct 2024 17:21:39 INFO  epoch 0 training [time: 0.23s, train loss: 14.2183]
Mon 21 Oct 2024 17:21:39 INFO  epoch 0 evaluating [time: 0.02s, valid_score: 0.502500]
Mon 21 Oct 2024 17:21:39 INFO  valid result: 
auc : 0.5025    logloss : 0.699
Mon 21 Oct 2024 17:21:39 INFO  Saving current: saved/FM-Oct-21-2024_17-21-38.pth
Mon 21 Oct 2024 17:21:39 INFO  epoch 1 training [time: 0.19s, train loss: 13.7282]
Mon 21 Oct 2024 17:21:39 INFO  epoch 1 evaluating [time: 0.02s, valid_score: 0.585700]
Mon 21 Oct 2024 17:21:39 INFO  valid result: 
auc : 0.5857    logloss : 0.6782
Mon 21 Oct 2024 17:21:39 INFO  Saving current: saved/FM-Oct-21-2024_17-21-38.pth
Mon 21 Oct 2024 17:21:39 INFO  epoch 2 training [time: 0.19s, train loss: 13.2760]
Mon 21 Oct 2024 17:21:39 INFO  epoch 2 evaluating [time: 0.01s, valid_score: 0.664600]
Mon 21 Oct 2024 17:21:39 INFO  valid result: 
auc : 0.6646    logloss : 0.6582
Mon 21 Oct 2024 17:21:39 INFO  Saving current: saved/FM-Oct-21-2024_17-21-38.pth
Mon 21 Oct 2024 17:21:39 INFO  epoch 3 training [time: 0.18s, train loss: 12.8508]
Mon 21 Oct 2024 17:21:39 INFO  epoch 3 evaluating [time: 0.05s, valid_score: 0.708900]
Mon 21 Oct 2024 17:21:39 INFO  valid result: 
auc : 0.7089    logloss : 0.6395
Mon 21 Oct 2024 17:21:39 INFO  Saving current: saved/FM-Oct-21-2024_17-21-38.pth
Mon 21 Oct 2024 17:21:40 INFO  epoch 4 training [time: 0.19s, train loss: 12.4681]
Mon 21 Oct 2024 17:21:40 INFO  epoch 4 evaluating [time: 0.01s, valid_score: 0.729300]
Mon 21 Oct 2024 17:21:40 INFO  valid result: 
auc : 0.7293    logloss : 0.6235
Mon 21 Oct 2024 17:21:40 INFO  Saving current: saved/FM-Oct-21-2024_17-21-38.pth
Mon 21 Oct 2024 17:21:40 INFO  epoch 5 training [time: 0.18s, train loss: 12.1452]
Mon 21 Oct 2024 17:21:40 INFO  epoch 5 evaluating [time: 0.01s, valid_score: 0.741900]
Mon 21 Oct 2024 17:21:40 INFO  valid result: 
auc : 0.7419    logloss : 0.6101
Mon 21 Oct 2024 17:21:40 INFO  Saving current: saved/FM-Oct-21-2024_17-21-38.pth
Mon 21 Oct 2024 17:21:40 INFO  epoch 6 training [time: 0.18s, train loss: 11.8722]
Mon 21 Oct 2024 17:21:40 INFO  epoch 6 evaluating [time: 0.02s, valid_score: 0.750900]
Mon 21 Oct 2024 17:21:40 INFO  valid result: 
auc : 0.7509    logloss : 0.5994
Mon 21 Oct 2024 17:21:40 INFO  Saving current: saved/FM-Oct-21-2024_17-21-38.pth
Mon 21 Oct 2024 17:21:40 INFO  epoch 7 training [time: 0.18s, train loss: 11.6508]
Mon 21 Oct 2024 17:21:40 INFO  epoch 7 evaluating [time: 0.01s, valid_score: 0.757400]
Mon 21 Oct 2024 17:21:40 INFO  valid result: 
auc : 0.7574    logloss : 0.5909
Mon 21 Oct 2024 17:21:40 INFO  Saving current: saved/FM-Oct-21-2024_17-21-38.pth
Mon 21 Oct 2024 17:21:40 INFO  epoch 8 training [time: 0.18s, train loss: 11.4671]
Mon 21 Oct 2024 17:21:40 INFO  epoch 8 evaluating [time: 0.02s, valid_score: 0.762800]
Mon 21 Oct 2024 17:21:40 INFO  valid result: 
auc : 0.7628    logloss : 0.5839
Mon 21 Oct 2024 17:21:40 INFO  Saving current: saved/FM-Oct-21-2024_17-21-38.pth
Mon 21 Oct 2024 17:21:41 INFO  epoch 9 training [time: 0.18s, train loss: 11.3132]
Mon 21 Oct 2024 17:21:41 INFO  epoch 9 evaluating [time: 0.02s, valid_score: 0.766700]
Mon 21 Oct 2024 17:21:41 INFO  valid result: 
auc : 0.7667    logloss : 0.5785
Mon 21 Oct 2024 17:21:41 INFO  Saving current: saved/FM-Oct-21-2024_17-21-38.pth
Mon 21 Oct 2024 17:21:41 INFO  epoch 10 training [time: 0.20s, train loss: 11.1899]
Mon 21 Oct 2024 17:21:41 INFO  epoch 10 evaluating [time: 0.02s, valid_score: 0.769500]
Mon 21 Oct 2024 17:21:41 INFO  valid result: 
auc : 0.7695    logloss : 0.5742
Mon 21 Oct 2024 17:21:41 INFO  Saving current: saved/FM-Oct-21-2024_17-21-38.pth
Mon 21 Oct 2024 17:21:41 INFO  epoch 11 training [time: 0.18s, train loss: 11.0805]
Mon 21 Oct 2024 17:21:41 INFO  epoch 11 evaluating [time: 0.02s, valid_score: 0.771400]
Mon 21 Oct 2024 17:21:41 INFO  valid result: 
auc : 0.7714    logloss : 0.571
Mon 21 Oct 2024 17:21:41 INFO  Saving current: saved/FM-Oct-21-2024_17-21-38.pth
Mon 21 Oct 2024 17:21:41 INFO  epoch 12 training [time: 0.18s, train loss: 10.9942]
Mon 21 Oct 2024 17:21:41 INFO  epoch 12 evaluating [time: 0.01s, valid_score: 0.773600]
Mon 21 Oct 2024 17:21:41 INFO  valid result: 
auc : 0.7736    logloss : 0.5681
Mon 21 Oct 2024 17:21:41 INFO  Saving current: saved/FM-Oct-21-2024_17-21-38.pth
Mon 21 Oct 2024 17:21:41 INFO  epoch 13 training [time: 0.18s, train loss: 10.9124]
Mon 21 Oct 2024 17:21:41 INFO  epoch 13 evaluating [time: 0.02s, valid_score: 0.774700]
Mon 21 Oct 2024 17:21:41 INFO  valid result: 
auc : 0.7747    logloss : 0.5662
Mon 21 Oct 2024 17:21:41 INFO  Saving current: saved/FM-Oct-21-2024_17-21-38.pth
Mon 21 Oct 2024 17:21:42 INFO  epoch 14 training [time: 0.18s, train loss: 10.8422]
Mon 21 Oct 2024 17:21:42 INFO  epoch 14 evaluating [time: 0.02s, valid_score: 0.775900]
Mon 21 Oct 2024 17:21:42 INFO  valid result: 
auc : 0.7759    logloss : 0.5645
Mon 21 Oct 2024 17:21:42 INFO  Saving current: saved/FM-Oct-21-2024_17-21-38.pth
Mon 21 Oct 2024 17:21:42 INFO  epoch 15 training [time: 0.18s, train loss: 10.7870]
Mon 21 Oct 2024 17:21:42 INFO  epoch 15 evaluating [time: 0.02s, valid_score: 0.776900]
Mon 21 Oct 2024 17:21:42 INFO  valid result: 
auc : 0.7769    logloss : 0.5631
Mon 21 Oct 2024 17:21:42 INFO  Saving current: saved/FM-Oct-21-2024_17-21-38.pth
Mon 21 Oct 2024 17:21:42 INFO  epoch 16 training [time: 0.18s, train loss: 10.7351]
Mon 21 Oct 2024 17:21:42 INFO  epoch 16 evaluating [time: 0.02s, valid_score: 0.777600]
Mon 21 Oct 2024 17:21:42 INFO  valid result: 
auc : 0.7776    logloss : 0.5621
Mon 21 Oct 2024 17:21:42 INFO  Saving current: saved/FM-Oct-21-2024_17-21-38.pth
Mon 21 Oct 2024 17:21:42 INFO  epoch 17 training [time: 0.19s, train loss: 10.6813]
Mon 21 Oct 2024 17:21:42 INFO  epoch 17 evaluating [time: 0.01s, valid_score: 0.778200]
Mon 21 Oct 2024 17:21:42 INFO  valid result: 
auc : 0.7782    logloss : 0.5614
Mon 21 Oct 2024 17:21:42 INFO  Saving current: saved/FM-Oct-21-2024_17-21-38.pth
Mon 21 Oct 2024 17:21:42 INFO  epoch 18 training [time: 0.18s, train loss: 10.6528]
Mon 21 Oct 2024 17:21:42 INFO  epoch 18 evaluating [time: 0.02s, valid_score: 0.778700]
Mon 21 Oct 2024 17:21:42 INFO  valid result: 
auc : 0.7787    logloss : 0.5608
Mon 21 Oct 2024 17:21:42 INFO  Saving current: saved/FM-Oct-21-2024_17-21-38.pth
Mon 21 Oct 2024 17:21:43 INFO  epoch 19 training [time: 0.18s, train loss: 10.6142]
Mon 21 Oct 2024 17:21:43 INFO  epoch 19 evaluating [time: 0.02s, valid_score: 0.779300]
Mon 21 Oct 2024 17:21:43 INFO  valid result: 
auc : 0.7793    logloss : 0.5602
Mon 21 Oct 2024 17:21:43 INFO  Saving current: saved/FM-Oct-21-2024_17-21-38.pth
Mon 21 Oct 2024 17:21:43 INFO  epoch 20 training [time: 0.18s, train loss: 10.5792]
Mon 21 Oct 2024 17:21:43 INFO  epoch 20 evaluating [time: 0.02s, valid_score: 0.779800]
Mon 21 Oct 2024 17:21:43 INFO  valid result: 
auc : 0.7798    logloss : 0.5597
Mon 21 Oct 2024 17:21:43 INFO  Saving current: saved/FM-Oct-21-2024_17-21-38.pth
Mon 21 Oct 2024 17:21:43 INFO  epoch 21 training [time: 0.18s, train loss: 10.5455]
Mon 21 Oct 2024 17:21:43 INFO  epoch 21 evaluating [time: 0.02s, valid_score: 0.780000]
Mon 21 Oct 2024 17:21:43 INFO  valid result: 
auc : 0.78    logloss : 0.5595
Mon 21 Oct 2024 17:21:43 INFO  Saving current: saved/FM-Oct-21-2024_17-21-38.pth
Mon 21 Oct 2024 17:21:43 INFO  epoch 22 training [time: 0.18s, train loss: 10.5090]
Mon 21 Oct 2024 17:21:43 INFO  epoch 22 evaluating [time: 0.02s, valid_score: 0.780500]
Mon 21 Oct 2024 17:21:43 INFO  valid result: 
auc : 0.7805    logloss : 0.5591
Mon 21 Oct 2024 17:21:43 INFO  Saving current: saved/FM-Oct-21-2024_17-21-38.pth
Mon 21 Oct 2024 17:21:43 INFO  epoch 23 training [time: 0.18s, train loss: 10.4901]
Mon 21 Oct 2024 17:21:43 INFO  epoch 23 evaluating [time: 0.02s, valid_score: 0.781000]
Mon 21 Oct 2024 17:21:43 INFO  valid result: 
auc : 0.781    logloss : 0.5587
Mon 21 Oct 2024 17:21:43 INFO  Saving current: saved/FM-Oct-21-2024_17-21-38.pth
Mon 21 Oct 2024 17:21:44 INFO  epoch 24 training [time: 0.19s, train loss: 10.4541]
Mon 21 Oct 2024 17:21:44 INFO  epoch 24 evaluating [time: 0.02s, valid_score: 0.781000]
Mon 21 Oct 2024 17:21:44 INFO  valid result: 
auc : 0.781    logloss : 0.5588
Mon 21 Oct 2024 17:21:44 INFO  Saving current: saved/FM-Oct-21-2024_17-21-38.pth
Mon 21 Oct 2024 17:21:44 INFO  epoch 25 training [time: 0.18s, train loss: 10.4240]
Mon 21 Oct 2024 17:21:44 INFO  epoch 25 evaluating [time: 0.02s, valid_score: 0.781400]
Mon 21 Oct 2024 17:21:44 INFO  valid result: 
auc : 0.7814    logloss : 0.5585
Mon 21 Oct 2024 17:21:44 INFO  Saving current: saved/FM-Oct-21-2024_17-21-38.pth
Mon 21 Oct 2024 17:21:44 INFO  epoch 26 training [time: 0.18s, train loss: 10.3973]
Mon 21 Oct 2024 17:21:44 INFO  epoch 26 evaluating [time: 0.02s, valid_score: 0.781700]
Mon 21 Oct 2024 17:21:44 INFO  valid result: 
auc : 0.7817    logloss : 0.5583
Mon 21 Oct 2024 17:21:44 INFO  Saving current: saved/FM-Oct-21-2024_17-21-38.pth
Mon 21 Oct 2024 17:21:44 INFO  epoch 27 training [time: 0.18s, train loss: 10.3760]
Mon 21 Oct 2024 17:21:44 INFO  epoch 27 evaluating [time: 0.02s, valid_score: 0.782000]
Mon 21 Oct 2024 17:21:44 INFO  valid result: 
auc : 0.782    logloss : 0.5581
Mon 21 Oct 2024 17:21:44 INFO  Saving current: saved/FM-Oct-21-2024_17-21-38.pth
Mon 21 Oct 2024 17:21:44 INFO  epoch 28 training [time: 0.18s, train loss: 10.3508]
Mon 21 Oct 2024 17:21:44 INFO  epoch 28 evaluating [time: 0.02s, valid_score: 0.782200]
Mon 21 Oct 2024 17:21:44 INFO  valid result: 
auc : 0.7822    logloss : 0.5579
Mon 21 Oct 2024 17:21:44 INFO  Saving current: saved/FM-Oct-21-2024_17-21-38.pth
Mon 21 Oct 2024 17:21:45 INFO  epoch 29 training [time: 0.18s, train loss: 10.3228]
Mon 21 Oct 2024 17:21:45 INFO  epoch 29 evaluating [time: 0.02s, valid_score: 0.782400]
Mon 21 Oct 2024 17:21:45 INFO  valid result: 
auc : 0.7824    logloss : 0.5579
Mon 21 Oct 2024 17:21:45 INFO  Saving current: saved/FM-Oct-21-2024_17-21-38.pth
Mon 21 Oct 2024 17:21:45 INFO  epoch 30 training [time: 0.18s, train loss: 10.3035]
Mon 21 Oct 2024 17:21:45 INFO  epoch 30 evaluating [time: 0.04s, valid_score: 0.782700]
Mon 21 Oct 2024 17:21:45 INFO  valid result: 
auc : 0.7827    logloss : 0.5578
Mon 21 Oct 2024 17:21:45 INFO  Saving current: saved/FM-Oct-21-2024_17-21-38.pth
Mon 21 Oct 2024 17:21:45 INFO  epoch 31 training [time: 0.18s, train loss: 10.2722]
Mon 21 Oct 2024 17:21:45 INFO  epoch 31 evaluating [time: 0.02s, valid_score: 0.783000]
Mon 21 Oct 2024 17:21:45 INFO  valid result: 
auc : 0.783    logloss : 0.5576
Mon 21 Oct 2024 17:21:45 INFO  Saving current: saved/FM-Oct-21-2024_17-21-38.pth
Mon 21 Oct 2024 17:21:45 INFO  epoch 32 training [time: 0.18s, train loss: 10.2536]
Mon 21 Oct 2024 17:21:45 INFO  epoch 32 evaluating [time: 0.02s, valid_score: 0.783100]
Mon 21 Oct 2024 17:21:45 INFO  valid result: 
auc : 0.7831    logloss : 0.5576
Mon 21 Oct 2024 17:21:45 INFO  Saving current: saved/FM-Oct-21-2024_17-21-38.pth
Mon 21 Oct 2024 17:21:46 INFO  epoch 33 training [time: 0.18s, train loss: 10.2300]
Mon 21 Oct 2024 17:21:46 INFO  epoch 33 evaluating [time: 0.02s, valid_score: 0.783400]
Mon 21 Oct 2024 17:21:46 INFO  valid result: 
auc : 0.7834    logloss : 0.5574
Mon 21 Oct 2024 17:21:46 INFO  Saving current: saved/FM-Oct-21-2024_17-21-38.pth
Mon 21 Oct 2024 17:21:46 INFO  epoch 34 training [time: 0.18s, train loss: 10.2035]
Mon 21 Oct 2024 17:21:46 INFO  epoch 34 evaluating [time: 0.02s, valid_score: 0.783500]
Mon 21 Oct 2024 17:21:46 INFO  valid result: 
auc : 0.7835    logloss : 0.5575
Mon 21 Oct 2024 17:21:46 INFO  Saving current: saved/FM-Oct-21-2024_17-21-38.pth
Mon 21 Oct 2024 17:21:46 INFO  epoch 35 training [time: 0.18s, train loss: 10.1827]
Mon 21 Oct 2024 17:21:46 INFO  epoch 35 evaluating [time: 0.02s, valid_score: 0.783700]
Mon 21 Oct 2024 17:21:46 INFO  valid result: 
auc : 0.7837    logloss : 0.5574
Mon 21 Oct 2024 17:21:46 INFO  Saving current: saved/FM-Oct-21-2024_17-21-38.pth
Mon 21 Oct 2024 17:21:46 INFO  epoch 36 training [time: 0.18s, train loss: 10.1568]
Mon 21 Oct 2024 17:21:46 INFO  epoch 36 evaluating [time: 0.02s, valid_score: 0.783800]
Mon 21 Oct 2024 17:21:46 INFO  valid result: 
auc : 0.7838    logloss : 0.5574
Mon 21 Oct 2024 17:21:46 INFO  Saving current: saved/FM-Oct-21-2024_17-21-38.pth
Mon 21 Oct 2024 17:21:46 INFO  epoch 37 training [time: 0.18s, train loss: 10.1348]
Mon 21 Oct 2024 17:21:46 INFO  epoch 37 evaluating [time: 0.02s, valid_score: 0.784100]
Mon 21 Oct 2024 17:21:46 INFO  valid result: 
auc : 0.7841    logloss : 0.5573
Mon 21 Oct 2024 17:21:46 INFO  Saving current: saved/FM-Oct-21-2024_17-21-38.pth
Mon 21 Oct 2024 17:21:47 INFO  epoch 38 training [time: 0.18s, train loss: 10.1084]
Mon 21 Oct 2024 17:21:47 INFO  epoch 38 evaluating [time: 0.02s, valid_score: 0.784200]
Mon 21 Oct 2024 17:21:47 INFO  valid result: 
auc : 0.7842    logloss : 0.5573
Mon 21 Oct 2024 17:21:47 INFO  Saving current: saved/FM-Oct-21-2024_17-21-38.pth
Mon 21 Oct 2024 17:21:47 INFO  epoch 39 training [time: 0.18s, train loss: 10.0901]
Mon 21 Oct 2024 17:21:47 INFO  epoch 39 evaluating [time: 0.02s, valid_score: 0.784200]
Mon 21 Oct 2024 17:21:47 INFO  valid result: 
auc : 0.7842    logloss : 0.5573
Mon 21 Oct 2024 17:21:47 INFO  Saving current: saved/FM-Oct-21-2024_17-21-38.pth
Mon 21 Oct 2024 17:21:47 INFO  epoch 40 training [time: 0.18s, train loss: 10.0636]
Mon 21 Oct 2024 17:21:47 INFO  epoch 40 evaluating [time: 0.02s, valid_score: 0.784600]
Mon 21 Oct 2024 17:21:47 INFO  valid result: 
auc : 0.7846    logloss : 0.5572
Mon 21 Oct 2024 17:21:47 INFO  Saving current: saved/FM-Oct-21-2024_17-21-38.pth
Mon 21 Oct 2024 17:21:47 INFO  epoch 41 training [time: 0.18s, train loss: 10.0381]
Mon 21 Oct 2024 17:21:47 INFO  epoch 41 evaluating [time: 0.02s, valid_score: 0.784600]
Mon 21 Oct 2024 17:21:47 INFO  valid result: 
auc : 0.7846    logloss : 0.5573
Mon 21 Oct 2024 17:21:47 INFO  Saving current: saved/FM-Oct-21-2024_17-21-38.pth
Mon 21 Oct 2024 17:21:47 INFO  epoch 42 training [time: 0.19s, train loss: 10.0189]
Mon 21 Oct 2024 17:21:47 INFO  epoch 42 evaluating [time: 0.02s, valid_score: 0.784800]
Mon 21 Oct 2024 17:21:47 INFO  valid result: 
auc : 0.7848    logloss : 0.5574
Mon 21 Oct 2024 17:21:47 INFO  Saving current: saved/FM-Oct-21-2024_17-21-38.pth
Mon 21 Oct 2024 17:21:48 INFO  epoch 43 training [time: 0.18s, train loss: 9.9956]
Mon 21 Oct 2024 17:21:48 INFO  epoch 43 evaluating [time: 0.02s, valid_score: 0.785000]
Mon 21 Oct 2024 17:21:48 INFO  valid result: 
auc : 0.785    logloss : 0.5572
Mon 21 Oct 2024 17:21:48 INFO  Saving current: saved/FM-Oct-21-2024_17-21-38.pth
Mon 21 Oct 2024 17:21:48 INFO  epoch 44 training [time: 0.18s, train loss: 9.9701]
Mon 21 Oct 2024 17:21:48 INFO  epoch 44 evaluating [time: 0.02s, valid_score: 0.784900]
Mon 21 Oct 2024 17:21:48 INFO  valid result: 
auc : 0.7849    logloss : 0.5574
Mon 21 Oct 2024 17:21:48 INFO  epoch 45 training [time: 0.23s, train loss: 9.9473]
Mon 21 Oct 2024 17:21:48 INFO  epoch 45 evaluating [time: 0.02s, valid_score: 0.785100]
Mon 21 Oct 2024 17:21:48 INFO  valid result: 
auc : 0.7851    logloss : 0.5575
Mon 21 Oct 2024 17:21:48 INFO  Saving current: saved/FM-Oct-21-2024_17-21-38.pth
Mon 21 Oct 2024 17:21:48 INFO  epoch 46 training [time: 0.27s, train loss: 9.9338]
Mon 21 Oct 2024 17:21:48 INFO  epoch 46 evaluating [time: 0.02s, valid_score: 0.785200]
Mon 21 Oct 2024 17:21:48 INFO  valid result: 
auc : 0.7852    logloss : 0.5576
Mon 21 Oct 2024 17:21:48 INFO  Saving current: saved/FM-Oct-21-2024_17-21-38.pth
Mon 21 Oct 2024 17:21:49 INFO  epoch 47 training [time: 0.23s, train loss: 9.9107]
Mon 21 Oct 2024 17:21:49 INFO  epoch 47 evaluating [time: 0.02s, valid_score: 0.785200]
Mon 21 Oct 2024 17:21:49 INFO  valid result: 
auc : 0.7852    logloss : 0.5578
Mon 21 Oct 2024 17:21:49 INFO  Saving current: saved/FM-Oct-21-2024_17-21-38.pth
Mon 21 Oct 2024 17:21:49 INFO  epoch 48 training [time: 0.19s, train loss: 9.8901]
Mon 21 Oct 2024 17:21:49 INFO  epoch 48 evaluating [time: 0.01s, valid_score: 0.785400]
Mon 21 Oct 2024 17:21:49 INFO  valid result: 
auc : 0.7854    logloss : 0.5578
Mon 21 Oct 2024 17:21:49 INFO  Saving current: saved/FM-Oct-21-2024_17-21-38.pth
Mon 21 Oct 2024 17:21:49 INFO  epoch 49 training [time: 0.20s, train loss: 9.8612]
Mon 21 Oct 2024 17:21:49 INFO  epoch 49 evaluating [time: 0.02s, valid_score: 0.785400]
Mon 21 Oct 2024 17:21:49 INFO  valid result: 
auc : 0.7854    logloss : 0.5578
Mon 21 Oct 2024 17:21:49 INFO  Saving current: saved/FM-Oct-21-2024_17-21-38.pth
Mon 21 Oct 2024 17:21:49 INFO  epoch 50 training [time: 0.19s, train loss: 9.8409]
Mon 21 Oct 2024 17:21:49 INFO  epoch 50 evaluating [time: 0.02s, valid_score: 0.785700]
Mon 21 Oct 2024 17:21:49 INFO  valid result: 
auc : 0.7857    logloss : 0.5578
Mon 21 Oct 2024 17:21:49 INFO  Saving current: saved/FM-Oct-21-2024_17-21-38.pth
Mon 21 Oct 2024 17:21:49 INFO  epoch 51 training [time: 0.24s, train loss: 9.8231]
Mon 21 Oct 2024 17:21:49 INFO  epoch 51 evaluating [time: 0.02s, valid_score: 0.785700]
Mon 21 Oct 2024 17:21:49 INFO  valid result: 
auc : 0.7857    logloss : 0.5579
Mon 21 Oct 2024 17:21:49 INFO  Saving current: saved/FM-Oct-21-2024_17-21-38.pth
Mon 21 Oct 2024 17:21:50 INFO  epoch 52 training [time: 0.19s, train loss: 9.8017]
Mon 21 Oct 2024 17:21:50 INFO  epoch 52 evaluating [time: 0.02s, valid_score: 0.785800]
Mon 21 Oct 2024 17:21:50 INFO  valid result: 
auc : 0.7858    logloss : 0.558
Mon 21 Oct 2024 17:21:50 INFO  Saving current: saved/FM-Oct-21-2024_17-21-38.pth
Mon 21 Oct 2024 17:21:50 INFO  epoch 53 training [time: 0.24s, train loss: 9.7748]
Mon 21 Oct 2024 17:21:50 INFO  epoch 53 evaluating [time: 0.01s, valid_score: 0.785800]
Mon 21 Oct 2024 17:21:50 INFO  valid result: 
auc : 0.7858    logloss : 0.5582
Mon 21 Oct 2024 17:21:50 INFO  Saving current: saved/FM-Oct-21-2024_17-21-38.pth
Mon 21 Oct 2024 17:21:50 INFO  epoch 54 training [time: 0.24s, train loss: 9.7636]
Mon 21 Oct 2024 17:21:50 INFO  epoch 54 evaluating [time: 0.02s, valid_score: 0.786000]
Mon 21 Oct 2024 17:21:50 INFO  valid result: 
auc : 0.786    logloss : 0.5582
Mon 21 Oct 2024 17:21:50 INFO  Saving current: saved/FM-Oct-21-2024_17-21-38.pth
Mon 21 Oct 2024 17:21:50 INFO  epoch 55 training [time: 0.23s, train loss: 9.7353]
Mon 21 Oct 2024 17:21:50 INFO  epoch 55 evaluating [time: 0.02s, valid_score: 0.786000]
Mon 21 Oct 2024 17:21:50 INFO  valid result: 
auc : 0.786    logloss : 0.5584
Mon 21 Oct 2024 17:21:50 INFO  Saving current: saved/FM-Oct-21-2024_17-21-38.pth
Mon 21 Oct 2024 17:21:51 INFO  epoch 56 training [time: 0.19s, train loss: 9.7233]
Mon 21 Oct 2024 17:21:51 INFO  epoch 56 evaluating [time: 0.01s, valid_score: 0.786000]
Mon 21 Oct 2024 17:21:51 INFO  valid result: 
auc : 0.786    logloss : 0.5585
Mon 21 Oct 2024 17:21:51 INFO  Saving current: saved/FM-Oct-21-2024_17-21-38.pth
Mon 21 Oct 2024 17:21:51 INFO  epoch 57 training [time: 0.19s, train loss: 9.7008]
Mon 21 Oct 2024 17:21:51 INFO  epoch 57 evaluating [time: 0.01s, valid_score: 0.786000]
Mon 21 Oct 2024 17:21:51 INFO  valid result: 
auc : 0.786    logloss : 0.5587
Mon 21 Oct 2024 17:21:51 INFO  Saving current: saved/FM-Oct-21-2024_17-21-38.pth
Mon 21 Oct 2024 17:21:51 INFO  epoch 58 training [time: 0.20s, train loss: 9.6718]
Mon 21 Oct 2024 17:21:51 INFO  epoch 58 evaluating [time: 0.01s, valid_score: 0.786100]
Mon 21 Oct 2024 17:21:51 INFO  valid result: 
auc : 0.7861    logloss : 0.5588
Mon 21 Oct 2024 17:21:51 INFO  Saving current: saved/FM-Oct-21-2024_17-21-38.pth
Mon 21 Oct 2024 17:21:51 INFO  epoch 59 training [time: 0.19s, train loss: 9.6616]
Mon 21 Oct 2024 17:21:51 INFO  epoch 59 evaluating [time: 0.02s, valid_score: 0.786100]
Mon 21 Oct 2024 17:21:51 INFO  valid result: 
auc : 0.7861    logloss : 0.559
Mon 21 Oct 2024 17:21:51 INFO  Saving current: saved/FM-Oct-21-2024_17-21-38.pth
Mon 21 Oct 2024 17:21:51 INFO  epoch 60 training [time: 0.18s, train loss: 9.6414]
Mon 21 Oct 2024 17:21:51 INFO  epoch 60 evaluating [time: 0.02s, valid_score: 0.786200]
Mon 21 Oct 2024 17:21:51 INFO  valid result: 
auc : 0.7862    logloss : 0.5591
Mon 21 Oct 2024 17:21:51 INFO  Saving current: saved/FM-Oct-21-2024_17-21-38.pth
Mon 21 Oct 2024 17:21:52 INFO  epoch 61 training [time: 0.19s, train loss: 9.6229]
Mon 21 Oct 2024 17:21:52 INFO  epoch 61 evaluating [time: 0.02s, valid_score: 0.786300]
Mon 21 Oct 2024 17:21:52 INFO  valid result: 
auc : 0.7863    logloss : 0.5592
Mon 21 Oct 2024 17:21:52 INFO  Saving current: saved/FM-Oct-21-2024_17-21-38.pth
Mon 21 Oct 2024 17:21:52 INFO  epoch 62 training [time: 0.18s, train loss: 9.5981]
Mon 21 Oct 2024 17:21:52 INFO  epoch 62 evaluating [time: 0.02s, valid_score: 0.786400]
Mon 21 Oct 2024 17:21:52 INFO  valid result: 
auc : 0.7864    logloss : 0.5594
Mon 21 Oct 2024 17:21:52 INFO  Saving current: saved/FM-Oct-21-2024_17-21-38.pth
Mon 21 Oct 2024 17:21:52 INFO  epoch 63 training [time: 0.18s, train loss: 9.5821]
Mon 21 Oct 2024 17:21:52 INFO  epoch 63 evaluating [time: 0.02s, valid_score: 0.786400]
Mon 21 Oct 2024 17:21:52 INFO  valid result: 
auc : 0.7864    logloss : 0.5595
Mon 21 Oct 2024 17:21:52 INFO  Saving current: saved/FM-Oct-21-2024_17-21-38.pth
Mon 21 Oct 2024 17:21:52 INFO  epoch 64 training [time: 0.19s, train loss: 9.5567]
Mon 21 Oct 2024 17:21:52 INFO  epoch 64 evaluating [time: 0.02s, valid_score: 0.786400]
Mon 21 Oct 2024 17:21:52 INFO  valid result: 
auc : 0.7864    logloss : 0.5598
Mon 21 Oct 2024 17:21:52 INFO  Saving current: saved/FM-Oct-21-2024_17-21-38.pth
Mon 21 Oct 2024 17:21:52 INFO  epoch 65 training [time: 0.18s, train loss: 9.5490]
Mon 21 Oct 2024 17:21:52 INFO  epoch 65 evaluating [time: 0.02s, valid_score: 0.786500]
Mon 21 Oct 2024 17:21:52 INFO  valid result: 
auc : 0.7865    logloss : 0.5599
Mon 21 Oct 2024 17:21:52 INFO  Saving current: saved/FM-Oct-21-2024_17-21-38.pth
Mon 21 Oct 2024 17:21:53 INFO  epoch 66 training [time: 0.18s, train loss: 9.5182]
Mon 21 Oct 2024 17:21:53 INFO  epoch 66 evaluating [time: 0.02s, valid_score: 0.786300]
Mon 21 Oct 2024 17:21:53 INFO  valid result: 
auc : 0.7863    logloss : 0.5602
Mon 21 Oct 2024 17:21:53 INFO  epoch 67 training [time: 0.19s, train loss: 9.5104]
Mon 21 Oct 2024 17:21:53 INFO  epoch 67 evaluating [time: 0.02s, valid_score: 0.786500]
Mon 21 Oct 2024 17:21:53 INFO  valid result: 
auc : 0.7865    logloss : 0.5604
Mon 21 Oct 2024 17:21:53 INFO  Saving current: saved/FM-Oct-21-2024_17-21-38.pth
Mon 21 Oct 2024 17:21:53 INFO  epoch 68 training [time: 0.18s, train loss: 9.4959]
Mon 21 Oct 2024 17:21:53 INFO  epoch 68 evaluating [time: 0.02s, valid_score: 0.786500]
Mon 21 Oct 2024 17:21:53 INFO  valid result: 
auc : 0.7865    logloss : 0.5606
Mon 21 Oct 2024 17:21:53 INFO  Saving current: saved/FM-Oct-21-2024_17-21-38.pth
Mon 21 Oct 2024 17:21:53 INFO  epoch 69 training [time: 0.18s, train loss: 9.4732]
Mon 21 Oct 2024 17:21:53 INFO  epoch 69 evaluating [time: 0.02s, valid_score: 0.786400]
Mon 21 Oct 2024 17:21:53 INFO  valid result: 
auc : 0.7864    logloss : 0.5611
Mon 21 Oct 2024 17:21:54 INFO  epoch 70 training [time: 0.25s, train loss: 9.4590]
Mon 21 Oct 2024 17:21:54 INFO  epoch 70 evaluating [time: 0.02s, valid_score: 0.786500]
Mon 21 Oct 2024 17:21:54 INFO  valid result: 
auc : 0.7865    logloss : 0.5609
Mon 21 Oct 2024 17:21:54 INFO  Saving current: saved/FM-Oct-21-2024_17-21-38.pth
Mon 21 Oct 2024 17:21:54 INFO  epoch 71 training [time: 0.19s, train loss: 9.4426]
Mon 21 Oct 2024 17:21:54 INFO  epoch 71 evaluating [time: 0.01s, valid_score: 0.786400]
Mon 21 Oct 2024 17:21:54 INFO  valid result: 
auc : 0.7864    logloss : 0.5613
Mon 21 Oct 2024 17:21:54 INFO  epoch 72 training [time: 0.25s, train loss: 9.4197]
Mon 21 Oct 2024 17:21:54 INFO  epoch 72 evaluating [time: 0.01s, valid_score: 0.786500]
Mon 21 Oct 2024 17:21:54 INFO  valid result: 
auc : 0.7865    logloss : 0.5615
Mon 21 Oct 2024 17:21:54 INFO  Saving current: saved/FM-Oct-21-2024_17-21-38.pth
Mon 21 Oct 2024 17:21:54 INFO  epoch 73 training [time: 0.20s, train loss: 9.3930]
Mon 21 Oct 2024 17:21:54 INFO  epoch 73 evaluating [time: 0.02s, valid_score: 0.786500]
Mon 21 Oct 2024 17:21:54 INFO  valid result: 
auc : 0.7865    logloss : 0.5616
Mon 21 Oct 2024 17:21:54 INFO  Saving current: saved/FM-Oct-21-2024_17-21-38.pth
Mon 21 Oct 2024 17:21:54 INFO  epoch 74 training [time: 0.21s, train loss: 9.3729]
Mon 21 Oct 2024 17:21:54 INFO  epoch 74 evaluating [time: 0.02s, valid_score: 0.786500]
Mon 21 Oct 2024 17:21:54 INFO  valid result: 
auc : 0.7865    logloss : 0.562
Mon 21 Oct 2024 17:21:54 INFO  Saving current: saved/FM-Oct-21-2024_17-21-38.pth
Mon 21 Oct 2024 17:21:55 INFO  epoch 75 training [time: 0.21s, train loss: 9.3553]
Mon 21 Oct 2024 17:21:55 INFO  epoch 75 evaluating [time: 0.02s, valid_score: 0.786400]
Mon 21 Oct 2024 17:21:55 INFO  valid result: 
auc : 0.7864    logloss : 0.5623
Mon 21 Oct 2024 17:21:55 INFO  epoch 76 training [time: 0.20s, train loss: 9.3438]
Mon 21 Oct 2024 17:21:55 INFO  epoch 76 evaluating [time: 0.01s, valid_score: 0.786400]
Mon 21 Oct 2024 17:21:55 INFO  valid result: 
auc : 0.7864    logloss : 0.5626
Mon 21 Oct 2024 17:21:55 INFO  epoch 77 training [time: 0.24s, train loss: 9.3259]
Mon 21 Oct 2024 17:21:55 INFO  epoch 77 evaluating [time: 0.02s, valid_score: 0.786400]
Mon 21 Oct 2024 17:21:55 INFO  valid result: 
auc : 0.7864    logloss : 0.5628
Mon 21 Oct 2024 17:21:55 INFO  epoch 78 training [time: 0.23s, train loss: 9.3078]
Mon 21 Oct 2024 17:21:55 INFO  epoch 78 evaluating [time: 0.02s, valid_score: 0.786500]
Mon 21 Oct 2024 17:21:55 INFO  valid result: 
auc : 0.7865    logloss : 0.563
Mon 21 Oct 2024 17:21:55 INFO  Saving current: saved/FM-Oct-21-2024_17-21-38.pth
Mon 21 Oct 2024 17:21:56 INFO  epoch 79 training [time: 0.22s, train loss: 9.2930]
Mon 21 Oct 2024 17:21:56 INFO  epoch 79 evaluating [time: 0.01s, valid_score: 0.786400]
Mon 21 Oct 2024 17:21:56 INFO  valid result: 
auc : 0.7864    logloss : 0.5633
Mon 21 Oct 2024 17:21:56 INFO  epoch 80 training [time: 0.18s, train loss: 9.2782]
Mon 21 Oct 2024 17:21:56 INFO  epoch 80 evaluating [time: 0.01s, valid_score: 0.786500]
Mon 21 Oct 2024 17:21:56 INFO  valid result: 
auc : 0.7865    logloss : 0.5634
Mon 21 Oct 2024 17:21:56 INFO  Saving current: saved/FM-Oct-21-2024_17-21-38.pth
Mon 21 Oct 2024 17:21:56 INFO  epoch 81 training [time: 0.18s, train loss: 9.2623]
Mon 21 Oct 2024 17:21:56 INFO  epoch 81 evaluating [time: 0.01s, valid_score: 0.786400]
Mon 21 Oct 2024 17:21:56 INFO  valid result: 
auc : 0.7864    logloss : 0.5638
Mon 21 Oct 2024 17:21:56 INFO  epoch 82 training [time: 0.18s, train loss: 9.2423]
Mon 21 Oct 2024 17:21:56 INFO  epoch 82 evaluating [time: 0.01s, valid_score: 0.786300]
Mon 21 Oct 2024 17:21:56 INFO  valid result: 
auc : 0.7863    logloss : 0.564
Mon 21 Oct 2024 17:21:56 INFO  epoch 83 training [time: 0.18s, train loss: 9.2163]
Mon 21 Oct 2024 17:21:56 INFO  epoch 83 evaluating [time: 0.01s, valid_score: 0.786500]
Mon 21 Oct 2024 17:21:56 INFO  valid result: 
auc : 0.7865    logloss : 0.5641
Mon 21 Oct 2024 17:21:56 INFO  Saving current: saved/FM-Oct-21-2024_17-21-38.pth
Mon 21 Oct 2024 17:21:57 INFO  epoch 84 training [time: 0.18s, train loss: 9.2088]
Mon 21 Oct 2024 17:21:57 INFO  epoch 84 evaluating [time: 0.02s, valid_score: 0.786300]
Mon 21 Oct 2024 17:21:57 INFO  valid result: 
auc : 0.7863    logloss : 0.5645
Mon 21 Oct 2024 17:21:57 INFO  epoch 85 training [time: 0.18s, train loss: 9.1923]
Mon 21 Oct 2024 17:21:57 INFO  epoch 85 evaluating [time: 0.02s, valid_score: 0.786400]
Mon 21 Oct 2024 17:21:57 INFO  valid result: 
auc : 0.7864    logloss : 0.5648
Mon 21 Oct 2024 17:21:57 INFO  epoch 86 training [time: 0.18s, train loss: 9.1787]
Mon 21 Oct 2024 17:21:57 INFO  epoch 86 evaluating [time: 0.02s, valid_score: 0.786100]
Mon 21 Oct 2024 17:21:57 INFO  valid result: 
auc : 0.7861    logloss : 0.5652
Mon 21 Oct 2024 17:21:57 INFO  epoch 87 training [time: 0.18s, train loss: 9.1596]
Mon 21 Oct 2024 17:21:57 INFO  epoch 87 evaluating [time: 0.02s, valid_score: 0.786100]
Mon 21 Oct 2024 17:21:57 INFO  valid result: 
auc : 0.7861    logloss : 0.5655
Mon 21 Oct 2024 17:21:57 INFO  epoch 88 training [time: 0.18s, train loss: 9.1432]
Mon 21 Oct 2024 17:21:57 INFO  epoch 88 evaluating [time: 0.01s, valid_score: 0.786200]
Mon 21 Oct 2024 17:21:57 INFO  valid result: 
auc : 0.7862    logloss : 0.5657
Mon 21 Oct 2024 17:21:58 INFO  epoch 89 training [time: 0.18s, train loss: 9.1251]
Mon 21 Oct 2024 17:21:58 INFO  epoch 89 evaluating [time: 0.02s, valid_score: 0.786100]
Mon 21 Oct 2024 17:21:58 INFO  valid result: 
auc : 0.7861    logloss : 0.5661
Mon 21 Oct 2024 17:21:58 INFO  epoch 90 training [time: 0.18s, train loss: 9.1088]
Mon 21 Oct 2024 17:21:58 INFO  epoch 90 evaluating [time: 0.02s, valid_score: 0.786100]
Mon 21 Oct 2024 17:21:58 INFO  valid result: 
auc : 0.7861    logloss : 0.5664
Mon 21 Oct 2024 17:21:58 INFO  epoch 91 training [time: 0.18s, train loss: 9.0896]
Mon 21 Oct 2024 17:21:58 INFO  epoch 91 evaluating [time: 0.01s, valid_score: 0.786100]
Mon 21 Oct 2024 17:21:58 INFO  valid result: 
auc : 0.7861    logloss : 0.5666
Mon 21 Oct 2024 17:21:58 INFO  epoch 92 training [time: 0.18s, train loss: 9.0731]
Mon 21 Oct 2024 17:21:58 INFO  epoch 92 evaluating [time: 0.02s, valid_score: 0.786000]
Mon 21 Oct 2024 17:21:58 INFO  valid result: 
auc : 0.786    logloss : 0.567
Mon 21 Oct 2024 17:21:58 INFO  epoch 93 training [time: 0.18s, train loss: 9.0649]
Mon 21 Oct 2024 17:21:58 INFO  epoch 93 evaluating [time: 0.01s, valid_score: 0.786100]
Mon 21 Oct 2024 17:21:58 INFO  valid result: 
auc : 0.7861    logloss : 0.5671
Mon 21 Oct 2024 17:21:59 INFO  epoch 94 training [time: 0.18s, train loss: 9.0455]
Mon 21 Oct 2024 17:21:59 INFO  epoch 94 evaluating [time: 0.01s, valid_score: 0.786000]
Mon 21 Oct 2024 17:21:59 INFO  valid result: 
auc : 0.786    logloss : 0.5676
Mon 21 Oct 2024 17:21:59 INFO  Finished training, best eval result in epoch 83
Mon 21 Oct 2024 17:21:59 INFO  Loading model structure and parameters from saved/FM-Oct-21-2024_17-21-38.pth
Mon 21 Oct 2024 17:22:00 INFO  The running environment of this training is as follows:
+-------------+----------------+
| Environment |     Usage      |
+=============+================+
| CPU         |    19.40 %     |
+-------------+----------------+
| GPU         |   0.0 / 0.0    |
+-------------+----------------+
| Memory      | 0.41 G/16.00 G |
+-------------+----------------+
Mon 21 Oct 2024 17:22:00 INFO  best valid : OrderedDict([('auc', 0.7865), ('logloss', 0.5641)])
Mon 21 Oct 2024 17:22:00 INFO  test result: OrderedDict([('auc', 0.7839), ('logloss', 0.5677)])
